<?xml version="1.0" encoding="UTF-8"?>
<coverage generated="1587641135720" clover="3.2.0">
  <project timestamp="1587641135720" name="All files">
    <metrics statements="821" coveredstatements="749" conditionals="387" coveredconditionals="311" methods="150" coveredmethods="128" elements="1358" coveredelements="1188" complexity="0" loc="821" ncloc="821" packages="7" files="43" classes="43"/>
    <package name="src">
      <metrics statements="59" coveredstatements="58" conditionals="8" coveredconditionals="6" methods="7" coveredmethods="7"/>
      <file name="index.ts" path="/home/wangfan/projects/ts-gear/src/index.ts">
        <metrics statements="3" coveredstatements="3" conditionals="0" coveredconditionals="0" methods="0" coveredmethods="0"/>
        <line num="1" count="1" type="stmt"/>
        <line num="2" count="1" type="stmt"/>
        <line num="3" count="1" type="stmt"/>
      </file>
      <file name="projectGlobalVariable.ts" path="/home/wangfan/projects/ts-gear/src/projectGlobalVariable.ts">
        <metrics statements="12" coveredstatements="12" conditionals="2" coveredconditionals="2" methods="2" coveredmethods="2"/>
        <line num="2" count="10" type="stmt"/>
        <line num="4" count="10" type="stmt"/>
        <line num="6" count="10" type="stmt"/>
        <line num="7" count="35" type="cond" truecount="2" falsecount="0"/>
        <line num="8" count="10" type="stmt"/>
        <line num="14" count="35" type="stmt"/>
        <line num="17" count="10" type="stmt"/>
        <line num="18" count="9" type="stmt"/>
        <line num="19" count="9" type="stmt"/>
        <line num="20" count="9" type="stmt"/>
        <line num="21" count="9" type="stmt"/>
        <line num="24" count="10" type="stmt"/>
      </file>
      <file name="run.ts" path="/home/wangfan/projects/ts-gear/src/run.ts">
        <metrics statements="20" coveredstatements="19" conditionals="6" coveredconditionals="4" methods="2" coveredmethods="2"/>
        <line num="1" count="2" type="stmt"/>
        <line num="2" count="2" type="stmt"/>
        <line num="5" count="2" type="stmt"/>
        <line num="6" count="2" type="stmt"/>
        <line num="7" count="2" type="stmt"/>
        <line num="9" count="2" type="cond" truecount="1" falsecount="1"/>
        <line num="10" count="0" type="stmt"/>
        <line num="12" count="2" type="cond" truecount="2" falsecount="0"/>
        <line num="13" count="2" type="stmt"/>
        <line num="14" count="2" type="stmt"/>
        <line num="15" count="2" type="cond" truecount="1" falsecount="1"/>
        <line num="16" count="2" type="stmt"/>
        <line num="18" count="2" type="stmt"/>
        <line num="19" count="2" type="stmt"/>
        <line num="20" count="2" type="stmt"/>
        <line num="21" count="2" type="stmt"/>
        <line num="23" count="2" type="stmt"/>
        <line num="31" count="2" type="stmt"/>
        <line num="32" count="1" type="stmt"/>
        <line num="33" count="1" type="stmt"/>
      </file>
      <file name="source.ts" path="/home/wangfan/projects/ts-gear/src/source.ts">
        <metrics statements="24" coveredstatements="24" conditionals="0" coveredconditionals="0" methods="3" coveredmethods="3"/>
        <line num="1" count="11" type="stmt"/>
        <line num="9" count="11" type="stmt"/>
        <line num="16" count="11" type="stmt"/>
        <line num="19" count="11" type="stmt"/>
        <line num="22" count="11" type="stmt"/>
        <line num="23" count="4" type="stmt"/>
        <line num="24" count="4" type="stmt"/>
        <line num="25" count="4" type="stmt"/>
        <line num="26" count="4" type="stmt"/>
        <line num="27" count="4" type="stmt"/>
        <line num="28" count="4" type="stmt"/>
        <line num="29" count="4" type="stmt"/>
        <line num="30" count="4" type="stmt"/>
        <line num="34" count="11" type="stmt"/>
        <line num="35" count="130" type="stmt"/>
        <line num="36" count="130" type="stmt"/>
        <line num="37" count="130" type="stmt"/>
        <line num="38" count="130" type="stmt"/>
        <line num="42" count="11" type="stmt"/>
        <line num="43" count="130" type="stmt"/>
        <line num="44" count="130" type="stmt"/>
        <line num="45" count="130" type="stmt"/>
        <line num="46" count="130" type="stmt"/>
        <line num="47" count="130" type="stmt"/>
      </file>
    </package>
    <package name="src.content">
      <metrics statements="11" coveredstatements="11" conditionals="0" coveredconditionals="0" methods="1" coveredmethods="1"/>
      <file name="initConfig.ts" path="/home/wangfan/projects/ts-gear/src/content/initConfig.ts">
        <metrics statements="1" coveredstatements="1" conditionals="0" coveredconditionals="0" methods="0" coveredmethods="0"/>
        <line num="1" count="10" type="stmt"/>
      </file>
      <file name="projectIndex.ts" path="/home/wangfan/projects/ts-gear/src/content/projectIndex.ts">
        <metrics statements="2" coveredstatements="2" conditionals="0" coveredconditionals="0" methods="0" coveredmethods="0"/>
        <line num="1" count="9" type="stmt"/>
        <line num="4" count="9" type="stmt"/>
      </file>
      <file name="propertyOfHelper.ts" path="/home/wangfan/projects/ts-gear/src/content/propertyOfHelper.ts">
        <metrics statements="1" coveredstatements="1" conditionals="0" coveredconditionals="0" methods="0" coveredmethods="0"/>
        <line num="2" count="9" type="stmt"/>
      </file>
      <file name="requester.ts" path="/home/wangfan/projects/ts-gear/src/content/requester.ts">
        <metrics statements="5" coveredstatements="5" conditionals="0" coveredconditionals="0" methods="1" coveredmethods="1"/>
        <line num="1" count="9" type="stmt"/>
        <line num="2" count="9" type="stmt"/>
        <line num="8" count="9" type="stmt"/>
        <line num="9" count="2" type="stmt"/>
        <line num="10" count="2" type="stmt"/>
      </file>
      <file name="warningComment.ts" path="/home/wangfan/projects/ts-gear/src/content/warningComment.ts">
        <metrics statements="2" coveredstatements="2" conditionals="0" coveredconditionals="0" methods="0" coveredmethods="0"/>
        <line num="1" count="9" type="stmt"/>
        <line num="3" count="9" type="stmt"/>
      </file>
    </package>
    <package name="src.requester">
      <metrics statements="83" coveredstatements="83" conditionals="34" coveredconditionals="34" methods="16" coveredmethods="16"/>
      <file name="axios.ts" path="/home/wangfan/projects/ts-gear/src/requester/axios.ts">
        <metrics statements="33" coveredstatements="33" conditionals="14" coveredconditionals="14" methods="8" coveredmethods="8"/>
        <line num="2" count="2" type="stmt"/>
        <line num="3" count="2" type="stmt"/>
        <line num="4" count="2" type="stmt"/>
        <line num="10" count="2" type="stmt"/>
        <line num="11" count="8" type="cond" truecount="2" falsecount="0"/>
        <line num="12" count="7" type="cond" truecount="2" falsecount="0"/>
        <line num="13" count="4" type="stmt"/>
        <line num="14" count="6" type="stmt"/>
        <line num="16" count="4" type="stmt"/>
        <line num="19" count="7" type="stmt"/>
        <line num="24" count="1" type="stmt"/>
        <line num="25" count="1" type="stmt"/>
        <line num="30" count="2" type="stmt"/>
        <line num="31" count="8" type="stmt"/>
        <line num="32" count="8" type="stmt"/>
        <line num="36" count="1" type="stmt"/>
        <line num="38" count="7" type="cond" truecount="2" falsecount="0"/>
        <line num="39" count="7" type="stmt"/>
        <line num="42" count="7" type="cond" truecount="2" falsecount="0"/>
        <line num="43" count="2" type="stmt"/>
        <line num="45" count="7" type="cond" truecount="2" falsecount="0"/>
        <line num="46" count="1" type="stmt"/>
        <line num="48" count="7" type="cond" truecount="2" falsecount="0"/>
        <line num="49" count="1" type="stmt"/>
        <line num="51" count="1" type="stmt"/>
        <line num="52" count="1" type="stmt"/>
        <line num="54" count="1" type="stmt"/>
        <line num="56" count="7" type="stmt"/>
        <line num="59" count="2" type="stmt"/>
        <line num="60" count="8" type="stmt"/>
        <line num="61" count="8" type="stmt"/>
        <line num="62" count="8" type="stmt"/>
        <line num="63" count="7" type="stmt"/>
      </file>
      <file name="fetch.ts" path="/home/wangfan/projects/ts-gear/src/requester/fetch.ts">
        <metrics statements="50" coveredstatements="50" conditionals="20" coveredconditionals="20" methods="8" coveredmethods="8"/>
        <line num="2" count="2" type="stmt"/>
        <line num="4" count="2" type="stmt"/>
        <line num="5" count="2" type="stmt"/>
        <line num="9" count="2" type="stmt"/>
        <line num="15" count="2" type="stmt"/>
        <line num="16" count="12" type="cond" truecount="2" falsecount="0"/>
        <line num="17" count="3" type="stmt"/>
        <line num="18" count="5" type="stmt"/>
        <line num="20" count="3" type="stmt"/>
        <line num="22" count="11" type="cond" truecount="2" falsecount="0"/>
        <line num="23" count="1" type="stmt"/>
        <line num="25" count="1" type="stmt"/>
        <line num="26" count="1" type="stmt"/>
        <line num="34" count="11" type="stmt"/>
        <line num="39" count="2" type="stmt"/>
        <line num="40" count="2" type="stmt"/>
        <line num="49" count="2" type="stmt"/>
        <line num="55" count="12" type="stmt"/>
        <line num="56" count="12" type="stmt"/>
        <line num="57" count="12" type="stmt"/>
        <line num="61" count="1" type="stmt"/>
        <line num="63" count="11" type="stmt"/>
        <line num="68" count="11" type="cond" truecount="2" falsecount="0"/>
        <line num="69" count="2" type="stmt"/>
        <line num="71" count="11" type="cond" truecount="2" falsecount="0"/>
        <line num="72" count="2" type="stmt"/>
        <line num="75" count="2" type="cond" truecount="2" falsecount="0"/>
        <line num="76" count="1" type="stmt"/>
        <line num="80" count="1" type="stmt"/>
        <line num="81" count="1" type="stmt"/>
        <line num="83" count="1" type="stmt"/>
        <line num="88" count="11" type="cond" truecount="2" falsecount="0"/>
        <line num="89" count="1" type="stmt"/>
        <line num="91" count="1" type="stmt"/>
        <line num="92" count="1" type="stmt"/>
        <line num="94" count="1" type="stmt"/>
        <line num="96" count="11" type="stmt"/>
        <line num="102" count="2" type="stmt"/>
        <line num="103" count="11" type="cond" truecount="2" falsecount="0"/>
        <line num="104" count="1" type="stmt"/>
        <line num="109" count="10" type="stmt"/>
        <line num="110" count="10" type="cond" truecount="2" falsecount="0"/>
        <line num="111" count="9" type="cond" truecount="2" falsecount="0"/>
        <line num="112" count="7" type="stmt"/>
        <line num="115" count="2" type="cond" truecount="2" falsecount="0"/>
        <line num="116" count="1" type="stmt"/>
        <line num="120" count="2" type="stmt"/>
        <line num="124" count="12" type="stmt"/>
        <line num="125" count="12" type="stmt"/>
        <line num="126" count="11" type="stmt"/>
      </file>
    </package>
    <package name="src.step">
      <metrics statements="268" coveredstatements="227" conditionals="112" coveredconditionals="73" methods="55" coveredmethods="45"/>
      <file name="assembleSchemaToGlobal.ts" path="/home/wangfan/projects/ts-gear/src/step/assembleSchemaToGlobal.ts">
        <metrics statements="14" coveredstatements="14" conditionals="4" coveredconditionals="4" methods="4" coveredmethods="4"/>
        <line num="1" count="9" type="stmt"/>
        <line num="4" count="9" type="stmt"/>
        <line num="6" count="9" type="stmt"/>
        <line num="7" count="9" type="stmt"/>
        <line num="13" count="9" type="stmt"/>
        <line num="14" count="10" type="stmt"/>
        <line num="15" count="10" type="stmt"/>
        <line num="16" count="10" type="stmt"/>
        <line num="17" count="61" type="stmt"/>
        <line num="22" count="10" type="stmt"/>
        <line num="23" count="78" type="stmt"/>
        <line num="24" count="546" type="stmt"/>
        <line num="25" count="546" type="cond" truecount="4" falsecount="0"/>
        <line num="26" count="103" type="stmt"/>
      </file>
      <file name="cleanRefAndDefinitionName.ts" path="/home/wangfan/projects/ts-gear/src/step/cleanRefAndDefinitionName.ts">
        <metrics statements="14" coveredstatements="14" conditionals="6" coveredconditionals="6" methods="3" coveredmethods="3"/>
        <line num="3" count="10" type="stmt"/>
        <line num="4" count="10" type="stmt"/>
        <line num="5" count="10" type="stmt"/>
        <line num="10" count="10" type="stmt"/>
        <line num="11" count="7" type="stmt"/>
        <line num="12" count="7" type="stmt"/>
        <line num="13" count="39" type="stmt"/>
        <line num="14" count="39" type="cond" truecount="2" falsecount="0"/>
        <line num="15" count="2" type="stmt"/>
        <line num="16" count="2" type="stmt"/>
        <line num="17" count="2" type="stmt"/>
        <line num="20" count="7" type="stmt"/>
        <line num="21" count="4392" type="cond" truecount="4" falsecount="0"/>
        <line num="22" count="105" type="stmt"/>
      </file>
      <file name="colletRefsInRequestAndPatchDefinition.ts" path="/home/wangfan/projects/ts-gear/src/step/colletRefsInRequestAndPatchDefinition.ts">
        <metrics statements="23" coveredstatements="23" conditionals="6" coveredconditionals="6" methods="7" coveredmethods="7"/>
        <line num="1" count="9" type="stmt"/>
        <line num="2" count="9" type="stmt"/>
        <line num="4" count="9" type="stmt"/>
        <line num="10" count="9" type="stmt"/>
        <line num="11" count="4" type="stmt"/>
        <line num="12" count="4" type="stmt"/>
        <line num="14" count="4" type="stmt"/>
        <line num="15" count="31" type="stmt"/>
        <line num="16" count="31" type="cond" truecount="2" falsecount="0"/>
        <line num="17" count="25" type="stmt"/>
        <line num="18" count="13" type="cond" truecount="2" falsecount="0"/>
        <line num="19" count="6" type="stmt"/>
        <line num="23" count="6" type="stmt"/>
        <line num="26" count="7" type="stmt"/>
        <line num="32" count="4" type="stmt"/>
        <line num="33" count="24" type="stmt"/>
        <line num="34" count="24" type="stmt"/>
        <line num="35" count="20" type="cond" truecount="2" falsecount="0"/>
        <line num="36" count="4" type="stmt"/>
        <line num="40" count="5" type="stmt"/>
        <line num="41" count="5" type="stmt"/>
        <line num="44" count="16" type="stmt"/>
        <line num="45" count="16" type="stmt"/>
      </file>
      <file name="fetchSwagger.ts" path="/home/wangfan/projects/ts-gear/src/step/fetchSwagger.ts">
        <metrics statements="19" coveredstatements="19" conditionals="4" coveredconditionals="4" methods="1" coveredmethods="1"/>
        <line num="1" count="9" type="stmt"/>
        <line num="3" count="9" type="stmt"/>
        <line num="5" count="9" type="stmt"/>
        <line num="14" count="9" type="stmt"/>
        <line num="15" count="5" type="stmt"/>
        <line num="16" count="5" type="cond" truecount="2" falsecount="0"/>
        <line num="17" count="1" type="stmt"/>
        <line num="18" count="1" type="stmt"/>
        <line num="19" count="1" type="stmt"/>
        <line num="20" count="1" type="stmt"/>
        <line num="21" count="1" type="stmt"/>
        <line num="22" count="1" type="stmt"/>
        <line num="24" count="4" type="stmt"/>
        <line num="25" count="4" type="stmt"/>
        <line num="27" count="4" type="cond" truecount="2" falsecount="0"/>
        <line num="28" count="1" type="stmt"/>
        <line num="29" count="1" type="stmt"/>
        <line num="30" count="1" type="stmt"/>
        <line num="33" count="3" type="stmt"/>
      </file>
      <file name="generateDefinitionContent.ts" path="/home/wangfan/projects/ts-gear/src/step/generateDefinitionContent.ts">
        <metrics statements="31" coveredstatements="28" conditionals="26" coveredconditionals="18" methods="4" coveredmethods="4"/>
        <line num="1" count="9" type="stmt"/>
        <line num="10" count="9" type="stmt"/>
        <line num="11" count="9" type="stmt"/>
        <line num="13" count="9" type="stmt"/>
        <line num="14" count="9" type="stmt"/>
        <line num="17" count="9" type="stmt"/>
        <line num="18" count="2" type="stmt"/>
        <line num="19" count="2" type="stmt"/>
        <line num="20" count="15" type="cond" truecount="4" falsecount="0"/>
        <line num="21" count="6" type="stmt"/>
        <line num="23" count="9" type="stmt"/>
        <line num="24" count="9" type="stmt"/>
        <line num="25" count="9" type="stmt"/>
        <line num="26" count="9" type="cond" truecount="1" falsecount="1"/>
        <line num="27" count="9" type="cond" truecount="2" falsecount="0"/>
        <line num="28" count="8" type="stmt"/>
        <line num="29" count="8" type="stmt"/>
        <line num="33" count="2" type="cond" truecount="2" falsecount="0"/>
        <line num="40" count="8" type="cond" truecount="1" falsecount="1"/>
        <line num="41" count="8" type="stmt"/>
        <line num="42" count="38" type="stmt"/>
        <line num="43" count="38" type="stmt"/>
        <line num="52" count="38" type="cond" truecount="4" falsecount="0"/>
        <line num="53" count="1" type="stmt"/>
        <line num="55" count="38" type="stmt"/>
        <line num="58" count="1" type="cond" truecount="1" falsecount="1"/>
        <line num="59" count="0" type="stmt"/>
        <line num="61" count="0" type="stmt"/>
        <line num="74" count="1" type="stmt"/>
        <line num="82" count="0" type="stmt"/>
        <line num="89" count="9" type="stmt"/>
      </file>
      <file name="importAllDefinition.ts" path="/home/wangfan/projects/ts-gear/src/step/importAllDefinition.ts">
        <metrics statements="9" coveredstatements="9" conditionals="0" coveredconditionals="0" methods="3" coveredmethods="3"/>
        <line num="1" count="9" type="stmt"/>
        <line num="4" count="9" type="stmt"/>
        <line num="5" count="2" type="stmt"/>
        <line num="6" count="2" type="stmt"/>
        <line num="7" count="2" type="stmt"/>
        <line num="8" count="6" type="stmt"/>
        <line num="12" count="6" type="stmt"/>
        <line num="15" count="2" type="stmt"/>
        <line num="16" count="2" type="stmt"/>
      </file>
      <file name="index.ts" path="/home/wangfan/projects/ts-gear/src/step/index.ts">
        <metrics statements="11" coveredstatements="11" conditionals="0" coveredconditionals="0" methods="0" coveredmethods="0"/>
        <line num="1" count="9" type="stmt"/>
        <line num="2" count="9" type="stmt"/>
        <line num="3" count="9" type="stmt"/>
        <line num="4" count="9" type="stmt"/>
        <line num="5" count="9" type="stmt"/>
        <line num="6" count="9" type="stmt"/>
        <line num="7" count="9" type="stmt"/>
        <line num="8" count="9" type="stmt"/>
        <line num="9" count="9" type="stmt"/>
        <line num="10" count="9" type="stmt"/>
        <line num="11" count="9" type="stmt"/>
      </file>
      <file name="parseGenericType.ts" path="/home/wangfan/projects/ts-gear/src/step/parseGenericType.ts">
        <metrics statements="70" coveredstatements="69" conditionals="38" coveredconditionals="33" methods="19" coveredmethods="19"/>
        <line num="1" count="9" type="stmt"/>
        <line num="2" count="9" type="stmt"/>
        <line num="3" count="9" type="stmt"/>
        <line num="11" count="9" type="stmt"/>
        <line num="17" count="9" type="stmt"/>
        <line num="18" count="5" type="stmt"/>
        <line num="23" count="5" type="stmt"/>
        <line num="24" count="5" type="stmt"/>
        <line num="25" count="29" type="stmt"/>
        <line num="26" count="29" type="cond" truecount="2" falsecount="0"/>
        <line num="27" count="6" type="cond" truecount="1" falsecount="1"/>
        <line num="28" count="6" type="stmt"/>
        <line num="29" count="6" type="cond" truecount="1" falsecount="1"/>
        <line num="30" count="0" type="stmt"/>
        <line num="32" count="6" type="stmt"/>
        <line num="33" count="6" type="stmt"/>
        <line num="34" count="6" type="stmt"/>
        <line num="35" count="8" type="stmt"/>
        <line num="38" count="6" type="stmt"/>
        <line num="39" count="6" type="cond" truecount="2" falsecount="0"/>
        <line num="40" count="3" type="stmt"/>
        <line num="41" count="3" type="stmt"/>
        <line num="42" count="72" type="cond" truecount="4" falsecount="0"/>
        <line num="43" count="3" type="stmt"/>
        <line num="46" count="3" type="stmt"/>
        <line num="52" count="3" type="stmt"/>
        <line num="57" count="3" type="stmt"/>
        <line num="59" count="3" type="stmt"/>
        <line num="64" count="3" type="stmt"/>
        <line num="65" count="3" type="cond" truecount="1" falsecount="1"/>
        <line num="66" count="3" type="stmt"/>
        <line num="67" count="3" type="stmt"/>
        <line num="68" count="5" type="stmt"/>
        <line num="73" count="3" type="stmt"/>
        <line num="78" count="5" type="cond" truecount="2" falsecount="0"/>
        <line num="82" count="1" type="stmt"/>
        <line num="83" count="3" type="stmt"/>
        <line num="84" count="3" type="stmt"/>
        <line num="85" count="32" type="cond" truecount="4" falsecount="0"/>
        <line num="86" count="4" type="cond" truecount="2" falsecount="0"/>
        <line num="87" count="2" type="stmt"/>
        <line num="88" count="3" type="cond" truecount="1" falsecount="1"/>
        <line num="89" count="2" type="stmt"/>
        <line num="90" count="2" type="stmt"/>
        <line num="91" count="2" type="stmt"/>
        <line num="95" count="3" type="cond" truecount="2" falsecount="0"/>
        <line num="96" count="2" type="stmt"/>
        <line num="101" count="2" type="stmt"/>
        <line num="109" count="9" type="stmt"/>
        <line num="110" count="5" type="stmt"/>
        <line num="111" count="5" type="stmt"/>
        <line num="112" count="25" type="stmt"/>
        <line num="113" count="643" type="cond" truecount="4" falsecount="0"/>
        <line num="114" count="22" type="cond" truecount="2" falsecount="0"/>
        <line num="115" count="18" type="stmt"/>
        <line num="116" count="4" type="cond" truecount="2" falsecount="0"/>
        <line num="117" count="2" type="stmt"/>
        <line num="118" count="2" type="stmt"/>
        <line num="119" count="4" type="stmt"/>
        <line num="121" count="2" type="cond" truecount="1" falsecount="1"/>
        <line num="122" count="2" type="stmt"/>
        <line num="123" count="2" type="stmt"/>
        <line num="124" count="2" type="stmt"/>
        <line num="128" count="4" type="cond" truecount="2" falsecount="0"/>
        <line num="129" count="2" type="stmt"/>
        <line num="134" count="2" type="stmt"/>
        <line num="141" count="9" type="stmt"/>
        <line num="142" count="4" type="stmt"/>
        <line num="144" count="4" type="stmt"/>
        <line num="146" count="4" type="stmt"/>
      </file>
      <file name="prepareProjectDirectory.ts" path="/home/wangfan/projects/ts-gear/src/step/prepareProjectDirectory.ts">
        <metrics statements="7" coveredstatements="6" conditionals="2" coveredconditionals="1" methods="1" coveredmethods="1"/>
        <line num="1" count="9" type="stmt"/>
        <line num="2" count="9" type="stmt"/>
        <line num="6" count="9" type="stmt"/>
        <line num="7" count="2" type="stmt"/>
        <line num="8" count="2" type="stmt"/>
        <line num="9" count="2" type="cond" truecount="1" falsecount="1"/>
        <line num="10" count="0" type="stmt"/>
      </file>
      <file name="translateSchema.ts" path="/home/wangfan/projects/ts-gear/src/step/translateSchema.ts">
        <metrics statements="44" coveredstatements="9" conditionals="24" coveredconditionals="0" methods="10" coveredmethods="0"/>
        <line num="2" count="9" type="stmt"/>
        <line num="4" count="9" type="stmt"/>
        <line num="6" count="9" type="stmt"/>
        <line num="8" count="9" type="stmt"/>
        <line num="11" count="9" type="stmt"/>
        <line num="12" count="0" type="stmt"/>
        <line num="14" count="0" type="stmt"/>
        <line num="15" count="0" type="stmt"/>
        <line num="16" count="0" type="cond" truecount="0" falsecount="2"/>
        <line num="17" count="0" type="stmt"/>
        <line num="21" count="0" type="stmt"/>
        <line num="22" count="0" type="cond" truecount="0" falsecount="4"/>
        <line num="23" count="0" type="cond" truecount="0" falsecount="2"/>
        <line num="25" count="0" type="stmt"/>
        <line num="29" count="0" type="stmt"/>
        <line num="34" count="9" type="stmt"/>
        <line num="44" count="9" type="stmt"/>
        <line num="45" count="0" type="stmt"/>
        <line num="47" count="0" type="cond" truecount="0" falsecount="2"/>
        <line num="48" count="0" type="stmt"/>
        <line num="50" count="0" type="stmt"/>
        <line num="52" count="0" type="cond" truecount="0" falsecount="2"/>
        <line num="53" count="0" type="stmt"/>
        <line num="54" count="0" type="stmt"/>
        <line num="56" count="0" type="stmt"/>
        <line num="60" count="0" type="stmt"/>
        <line num="64" count="9" type="stmt"/>
        <line num="65" count="0" type="stmt"/>
        <line num="66" count="0" type="stmt"/>
        <line num="67" count="0" type="cond" truecount="0" falsecount="2"/>
        <line num="68" count="0" type="stmt"/>
        <line num="69" count="0" type="stmt"/>
        <line num="73" count="0" type="stmt"/>
        <line num="74" count="0" type="cond" truecount="0" falsecount="4"/>
        <line num="75" count="0" type="stmt"/>
        <line num="76" count="0" type="cond" truecount="0" falsecount="2"/>
        <line num="77" count="0" type="stmt"/>
        <line num="78" count="0" type="cond" truecount="0" falsecount="4"/>
        <line num="79" count="0" type="stmt"/>
        <line num="81" count="0" type="stmt"/>
        <line num="92" count="9" type="stmt"/>
        <line num="93" count="0" type="stmt"/>
        <line num="94" count="0" type="stmt"/>
        <line num="95" count="0" type="stmt"/>
      </file>
      <file name="writeProject.ts" path="/home/wangfan/projects/ts-gear/src/step/writeProject.ts">
        <metrics statements="26" coveredstatements="25" conditionals="2" coveredconditionals="1" methods="3" coveredmethods="3"/>
        <line num="1" count="9" type="stmt"/>
        <line num="2" count="9" type="stmt"/>
        <line num="4" count="9" type="stmt"/>
        <line num="5" count="9" type="stmt"/>
        <line num="7" count="9" type="stmt"/>
        <line num="8" count="9" type="stmt"/>
        <line num="9" count="9" type="stmt"/>
        <line num="10" count="9" type="stmt"/>
        <line num="12" count="9" type="stmt"/>
        <line num="16" count="9" type="stmt"/>
        <line num="17" count="2" type="stmt"/>
        <line num="18" count="2" type="stmt"/>
        <line num="19" count="2" type="stmt"/>
        <line num="21" count="2" type="stmt"/>
        <line num="22" count="2" type="stmt"/>
        <line num="25" count="15" type="stmt"/>
        <line num="26" count="15" type="cond" truecount="1" falsecount="1"/>
        <line num="27" count="0" type="stmt"/>
        <line num="29" count="15" type="stmt"/>
        <line num="30" count="15" type="stmt"/>
        <line num="33" count="2" type="stmt"/>
        <line num="35" count="2" type="stmt"/>
        <line num="37" count="20" type="stmt"/>
        <line num="40" count="2" type="stmt"/>
        <line num="41" count="2" type="stmt"/>
        <line num="53" count="2" type="stmt"/>
      </file>
    </package>
    <package name="src.step.generateRequestContent">
      <metrics statements="186" coveredstatements="156" conditionals="112" coveredconditionals="79" methods="31" coveredmethods="19"/>
      <file name="assembleRequestParam.ts" path="/home/wangfan/projects/ts-gear/src/step/generateRequestContent/assembleRequestParam.ts">
        <metrics statements="15" coveredstatements="14" conditionals="16" coveredconditionals="15" methods="2" coveredmethods="2"/>
        <line num="4" count="9" type="stmt"/>
        <line num="5" count="9" type="stmt"/>
        <line num="14" count="9" type="stmt"/>
        <line num="15" count="37" type="stmt"/>
        <line num="17" count="51" type="cond" truecount="1" falsecount="1"/>
        <line num="18" count="0" type="stmt"/>
        <line num="20" count="51" type="cond" truecount="2" falsecount="0"/>
        <line num="21" count="6" type="stmt"/>
        <line num="23" count="6" type="cond" truecount="4" falsecount="0"/>
        <line num="24" count="2" type="stmt"/>
        <line num="26" count="6" type="stmt"/>
        <line num="27" count="45" type="cond" truecount="4" falsecount="0"/>
        <line num="29" count="17" type="stmt"/>
        <line num="37" count="28" type="stmt"/>
        <line num="47" count="51" type="stmt"/>
      </file>
      <file name="generateMockData.ts" path="/home/wangfan/projects/ts-gear/src/step/generateRequestContent/generateMockData.ts">
        <metrics statements="91" coveredstatements="67" conditionals="66" coveredconditionals="45" methods="23" coveredmethods="11"/>
        <line num="5" count="9" type="stmt"/>
        <line num="13" count="9" type="stmt"/>
        <line num="14" count="5" type="cond" truecount="2" falsecount="4"/>
        <line num="15" count="5" type="stmt"/>
        <line num="18" count="0" type="stmt"/>
        <line num="20" count="0" type="stmt"/>
        <line num="21" count="0" type="cond" truecount="0" falsecount="4"/>
        <line num="22" count="0" type="stmt"/>
        <line num="23" count="0" type="stmt"/>
        <line num="25" count="0" type="stmt"/>
        <line num="28" count="0" type="stmt"/>
        <line num="32" count="469" type="cond" truecount="2" falsecount="0"/>
        <line num="33" count="467" type="stmt"/>
        <line num="37" count="9" type="stmt"/>
        <line num="38" count="33" type="stmt"/>
        <line num="39" count="0" type="stmt"/>
        <line num="40" count="4" type="stmt"/>
        <line num="41" count="0" type="stmt"/>
        <line num="42" count="0" type="stmt"/>
        <line num="43" count="0" type="stmt"/>
        <line num="44" count="0" type="stmt"/>
        <line num="45" count="0" type="stmt"/>
        <line num="46" count="0" type="stmt"/>
        <line num="47" count="0" type="stmt"/>
        <line num="48" count="35" type="stmt"/>
        <line num="49" count="4" type="cond" truecount="1" falsecount="1"/>
        <line num="55" count="9" type="stmt"/>
        <line num="56" count="76" type="stmt"/>
        <line num="57" count="76" type="stmt"/>
        <line num="58" count="76" type="stmt"/>
        <line num="60" count="76" type="cond" truecount="2" falsecount="0"/>
        <line num="62" count="76" type="cond" truecount="1" falsecount="1"/>
        <line num="64" count="0" type="stmt"/>
        <line num="70" count="9" type="stmt"/>
        <line num="72" count="9" type="stmt"/>
        <line num="73" count="188" type="cond" truecount="2" falsecount="0"/>
        <line num="74" count="5" type="stmt"/>
        <line num="76" count="183" type="stmt"/>
        <line num="77" count="183" type="stmt"/>
        <line num="78" count="183" type="stmt"/>
        <line num="80" count="183" type="cond" truecount="2" falsecount="0"/>
        <line num="81" count="5" type="stmt"/>
        <line num="84" count="0" type="cond" truecount="0" falsecount="2"/>
        <line num="86" count="5" type="stmt"/>
        <line num="89" count="178" type="cond" truecount="2" falsecount="0"/>
        <line num="90" count="55" type="cond" truecount="1" falsecount="1"/>
        <line num="91" count="0" type="stmt"/>
        <line num="92" count="55" type="cond" truecount="1" falsecount="1"/>
        <line num="93" count="0" type="stmt"/>
        <line num="94" count="55" type="cond" truecount="2" falsecount="0"/>
        <line num="95" count="29" type="cond" truecount="2" falsecount="0"/>
        <line num="96" count="29" type="cond" truecount="2" falsecount="0"/>
        <line num="97" count="28" type="stmt"/>
        <line num="99" count="1" type="stmt"/>
        <line num="100" count="26" type="cond" truecount="2" falsecount="0"/>
        <line num="101" count="18" type="stmt"/>
        <line num="103" count="8" type="stmt"/>
        <line num="107" count="123" type="cond" truecount="2" falsecount="0"/>
        <line num="108" count="25" type="stmt"/>
        <line num="109" count="25" type="stmt"/>
        <line num="110" count="25" type="stmt"/>
        <line num="111" count="101" type="cond" truecount="3" falsecount="1"/>
        <line num="112" count="101" type="stmt"/>
        <line num="116" count="25" type="cond" truecount="1" falsecount="1"/>
        <line num="117" count="0" type="stmt"/>
        <line num="118" count="25" type="cond" truecount="2" falsecount="0"/>
        <line num="119" count="2" type="stmt"/>
        <line num="120" count="2" type="stmt"/>
        <line num="122" count="2" type="stmt"/>
        <line num="123" count="6" type="stmt"/>
        <line num="126" count="25" type="stmt"/>
        <line num="129" count="98" type="cond" truecount="2" falsecount="0"/>
        <line num="130" count="13" type="cond" truecount="1" falsecount="1"/>
        <line num="131" count="0" type="stmt"/>
        <line num="134" count="13" type="cond" truecount="1" falsecount="1"/>
        <line num="135" count="0" type="stmt"/>
        <line num="138" count="13" type="stmt"/>
        <line num="141" count="85" type="cond" truecount="2" falsecount="0"/>
        <line num="142" count="9" type="cond" truecount="1" falsecount="1"/>
        <line num="143" count="0" type="stmt"/>
        <line num="145" count="9" type="stmt"/>
        <line num="148" count="76" type="cond" truecount="1" falsecount="1"/>
        <line num="149" count="0" type="stmt"/>
        <line num="152" count="76" type="stmt"/>
        <line num="155" count="9" type="stmt"/>
        <line num="156" count="40" type="stmt"/>
        <line num="157" count="40" type="cond" truecount="1" falsecount="1"/>
        <line num="158" count="52" type="cond" truecount="2" falsecount="0"/>
        <line num="159" count="40" type="cond" truecount="2" falsecount="0"/>
        <line num="160" count="26" type="stmt"/>
        <line num="163" count="14" type="stmt"/>
      </file>
      <file name="generateParameterType.ts" path="/home/wangfan/projects/ts-gear/src/step/generateRequestContent/generateParameterType.ts">
        <metrics statements="13" coveredstatements="13" conditionals="0" coveredconditionals="0" methods="2" coveredmethods="2"/>
        <line num="2" count="9" type="stmt"/>
        <line num="5" count="9" type="stmt"/>
        <line num="6" count="9" type="stmt"/>
        <line num="8" count="9" type="stmt"/>
        <line num="14" count="9" type="stmt"/>
        <line num="15" count="37" type="stmt"/>
        <line num="16" count="37" type="stmt"/>
        <line num="17" count="37" type="stmt"/>
        <line num="22" count="37" type="stmt"/>
        <line num="23" count="37" type="stmt"/>
        <line num="24" count="45" type="stmt"/>
        <line num="25" count="45" type="stmt"/>
        <line num="32" count="37" type="stmt"/>
      </file>
      <file name="generateResponseType.ts" path="/home/wangfan/projects/ts-gear/src/step/generateRequestContent/generateResponseType.ts">
        <metrics statements="22" coveredstatements="22" conditionals="8" coveredconditionals="7" methods="2" coveredmethods="2"/>
        <line num="1" count="9" type="stmt"/>
        <line num="4" count="9" type="stmt"/>
        <line num="5" count="9" type="stmt"/>
        <line num="6" count="9" type="stmt"/>
        <line num="13" count="9" type="stmt"/>
        <line num="17" count="42" type="stmt"/>
        <line num="20" count="42" type="stmt"/>
        <line num="21" count="42" type="stmt"/>
        <line num="22" count="42" type="stmt"/>
        <line num="23" count="42" type="stmt"/>
        <line num="24" count="42" type="cond" truecount="1" falsecount="1"/>
        <line num="25" count="42" type="stmt"/>
        <line num="26" count="42" type="stmt"/>
        <line num="30" count="42" type="stmt"/>
        <line num="31" count="78" type="stmt"/>
        <line num="37" count="42" type="stmt"/>
        <line num="38" count="42" type="stmt"/>
        <line num="39" count="42" type="cond" truecount="4" falsecount="0"/>
        <line num="40" count="26" type="cond" truecount="2" falsecount="0"/>
        <line num="41" count="8" type="stmt"/>
        <line num="43" count="18" type="stmt"/>
        <line num="47" count="42" type="stmt"/>
      </file>
      <file name="index.ts" path="/home/wangfan/projects/ts-gear/src/step/generateRequestContent/index.ts">
        <metrics statements="45" coveredstatements="40" conditionals="22" coveredconditionals="12" methods="2" coveredmethods="2"/>
        <line num="1" count="9" type="stmt"/>
        <line num="7" count="9" type="stmt"/>
        <line num="8" count="9" type="stmt"/>
        <line num="9" count="9" type="stmt"/>
        <line num="10" count="9" type="stmt"/>
        <line num="12" count="9" type="stmt"/>
        <line num="13" count="9" type="stmt"/>
        <line num="14" count="9" type="stmt"/>
        <line num="16" count="9" type="stmt"/>
        <line num="19" count="9" type="stmt"/>
        <line num="20" count="3" type="stmt"/>
        <line num="21" count="3" type="stmt"/>
        <line num="23" count="3" type="stmt"/>
        <line num="24" count="3" type="stmt"/>
        <line num="25" count="39" type="stmt"/>
        <line num="26" count="39" type="stmt"/>
        <line num="27" count="39" type="stmt"/>
        <line num="28" count="39" type="cond" truecount="1" falsecount="1"/>
        <line num="29" count="0" type="cond" truecount="0" falsecount="2"/>
        <line num="30" count="0" type="cond" truecount="0" falsecount="2"/>
        <line num="31" count="0" type="stmt"/>
        <line num="33" count="0" type="cond" truecount="0" falsecount="2"/>
        <line num="34" count="0" type="stmt"/>
        <line num="38" count="39" type="stmt"/>
        <line num="39" count="39" type="cond" truecount="4" falsecount="0"/>
        <line num="40" count="35" type="stmt"/>
        <line num="41" count="35" type="stmt"/>
        <line num="42" count="35" type="stmt"/>
        <line num="44" count="39" type="stmt"/>
        <line num="45" count="39" type="stmt"/>
        <line num="46" count="39" type="stmt"/>
        <line num="47" count="39" type="cond" truecount="1" falsecount="1"/>
        <line num="48" count="39" type="stmt"/>
        <line num="49" count="39" type="cond" truecount="1" falsecount="1"/>
        <line num="52" count="39" type="stmt"/>
        <line num="53" count="39" type="stmt"/>
        <line num="57" count="39" type="stmt"/>
        <line num="64" count="39" type="stmt"/>
        <line num="65" count="39" type="cond" truecount="2" falsecount="0"/>
        <line num="66" count="35" type="stmt"/>
        <line num="71" count="39" type="stmt"/>
        <line num="72" count="39" type="stmt"/>
        <line num="74" count="39" type="stmt"/>
        <line num="75" count="39" type="stmt"/>
        <line num="79" count="3" type="stmt"/>
      </file>
    </package>
    <package name="src.step.getUserConfig">
      <metrics statements="39" coveredstatements="39" conditionals="14" coveredconditionals="13" methods="5" coveredmethods="5"/>
      <file name="cliOption.ts" path="/home/wangfan/projects/ts-gear/src/step/getUserConfig/cliOption.ts">
        <metrics statements="11" coveredstatements="11" conditionals="2" coveredconditionals="2" methods="2" coveredmethods="2"/>
        <line num="1" count="11" type="stmt"/>
        <line num="6" count="8" type="stmt"/>
        <line num="17" count="11" type="stmt"/>
        <line num="18" count="13" type="stmt"/>
        <line num="29" count="13" type="stmt"/>
        <line num="33" count="13" type="stmt"/>
        <line num="34" count="13" type="cond" truecount="2" falsecount="0"/>
        <line num="35" count="3" type="stmt"/>
        <line num="39" count="13" type="stmt"/>
        <line num="40" count="13" type="stmt"/>
        <line num="41" count="13" type="stmt"/>
      </file>
      <file name="index.ts" path="/home/wangfan/projects/ts-gear/src/step/getUserConfig/index.ts">
        <metrics statements="28" coveredstatements="28" conditionals="12" coveredconditionals="11" methods="3" coveredmethods="3"/>
        <line num="1" count="10" type="stmt"/>
        <line num="2" count="10" type="stmt"/>
        <line num="4" count="10" type="stmt"/>
        <line num="7" count="10" type="stmt"/>
        <line num="8" count="10" type="stmt"/>
        <line num="10" count="10" type="stmt"/>
        <line num="16" count="10" type="stmt"/>
        <line num="17" count="9" type="stmt"/>
        <line num="18" count="9" type="stmt"/>
        <line num="19" count="9" type="cond" truecount="2" falsecount="0"/>
        <line num="20" count="4" type="stmt"/>
        <line num="21" count="4" type="cond" truecount="2" falsecount="0"/>
        <line num="22" count="2" type="stmt"/>
        <line num="28" count="2" type="cond" truecount="2" falsecount="0"/>
        <line num="29" count="1" type="stmt"/>
        <line num="32" count="2" type="stmt"/>
        <line num="34" count="4" type="stmt"/>
        <line num="36" count="5" type="stmt"/>
        <line num="38" count="5" type="stmt"/>
        <line num="40" count="5" type="cond" truecount="1" falsecount="1"/>
        <line num="41" count="5" type="stmt"/>
        <line num="42" count="5" type="cond" truecount="2" falsecount="0"/>
        <line num="43" count="2" type="stmt"/>
        <line num="44" count="5" type="stmt"/>
        <line num="46" count="2" type="cond" truecount="2" falsecount="0"/>
        <line num="47" count="1" type="stmt"/>
        <line num="49" count="2" type="stmt"/>
        <line num="51" count="3" type="stmt"/>
      </file>
    </package>
    <package name="src.tool">
      <metrics statements="175" coveredstatements="175" conditionals="107" coveredconditionals="106" methods="35" coveredmethods="35"/>
      <file name="assembleDoc.ts" path="/home/wangfan/projects/ts-gear/src/tool/assembleDoc.ts">
        <metrics statements="21" coveredstatements="21" conditionals="18" coveredconditionals="18" methods="2" coveredmethods="2"/>
        <line num="1" count="10" type="stmt"/>
        <line num="6" count="10" type="stmt"/>
        <line num="7" count="250" type="stmt"/>
        <line num="8" count="250" type="cond" truecount="2" falsecount="0"/>
        <line num="9" count="204" type="stmt"/>
        <line num="11" count="250" type="cond" truecount="2" falsecount="0"/>
        <line num="12" count="39" type="stmt"/>
        <line num="14" count="250" type="cond" truecount="2" falsecount="0"/>
        <line num="15" count="40" type="stmt"/>
        <line num="17" count="250" type="cond" truecount="4" falsecount="0"/>
        <line num="18" count="39" type="stmt"/>
        <line num="20" count="250" type="cond" truecount="2" falsecount="0"/>
        <line num="21" count="1" type="stmt"/>
        <line num="23" count="250" type="cond" truecount="2" falsecount="0"/>
        <line num="24" count="39" type="stmt"/>
        <line num="26" count="250" type="cond" truecount="2" falsecount="0"/>
        <line num="27" count="8" type="stmt"/>
        <line num="29" count="250" type="cond" truecount="2" falsecount="0"/>
        <line num="30" count="35" type="stmt"/>
        <line num="32" count="215" type="stmt"/>
        <line num="36" count="348" type="stmt"/>
      </file>
      <file name="camelCase.ts" path="/home/wangfan/projects/ts-gear/src/tool/camelCase.ts">
        <metrics statements="7" coveredstatements="7" conditionals="2" coveredconditionals="2" methods="2" coveredmethods="2"/>
        <line num="1" count="10" type="stmt"/>
        <line num="8" count="10" type="stmt"/>
        <line num="9" count="108" type="stmt"/>
        <line num="10" count="108" type="cond" truecount="2" falsecount="0"/>
        <line num="11" count="106" type="stmt"/>
        <line num="13" count="427" type="stmt"/>
        <line num="16" count="2" type="stmt"/>
      </file>
      <file name="cleanName.ts" path="/home/wangfan/projects/ts-gear/src/tool/cleanName.ts">
        <metrics statements="13" coveredstatements="13" conditionals="15" coveredconditionals="15" methods="2" coveredmethods="2"/>
        <line num="11" count="11" type="stmt"/>
        <line num="12" count="152" type="stmt"/>
        <line num="14" count="832" type="cond" truecount="5" falsecount="0"/>
        <line num="15" count="166" type="stmt"/>
        <line num="17" count="666" type="cond" truecount="2" falsecount="0"/>
        <line num="18" count="12" type="stmt"/>
        <line num="20" count="654" type="cond" truecount="2" falsecount="0"/>
        <line num="22" count="455" type="stmt"/>
        <line num="25" count="8" type="stmt"/>
        <line num="28" count="8" type="stmt"/>
        <line num="31" count="638" type="cond" truecount="2" falsecount="0"/>
        <line num="32" count="8" type="stmt"/>
        <line num="34" count="630" type="stmt"/>
      </file>
      <file name="clearObject.ts" path="/home/wangfan/projects/ts-gear/src/tool/clearObject.ts">
        <metrics statements="3" coveredstatements="3" conditionals="0" coveredconditionals="0" methods="2" coveredmethods="2"/>
        <line num="1" count="10" type="stmt"/>
        <line num="2" count="18" type="stmt"/>
        <line num="3" count="162" type="stmt"/>
      </file>
      <file name="genericType.ts" path="/home/wangfan/projects/ts-gear/src/tool/genericType.ts">
        <metrics statements="42" coveredstatements="42" conditionals="16" coveredconditionals="16" methods="7" coveredmethods="7"/>
        <line num="5" count="10" type="stmt"/>
        <line num="6" count="39" type="stmt"/>
        <line num="9" count="19" type="stmt"/>
        <line num="12" count="10" type="stmt"/>
        <line num="13" count="16" type="stmt"/>
        <line num="14" count="16" type="stmt"/>
        <line num="15" count="16" type="stmt"/>
        <line num="16" count="16" type="stmt"/>
        <line num="17" count="16" type="stmt"/>
        <line num="18" count="261" type="stmt"/>
        <line num="19" count="261" type="cond" truecount="2" falsecount="0"/>
        <line num="20" count="28" type="stmt"/>
        <line num="21" count="28" type="stmt"/>
        <line num="22" count="28" type="stmt"/>
        <line num="23" count="28" type="cond" truecount="2" falsecount="0"/>
        <line num="24" count="28" type="stmt"/>
        <line num="25" count="28" type="stmt"/>
        <line num="26" count="28" type="stmt"/>
        <line num="27" count="233" type="cond" truecount="2" falsecount="0"/>
        <line num="28" count="28" type="stmt"/>
        <line num="29" count="28" type="cond" truecount="2" falsecount="0"/>
        <line num="30" count="17" type="stmt"/>
        <line num="31" count="17" type="stmt"/>
        <line num="33" count="28" type="stmt"/>
        <line num="34" count="205" type="cond" truecount="2" falsecount="0"/>
        <line num="35" count="4" type="stmt"/>
        <line num="36" count="4" type="stmt"/>
        <line num="37" count="4" type="stmt"/>
        <line num="39" count="201" type="stmt"/>
        <line num="42" count="16" type="stmt"/>
        <line num="48" count="10" type="stmt"/>
        <line num="49" count="42" type="stmt"/>
        <line num="50" count="42" type="cond" truecount="2" falsecount="0"/>
        <line num="51" count="21" type="stmt"/>
        <line num="53" count="23" type="stmt"/>
        <line num="60" count="10" type="stmt"/>
        <line num="61" count="12" type="stmt"/>
        <line num="62" count="12" type="cond" truecount="2" falsecount="0"/>
        <line num="63" count="5" type="stmt"/>
        <line num="65" count="7" type="cond" truecount="2" falsecount="0"/>
        <line num="66" count="1" type="stmt"/>
        <line num="68" count="6" type="stmt"/>
      </file>
      <file name="getDefinition.ts" path="/home/wangfan/projects/ts-gear/src/tool/getDefinition.ts">
        <metrics statements="2" coveredstatements="2" conditionals="0" coveredconditionals="0" methods="1" coveredmethods="1"/>
        <line num="6" count="10" type="stmt"/>
        <line num="7" count="17" type="stmt"/>
      </file>
      <file name="isReference.ts" path="/home/wangfan/projects/ts-gear/src/tool/isReference.ts">
        <metrics statements="2" coveredstatements="2" conditionals="0" coveredconditionals="0" methods="1" coveredmethods="1"/>
        <line num="3" count="9" type="stmt"/>
        <line num="4" count="51" type="stmt"/>
      </file>
      <file name="log.ts" path="/home/wangfan/projects/ts-gear/src/tool/log.ts">
        <metrics statements="8" coveredstatements="8" conditionals="0" coveredconditionals="0" methods="3" coveredmethods="3"/>
        <line num="2" count="10" type="stmt"/>
        <line num="4" count="10" type="stmt"/>
        <line num="7" count="10" type="stmt"/>
        <line num="8" count="2" type="stmt"/>
        <line num="12" count="10" type="stmt"/>
        <line num="13" count="1" type="stmt"/>
        <line num="17" count="10" type="stmt"/>
        <line num="18" count="1" type="stmt"/>
      </file>
      <file name="patchGlobalDefinitionMap.ts" path="/home/wangfan/projects/ts-gear/src/tool/patchGlobalDefinitionMap.ts">
        <metrics statements="3" coveredstatements="3" conditionals="3" coveredconditionals="3" methods="1" coveredmethods="1"/>
        <line num="3" count="9" type="cond" truecount="1" falsecount="0"/>
        <line num="4" count="47" type="cond" truecount="2" falsecount="0"/>
        <line num="5" count="16" type="stmt"/>
      </file>
      <file name="prettierWrite.ts" path="/home/wangfan/projects/ts-gear/src/tool/prettierWrite.ts">
        <metrics statements="5" coveredstatements="5" conditionals="0" coveredconditionals="0" methods="1" coveredmethods="1"/>
        <line num="1" count="9" type="stmt"/>
        <line num="3" count="9" type="stmt"/>
        <line num="8" count="9" type="stmt"/>
        <line num="9" count="6" type="stmt"/>
        <line num="10" count="6" type="stmt"/>
      </file>
      <file name="schemaToTypescript.ts" path="/home/wangfan/projects/ts-gear/src/tool/schemaToTypescript.ts">
        <metrics statements="43" coveredstatements="43" conditionals="38" coveredconditionals="38" methods="6" coveredmethods="6"/>
        <line num="4" count="10" type="stmt"/>
        <line num="7" count="10" type="stmt"/>
        <line num="9" count="10" type="stmt"/>
        <line num="13" count="270" type="stmt"/>
        <line num="16" count="10" type="stmt"/>
        <line num="17" count="41" type="stmt"/>
        <line num="18" count="41" type="cond" truecount="2" falsecount="0"/>
        <line num="22" count="10" type="stmt"/>
        <line num="23" count="270" type="cond" truecount="2" falsecount="0"/>
        <line num="24" count="35" type="stmt"/>
        <line num="26" count="235" type="stmt"/>
        <line num="27" count="235" type="cond" truecount="2" falsecount="0"/>
        <line num="28" count="5" type="stmt"/>
        <line num="30" count="230" type="cond" truecount="2" falsecount="0"/>
        <line num="31" count="2" type="stmt"/>
        <line num="33" count="229" type="cond" truecount="2" falsecount="0"/>
        <line num="34" count="41" type="stmt"/>
        <line num="36" count="188" type="stmt"/>
        <line num="38" count="39" type="stmt"/>
        <line num="40" count="2" type="stmt"/>
        <line num="42" count="3" type="stmt"/>
        <line num="45" count="31" type="stmt"/>
        <line num="47" count="15" type="cond" truecount="2" falsecount="0"/>
        <line num="48" count="2" type="stmt"/>
        <line num="50" count="14" type="cond" truecount="2" falsecount="0"/>
        <line num="51" count="1" type="stmt"/>
        <line num="53" count="13" type="stmt"/>
        <line num="56" count="36" type="cond" truecount="4" falsecount="0"/>
        <line num="57" count="2" type="stmt"/>
        <line num="59" count="34" type="stmt"/>
        <line num="60" count="34" type="cond" truecount="2" falsecount="0"/>
        <line num="61" count="29" type="stmt"/>
        <line num="62" count="35" type="cond" truecount="4" falsecount="0"/>
        <line num="63" count="35" type="stmt"/>
        <line num="66" count="34" type="cond" truecount="2" falsecount="0"/>
        <line num="67" count="28" type="stmt"/>
        <line num="69" count="6" type="stmt"/>
        <line num="70" count="6" type="stmt"/>
        <line num="73" count="6" type="cond" truecount="2" falsecount="0"/>
        <line num="74" count="1" type="stmt"/>
        <line num="76" count="5" type="stmt"/>
        <line num="79" count="62" type="stmt"/>
        <line num="83" count="10" type="stmt"/>
      </file>
      <file name="transformSwaggerPathToRouterPath.ts" path="/home/wangfan/projects/ts-gear/src/tool/transformSwaggerPathToRouterPath.ts">
        <metrics statements="8" coveredstatements="8" conditionals="4" coveredconditionals="4" methods="2" coveredmethods="2"/>
        <line num="2" count="10" type="stmt"/>
        <line num="3" count="42" type="cond" truecount="2" falsecount="0"/>
        <line num="4" count="21" type="stmt"/>
        <line num="7" count="70" type="stmt"/>
        <line num="8" count="70" type="cond" truecount="2" falsecount="0"/>
        <line num="9" count="22" type="stmt"/>
        <line num="11" count="48" type="stmt"/>
        <line num="15" count="21" type="stmt"/>
      </file>
      <file name="translate.ts" path="/home/wangfan/projects/ts-gear/src/tool/translate.ts">
        <metrics statements="7" coveredstatements="7" conditionals="0" coveredconditionals="0" methods="1" coveredmethods="1"/>
        <line num="1" count="10" type="stmt"/>
        <line num="5" count="10" type="stmt"/>
        <line num="13" count="10" type="stmt"/>
        <line num="14" count="3" type="stmt"/>
        <line num="15" count="3" type="stmt"/>
        <line num="20" count="2" type="stmt"/>
        <line num="22" count="1" type="stmt"/>
      </file>
      <file name="traverseSchema.ts" path="/home/wangfan/projects/ts-gear/src/tool/traverseSchema.ts">
        <metrics statements="11" coveredstatements="11" conditionals="11" coveredconditionals="10" methods="4" coveredmethods="4"/>
        <line num="1" count="11" type="stmt"/>
        <line num="11" count="11" type="stmt"/>
        <line num="12" count="96" type="stmt"/>
        <line num="14" count="7301" type="cond" truecount="5" falsecount="0"/>
        <line num="15" count="362" type="stmt"/>
        <line num="17" count="6939" type="stmt"/>
        <line num="23" count="6939" type="stmt"/>
        <line num="28" count="11" type="stmt"/>
        <line num="29" count="55" type="stmt"/>
        <line num="30" count="1110" type="cond" truecount="4" falsecount="0"/>
        <line num="31" count="41" type="stmt"/>
      </file>
    </package>
  </project>
</coverage>
