{"total": {"lines":{"total":881,"covered":734,"skipped":0,"pct":83.31},"statements":{"total":908,"covered":757,"skipped":0,"pct":83.37},"functions":{"total":162,"covered":123,"skipped":0,"pct":75.93},"branches":{"total":411,"covered":303,"skipped":0,"pct":73.72}}
,"/home/wangfan/projects/ts-gear/src/constant.ts": {"lines":{"total":2,"covered":2,"skipped":0,"pct":100},"functions":{"total":0,"covered":0,"skipped":0,"pct":100},"statements":{"total":2,"covered":2,"skipped":0,"pct":100},"branches":{"total":0,"covered":0,"skipped":0,"pct":100}}
,"/home/wangfan/projects/ts-gear/src/index.ts": {"lines":{"total":4,"covered":4,"skipped":0,"pct":100},"functions":{"total":0,"covered":0,"skipped":0,"pct":100},"statements":{"total":7,"covered":7,"skipped":0,"pct":100},"branches":{"total":0,"covered":0,"skipped":0,"pct":100}}
,"/home/wangfan/projects/ts-gear/src/interface.ts": {"lines":{"total":2,"covered":2,"skipped":0,"pct":100},"functions":{"total":0,"covered":0,"skipped":0,"pct":100},"statements":{"total":2,"covered":2,"skipped":0,"pct":100},"branches":{"total":0,"covered":0,"skipped":0,"pct":100}}
,"/home/wangfan/projects/ts-gear/src/projectGlobalVariable.ts": {"lines":{"total":13,"covered":13,"skipped":0,"pct":100},"functions":{"total":2,"covered":2,"skipped":0,"pct":100},"statements":{"total":13,"covered":13,"skipped":0,"pct":100},"branches":{"total":2,"covered":2,"skipped":0,"pct":100}}
,"/home/wangfan/projects/ts-gear/src/run.ts": {"lines":{"total":20,"covered":5,"skipped":0,"pct":25},"functions":{"total":2,"covered":1,"skipped":0,"pct":50},"statements":{"total":20,"covered":5,"skipped":0,"pct":25},"branches":{"total":6,"covered":0,"skipped":0,"pct":0}}
,"/home/wangfan/projects/ts-gear/src/source.ts": {"lines":{"total":24,"covered":24,"skipped":0,"pct":100},"functions":{"total":3,"covered":3,"skipped":0,"pct":100},"statements":{"total":24,"covered":24,"skipped":0,"pct":100},"branches":{"total":0,"covered":0,"skipped":0,"pct":100}}
,"/home/wangfan/projects/ts-gear/src/content/initConfig.ts": {"lines":{"total":1,"covered":1,"skipped":0,"pct":100},"functions":{"total":0,"covered":0,"skipped":0,"pct":100},"statements":{"total":1,"covered":1,"skipped":0,"pct":100},"branches":{"total":0,"covered":0,"skipped":0,"pct":100}}
,"/home/wangfan/projects/ts-gear/src/content/projectIndex.ts": {"lines":{"total":2,"covered":2,"skipped":0,"pct":100},"functions":{"total":0,"covered":0,"skipped":0,"pct":100},"statements":{"total":2,"covered":2,"skipped":0,"pct":100},"branches":{"total":0,"covered":0,"skipped":0,"pct":100}}
,"/home/wangfan/projects/ts-gear/src/content/propertyTypeHelper.ts": {"lines":{"total":1,"covered":1,"skipped":0,"pct":100},"functions":{"total":0,"covered":0,"skipped":0,"pct":100},"statements":{"total":1,"covered":1,"skipped":0,"pct":100},"branches":{"total":0,"covered":0,"skipped":0,"pct":100}}
,"/home/wangfan/projects/ts-gear/src/content/requester.ts": {"lines":{"total":6,"covered":4,"skipped":0,"pct":66.67},"functions":{"total":1,"covered":0,"skipped":0,"pct":0},"statements":{"total":6,"covered":4,"skipped":0,"pct":66.67},"branches":{"total":0,"covered":0,"skipped":0,"pct":100}}
,"/home/wangfan/projects/ts-gear/src/content/warningComment.ts": {"lines":{"total":2,"covered":2,"skipped":0,"pct":100},"functions":{"total":0,"covered":0,"skipped":0,"pct":100},"statements":{"total":2,"covered":2,"skipped":0,"pct":100},"branches":{"total":0,"covered":0,"skipped":0,"pct":100}}
,"/home/wangfan/projects/ts-gear/src/requester/axios.ts": {"lines":{"total":33,"covered":33,"skipped":0,"pct":100},"functions":{"total":8,"covered":8,"skipped":0,"pct":100},"statements":{"total":34,"covered":34,"skipped":0,"pct":100},"branches":{"total":14,"covered":14,"skipped":0,"pct":100}}
,"/home/wangfan/projects/ts-gear/src/requester/fetch.ts": {"lines":{"total":50,"covered":50,"skipped":0,"pct":100},"functions":{"total":8,"covered":8,"skipped":0,"pct":100},"statements":{"total":51,"covered":51,"skipped":0,"pct":100},"branches":{"total":20,"covered":20,"skipped":0,"pct":100}}
,"/home/wangfan/projects/ts-gear/src/step/assembleSchemaToGlobal.ts": {"lines":{"total":28,"covered":27,"skipped":0,"pct":96.43},"functions":{"total":6,"covered":6,"skipped":0,"pct":100},"statements":{"total":29,"covered":28,"skipped":0,"pct":96.55},"branches":{"total":12,"covered":11,"skipped":0,"pct":91.67}}
,"/home/wangfan/projects/ts-gear/src/step/cleanRefAndDefinitionName.ts": {"lines":{"total":14,"covered":11,"skipped":0,"pct":78.57},"functions":{"total":3,"covered":3,"skipped":0,"pct":100},"statements":{"total":14,"covered":11,"skipped":0,"pct":78.57},"branches":{"total":6,"covered":5,"skipped":0,"pct":83.33}}
,"/home/wangfan/projects/ts-gear/src/step/colletRefsInRequestAndPatchDefinition.ts": {"lines":{"total":23,"covered":23,"skipped":0,"pct":100},"functions":{"total":7,"covered":7,"skipped":0,"pct":100},"statements":{"total":23,"covered":23,"skipped":0,"pct":100},"branches":{"total":6,"covered":6,"skipped":0,"pct":100}}
,"/home/wangfan/projects/ts-gear/src/step/fetchSwagger.ts": {"lines":{"total":19,"covered":19,"skipped":0,"pct":100},"functions":{"total":1,"covered":1,"skipped":0,"pct":100},"statements":{"total":19,"covered":19,"skipped":0,"pct":100},"branches":{"total":4,"covered":4,"skipped":0,"pct":100}}
,"/home/wangfan/projects/ts-gear/src/step/generateDefinitionContent.ts": {"lines":{"total":31,"covered":6,"skipped":0,"pct":19.35},"functions":{"total":4,"covered":0,"skipped":0,"pct":0},"statements":{"total":31,"covered":6,"skipped":0,"pct":19.35},"branches":{"total":26,"covered":0,"skipped":0,"pct":0}}
,"/home/wangfan/projects/ts-gear/src/step/importAllDefinition.ts": {"lines":{"total":9,"covered":2,"skipped":0,"pct":22.22},"functions":{"total":3,"covered":0,"skipped":0,"pct":0},"statements":{"total":9,"covered":2,"skipped":0,"pct":22.22},"branches":{"total":0,"covered":0,"skipped":0,"pct":100}}
,"/home/wangfan/projects/ts-gear/src/step/index.ts": {"lines":{"total":11,"covered":11,"skipped":0,"pct":100},"functions":{"total":0,"covered":0,"skipped":0,"pct":100},"statements":{"total":11,"covered":11,"skipped":0,"pct":100},"branches":{"total":0,"covered":0,"skipped":0,"pct":100}}
,"/home/wangfan/projects/ts-gear/src/step/parseGenericType.ts": {"lines":{"total":70,"covered":69,"skipped":0,"pct":98.57},"functions":{"total":19,"covered":19,"skipped":0,"pct":100},"statements":{"total":73,"covered":72,"skipped":0,"pct":98.63},"branches":{"total":38,"covered":33,"skipped":0,"pct":86.84}}
,"/home/wangfan/projects/ts-gear/src/step/prepareProjectDirectory.ts": {"lines":{"total":8,"covered":4,"skipped":0,"pct":50},"functions":{"total":1,"covered":0,"skipped":0,"pct":0},"statements":{"total":8,"covered":4,"skipped":0,"pct":50},"branches":{"total":2,"covered":0,"skipped":0,"pct":0}}
,"/home/wangfan/projects/ts-gear/src/step/translateSchema.ts": {"lines":{"total":44,"covered":9,"skipped":0,"pct":20.45},"functions":{"total":10,"covered":0,"skipped":0,"pct":0},"statements":{"total":45,"covered":9,"skipped":0,"pct":20},"branches":{"total":24,"covered":0,"skipped":0,"pct":0}}
,"/home/wangfan/projects/ts-gear/src/step/writeProject.ts": {"lines":{"total":28,"covered":10,"skipped":0,"pct":35.71},"functions":{"total":4,"covered":0,"skipped":0,"pct":0},"statements":{"total":28,"covered":10,"skipped":0,"pct":35.71},"branches":{"total":2,"covered":0,"skipped":0,"pct":0}}
,"/home/wangfan/projects/ts-gear/src/step/generateRequestContent/assembleRequestParam.ts": {"lines":{"total":15,"covered":14,"skipped":0,"pct":93.33},"functions":{"total":2,"covered":2,"skipped":0,"pct":100},"statements":{"total":15,"covered":14,"skipped":0,"pct":93.33},"branches":{"total":16,"covered":14,"skipped":0,"pct":87.5}}
,"/home/wangfan/projects/ts-gear/src/step/generateRequestContent/generateMockData.ts": {"lines":{"total":92,"covered":67,"skipped":0,"pct":72.83},"functions":{"total":23,"covered":11,"skipped":0,"pct":47.83},"statements":{"total":98,"covered":71,"skipped":0,"pct":72.45},"branches":{"total":68,"covered":45,"skipped":0,"pct":66.18}}
,"/home/wangfan/projects/ts-gear/src/step/generateRequestContent/generateParameterType.ts": {"lines":{"total":13,"covered":13,"skipped":0,"pct":100},"functions":{"total":2,"covered":2,"skipped":0,"pct":100},"statements":{"total":13,"covered":13,"skipped":0,"pct":100},"branches":{"total":0,"covered":0,"skipped":0,"pct":100}}
,"/home/wangfan/projects/ts-gear/src/step/generateRequestContent/generateResponseType.ts": {"lines":{"total":22,"covered":22,"skipped":0,"pct":100},"functions":{"total":2,"covered":2,"skipped":0,"pct":100},"statements":{"total":22,"covered":22,"skipped":0,"pct":100},"branches":{"total":8,"covered":7,"skipped":0,"pct":87.5}}
,"/home/wangfan/projects/ts-gear/src/step/generateRequestContent/index.ts": {"lines":{"total":48,"covered":43,"skipped":0,"pct":89.58},"functions":{"total":2,"covered":2,"skipped":0,"pct":100},"statements":{"total":48,"covered":43,"skipped":0,"pct":89.58},"branches":{"total":24,"covered":14,"skipped":0,"pct":58.33}}
,"/home/wangfan/projects/ts-gear/src/step/getUserConfig/cliOption.ts": {"lines":{"total":13,"covered":13,"skipped":0,"pct":100},"functions":{"total":2,"covered":2,"skipped":0,"pct":100},"statements":{"total":13,"covered":13,"skipped":0,"pct":100},"branches":{"total":2,"covered":2,"skipped":0,"pct":100}}
,"/home/wangfan/projects/ts-gear/src/step/getUserConfig/index.ts": {"lines":{"total":29,"covered":29,"skipped":0,"pct":100},"functions":{"total":3,"covered":3,"skipped":0,"pct":100},"statements":{"total":30,"covered":30,"skipped":0,"pct":100},"branches":{"total":12,"covered":11,"skipped":0,"pct":91.67}}
,"/home/wangfan/projects/ts-gear/src/tool/assembleDoc.ts": {"lines":{"total":23,"covered":22,"skipped":0,"pct":95.65},"functions":{"total":2,"covered":2,"skipped":0,"pct":100},"statements":{"total":23,"covered":22,"skipped":0,"pct":95.65},"branches":{"total":20,"covered":19,"skipped":0,"pct":95}}
,"/home/wangfan/projects/ts-gear/src/tool/camelCase.ts": {"lines":{"total":7,"covered":7,"skipped":0,"pct":100},"functions":{"total":2,"covered":2,"skipped":0,"pct":100},"statements":{"total":7,"covered":7,"skipped":0,"pct":100},"branches":{"total":2,"covered":2,"skipped":0,"pct":100}}
,"/home/wangfan/projects/ts-gear/src/tool/cleanName.ts": {"lines":{"total":13,"covered":13,"skipped":0,"pct":100},"functions":{"total":2,"covered":2,"skipped":0,"pct":100},"statements":{"total":13,"covered":13,"skipped":0,"pct":100},"branches":{"total":15,"covered":15,"skipped":0,"pct":100}}
,"/home/wangfan/projects/ts-gear/src/tool/clearObject.ts": {"lines":{"total":3,"covered":3,"skipped":0,"pct":100},"functions":{"total":2,"covered":2,"skipped":0,"pct":100},"statements":{"total":3,"covered":3,"skipped":0,"pct":100},"branches":{"total":0,"covered":0,"skipped":0,"pct":100}}
,"/home/wangfan/projects/ts-gear/src/tool/enumType.ts": {"lines":{"total":26,"covered":24,"skipped":0,"pct":92.31},"functions":{"total":7,"covered":6,"skipped":0,"pct":85.71},"statements":{"total":28,"covered":25,"skipped":0,"pct":89.29},"branches":{"total":10,"covered":8,"skipped":0,"pct":80}}
,"/home/wangfan/projects/ts-gear/src/tool/generateEnumName.ts": {"lines":{"total":1,"covered":0,"skipped":0,"pct":0},"functions":{"total":1,"covered":0,"skipped":0,"pct":0},"statements":{"total":1,"covered":0,"skipped":0,"pct":0},"branches":{"total":0,"covered":0,"skipped":0,"pct":100}}
,"/home/wangfan/projects/ts-gear/src/tool/genericType.ts": {"lines":{"total":42,"covered":42,"skipped":0,"pct":100},"functions":{"total":7,"covered":7,"skipped":0,"pct":100},"statements":{"total":46,"covered":46,"skipped":0,"pct":100},"branches":{"total":16,"covered":16,"skipped":0,"pct":100}}
,"/home/wangfan/projects/ts-gear/src/tool/getDefinition.ts": {"lines":{"total":2,"covered":2,"skipped":0,"pct":100},"functions":{"total":1,"covered":1,"skipped":0,"pct":100},"statements":{"total":2,"covered":2,"skipped":0,"pct":100},"branches":{"total":0,"covered":0,"skipped":0,"pct":100}}
,"/home/wangfan/projects/ts-gear/src/tool/isReference.ts": {"lines":{"total":2,"covered":2,"skipped":0,"pct":100},"functions":{"total":1,"covered":1,"skipped":0,"pct":100},"statements":{"total":2,"covered":2,"skipped":0,"pct":100},"branches":{"total":0,"covered":0,"skipped":0,"pct":100}}
,"/home/wangfan/projects/ts-gear/src/tool/log.ts": {"lines":{"total":8,"covered":8,"skipped":0,"pct":100},"functions":{"total":3,"covered":3,"skipped":0,"pct":100},"statements":{"total":8,"covered":8,"skipped":0,"pct":100},"branches":{"total":0,"covered":0,"skipped":0,"pct":100}}
,"/home/wangfan/projects/ts-gear/src/tool/patchGlobalDefinitionMap.ts": {"lines":{"total":3,"covered":3,"skipped":0,"pct":100},"functions":{"total":1,"covered":1,"skipped":0,"pct":100},"statements":{"total":3,"covered":3,"skipped":0,"pct":100},"branches":{"total":3,"covered":3,"skipped":0,"pct":100}}
,"/home/wangfan/projects/ts-gear/src/tool/prettierWrite.ts": {"lines":{"total":4,"covered":3,"skipped":0,"pct":75},"functions":{"total":1,"covered":0,"skipped":0,"pct":0},"statements":{"total":4,"covered":3,"skipped":0,"pct":75},"branches":{"total":0,"covered":0,"skipped":0,"pct":100}}
,"/home/wangfan/projects/ts-gear/src/tool/schemaToTypescript.ts": {"lines":{"total":43,"covered":43,"skipped":0,"pct":100},"functions":{"total":6,"covered":6,"skipped":0,"pct":100},"statements":{"total":46,"covered":46,"skipped":0,"pct":100},"branches":{"total":38,"covered":38,"skipped":0,"pct":100}}
,"/home/wangfan/projects/ts-gear/src/tool/transformSwaggerPathToRouterPath.ts": {"lines":{"total":8,"covered":8,"skipped":0,"pct":100},"functions":{"total":2,"covered":2,"skipped":0,"pct":100},"statements":{"total":8,"covered":8,"skipped":0,"pct":100},"branches":{"total":4,"covered":4,"skipped":0,"pct":100}}
,"/home/wangfan/projects/ts-gear/src/tool/translate.ts": {"lines":{"total":7,"covered":7,"skipped":0,"pct":100},"functions":{"total":1,"covered":1,"skipped":0,"pct":100},"statements":{"total":7,"covered":7,"skipped":0,"pct":100},"branches":{"total":0,"covered":0,"skipped":0,"pct":100}}
,"/home/wangfan/projects/ts-gear/src/tool/traverseSchema.ts": {"lines":{"total":11,"covered":11,"skipped":0,"pct":100},"functions":{"total":4,"covered":4,"skipped":0,"pct":100},"statements":{"total":11,"covered":11,"skipped":0,"pct":100},"branches":{"total":11,"covered":10,"skipped":0,"pct":90.91}}
,"/home/wangfan/projects/ts-gear/src/tool/types.ts": {"lines":{"total":1,"covered":1,"skipped":0,"pct":100},"functions":{"total":1,"covered":1,"skipped":0,"pct":100},"statements":{"total":2,"covered":2,"skipped":0,"pct":100},"branches":{"total":0,"covered":0,"skipped":0,"pct":100}}
}
