{"/home/wangfan/projects/ts-gear/src/index.ts": {"path":"/home/wangfan/projects/ts-gear/src/index.ts","statementMap":{"0":{"start":{"line":1,"column":0},"end":{"line":1,"column":9}},"1":{"start":{"line":1,"column":9},"end":{"line":1,"column":36}},"2":{"start":{"line":2,"column":0},"end":{"line":2,"column":9}},"3":{"start":{"line":2,"column":9},"end":{"line":2,"column":36}},"4":{"start":{"line":3,"column":0},"end":{"line":3,"column":9}},"5":{"start":{"line":3,"column":9},"end":{"line":3,"column":38}}},"fnMap":{},"branchMap":{},"s":{"0":1,"1":1,"2":1,"3":1,"4":1,"5":1},"f":{},"b":{}}
,"/home/wangfan/projects/ts-gear/src/projectGlobalVariable.ts": {"path":"/home/wangfan/projects/ts-gear/src/projectGlobalVariable.ts","statementMap":{"0":{"start":{"line":2,"column":0},"end":{"line":2,"column":48}},"1":{"start":{"line":4,"column":41},"end":{"line":4,"column":43}},"2":{"start":{"line":6,"column":13},"end":{"line":15,"column":null}},"3":{"start":{"line":7,"column":2},"end":{"line":13,"column":null}},"4":{"start":{"line":8,"column":4},"end":{"line":12,"column":null}},"5":{"start":{"line":14,"column":2},"end":{"line":14,"column":null}},"6":{"start":{"line":17,"column":13},"end":{"line":22,"column":null}},"7":{"start":{"line":18,"column":12},"end":{"line":18,"column":39}},"8":{"start":{"line":19,"column":2},"end":{"line":19,"column":null}},"9":{"start":{"line":20,"column":2},"end":{"line":20,"column":null}},"10":{"start":{"line":21,"column":2},"end":{"line":21,"column":null}},"11":{"start":{"line":24,"column":13},"end":{"line":24,"column":null}}},"fnMap":{"0":{"name":"(anonymous_0)","decl":{"start":{"line":6,"column":25},"end":{"line":6,"column":26}},"loc":{"start":{"line":6,"column":47},"end":{"line":15,"column":1}}},"1":{"name":"(anonymous_1)","decl":{"start":{"line":17,"column":23},"end":{"line":17,"column":24}},"loc":{"start":{"line":17,"column":45},"end":{"line":22,"column":1}}}},"branchMap":{"0":{"loc":{"start":{"line":7,"column":2},"end":{"line":13,"column":null}},"type":"if","locations":[{"start":{"line":7,"column":2},"end":{"line":13,"column":null}},{"start":{"line":7,"column":2},"end":{"line":13,"column":null}}]}},"s":{"0":10,"1":10,"2":10,"3":35,"4":10,"5":35,"6":10,"7":9,"8":9,"9":9,"10":9,"11":10},"f":{"0":35,"1":9},"b":{"0":[10,25]}}
,"/home/wangfan/projects/ts-gear/src/run.ts": {"path":"/home/wangfan/projects/ts-gear/src/run.ts","statementMap":{"0":{"start":{"line":1,"column":0},"end":{"line":1,"column":30}},"1":{"start":{"line":2,"column":0},"end":{"line":2,"column":49}},"2":{"start":{"line":5,"column":13},"end":{"line":24,"column":null}},"3":{"start":{"line":6,"column":2},"end":{"line":6,"column":null}},"4":{"start":{"line":7,"column":15},"end":{"line":7,"column":47}},"5":{"start":{"line":9,"column":2},"end":{"line":11,"column":null}},"6":{"start":{"line":10,"column":4},"end":{"line":10,"column":null}},"7":{"start":{"line":12,"column":22},"end":{"line":12,"column":78}},"8":{"start":{"line":13,"column":2},"end":{"line":13,"column":null}},"9":{"start":{"line":14,"column":2},"end":{"line":14,"column":null}},"10":{"start":{"line":15,"column":2},"end":{"line":17,"column":null}},"11":{"start":{"line":16,"column":4},"end":{"line":16,"column":null}},"12":{"start":{"line":18,"column":2},"end":{"line":18,"column":null}},"13":{"start":{"line":19,"column":2},"end":{"line":19,"column":null}},"14":{"start":{"line":20,"column":2},"end":{"line":20,"column":null}},"15":{"start":{"line":21,"column":2},"end":{"line":21,"column":null}},"16":{"start":{"line":23,"column":2},"end":{"line":23,"column":null}},"17":{"start":{"line":31,"column":13},"end":{"line":34,"column":null}},"18":{"start":{"line":32,"column":19},"end":{"line":32,"column":45}},"19":{"start":{"line":33,"column":2},"end":{"line":33,"column":null}}},"fnMap":{"0":{"name":"(anonymous_0)","decl":{"start":{"line":5,"column":30},"end":{"line":5,"column":35}},"loc":{"start":{"line":5,"column":58},"end":{"line":24,"column":1}}},"1":{"name":"(anonymous_1)","decl":{"start":{"line":31,"column":19},"end":{"line":31,"column":24}},"loc":{"start":{"line":31,"column":30},"end":{"line":34,"column":1}}}},"branchMap":{"0":{"loc":{"start":{"line":9,"column":2},"end":{"line":11,"column":null}},"type":"if","locations":[{"start":{"line":9,"column":2},"end":{"line":11,"column":null}},{"start":{"line":9,"column":2},"end":{"line":11,"column":null}}]},"1":{"loc":{"start":{"line":12,"column":22},"end":{"line":12,"column":55}},"type":"binary-expr","locations":[{"start":{"line":12,"column":22},"end":{"line":12,"column":55}},{"start":{"line":12,"column":59},"end":{"line":12,"column":78}}]},"2":{"loc":{"start":{"line":15,"column":2},"end":{"line":17,"column":null}},"type":"if","locations":[{"start":{"line":15,"column":2},"end":{"line":17,"column":null}},{"start":{"line":15,"column":2},"end":{"line":17,"column":null}}]}},"s":{"0":2,"1":2,"2":2,"3":2,"4":2,"5":2,"6":0,"7":2,"8":2,"9":2,"10":2,"11":2,"12":2,"13":2,"14":2,"15":2,"16":2,"17":2,"18":1,"19":1},"f":{"0":2,"1":1},"b":{"0":[0,2],"1":[2,1],"2":[2,0]}}
,"/home/wangfan/projects/ts-gear/src/source.ts": {"path":"/home/wangfan/projects/ts-gear/src/source.ts","statementMap":{"0":{"start":{"line":1,"column":0},"end":{"line":1,"column":null}},"1":{"start":{"line":9,"column":16},"end":{"line":14,"column":2}},"2":{"start":{"line":16,"column":11},"end":{"line":16,"column":34}},"3":{"start":{"line":19,"column":24},"end":{"line":19,"column":25}},"4":{"start":{"line":22,"column":13},"end":{"line":31,"column":null}},"5":{"start":{"line":23,"column":19},"end":{"line":23,"column":50}},"6":{"start":{"line":24,"column":21},"end":{"line":24,"column":63}},"7":{"start":{"line":25,"column":2},"end":{"line":25,"column":null}},"8":{"start":{"line":26,"column":2},"end":{"line":26,"column":null}},"9":{"start":{"line":27,"column":17},"end":{"line":27,"column":42}},"10":{"start":{"line":28,"column":2},"end":{"line":28,"column":null}},"11":{"start":{"line":29,"column":2},"end":{"line":29,"column":null}},"12":{"start":{"line":30,"column":2},"end":{"line":30,"column":null}},"13":{"start":{"line":34,"column":13},"end":{"line":39,"column":null}},"14":{"start":{"line":35,"column":15},"end":{"line":35,"column":46}},"15":{"start":{"line":36,"column":21},"end":{"line":36,"column":60}},"16":{"start":{"line":37,"column":4},"end":{"line":37,"column":null}},"17":{"start":{"line":38,"column":2},"end":{"line":38,"column":null}},"18":{"start":{"line":42,"column":13},"end":{"line":48,"column":null}},"19":{"start":{"line":43,"column":2},"end":{"line":43,"column":null}},"20":{"start":{"line":44,"column":17},"end":{"line":44,"column":64}},"21":{"start":{"line":45,"column":2},"end":{"line":45,"column":null}},"22":{"start":{"line":46,"column":2},"end":{"line":46,"column":null}},"23":{"start":{"line":47,"column":2},"end":{"line":47,"column":null}}},"fnMap":{"0":{"name":"(anonymous_0)","decl":{"start":{"line":22,"column":23},"end":{"line":22,"column":28}},"loc":{"start":{"line":22,"column":80},"end":{"line":31,"column":1}}},"1":{"name":"(anonymous_1)","decl":{"start":{"line":34,"column":19},"end":{"line":34,"column":20}},"loc":{"start":{"line":34,"column":40},"end":{"line":39,"column":1}}},"2":{"name":"(anonymous_2)","decl":{"start":{"line":42,"column":23},"end":{"line":42,"column":24}},"loc":{"start":{"line":42,"column":50},"end":{"line":48,"column":1}}}},"branchMap":{},"s":{"0":11,"1":11,"2":11,"3":11,"4":11,"5":4,"6":4,"7":4,"8":4,"9":4,"10":4,"11":4,"12":4,"13":11,"14":130,"15":130,"16":130,"17":130,"18":11,"19":130,"20":130,"21":130,"22":130,"23":130},"f":{"0":4,"1":130,"2":130},"b":{}}
,"/home/wangfan/projects/ts-gear/src/content/initConfig.ts": {"path":"/home/wangfan/projects/ts-gear/src/content/initConfig.ts","statementMap":{"0":{"start":{"line":1,"column":13},"end":{"line":76,"column":null}}},"fnMap":{},"branchMap":{},"s":{"0":10},"f":{},"b":{}}
,"/home/wangfan/projects/ts-gear/src/content/projectIndex.ts": {"path":"/home/wangfan/projects/ts-gear/src/content/projectIndex.ts","statementMap":{"0":{"start":{"line":1,"column":0},"end":{"line":1,"column":24}},"1":{"start":{"line":4,"column":13},"end":{"line":4,"column":null}}},"fnMap":{},"branchMap":{},"s":{"0":9,"1":9},"f":{},"b":{}}
,"/home/wangfan/projects/ts-gear/src/content/propertyOfHelper.ts": {"path":"/home/wangfan/projects/ts-gear/src/content/propertyOfHelper.ts","statementMap":{"0":{"start":{"line":2,"column":13},"end":{"line":2,"column":null}}},"fnMap":{},"branchMap":{},"s":{"0":9},"f":{},"b":{}}
,"/home/wangfan/projects/ts-gear/src/content/requester.ts": {"path":"/home/wangfan/projects/ts-gear/src/content/requester.ts","statementMap":{"0":{"start":{"line":1,"column":0},"end":{"line":1,"column":24}},"1":{"start":{"line":2,"column":0},"end":{"line":2,"column":28}},"2":{"start":{"line":8,"column":13},"end":{"line":14,"column":null}},"3":{"start":{"line":9,"column":33},"end":{"line":9,"column":89}},"4":{"start":{"line":10,"column":2},"end":{"line":13,"column":null}}},"fnMap":{"0":{"name":"(anonymous_0)","decl":{"start":{"line":8,"column":25},"end":{"line":8,"column":26}},"loc":{"start":{"line":8,"column":47},"end":{"line":14,"column":1}}}},"branchMap":{},"s":{"0":9,"1":9,"2":9,"3":2,"4":2},"f":{"0":2},"b":{}}
,"/home/wangfan/projects/ts-gear/src/content/warningComment.ts": {"path":"/home/wangfan/projects/ts-gear/src/content/warningComment.ts","statementMap":{"0":{"start":{"line":1,"column":0},"end":{"line":1,"column":24}},"1":{"start":{"line":3,"column":13},"end":{"line":6,"column":null}}},"fnMap":{},"branchMap":{},"s":{"0":9,"1":9},"f":{},"b":{}}
,"/home/wangfan/projects/ts-gear/src/requester/axios.ts": {"path":"/home/wangfan/projects/ts-gear/src/requester/axios.ts","statementMap":{"0":{"start":{"line":2,"column":0},"end":{"line":2,"column":49}},"1":{"start":{"line":3,"column":0},"end":{"line":3,"column":32}},"2":{"start":{"line":4,"column":0},"end":{"line":4,"column":46}},"3":{"start":{"line":10,"column":13},"end":{"line":20,"column":null}},"4":{"start":{"line":11,"column":2},"end":{"line":18,"column":null}},"5":{"start":{"line":12,"column":4},"end":{"line":17,"column":null}},"6":{"start":{"line":13,"column":6},"end":{"line":15,"column":null}},"7":{"start":{"line":14,"column":8},"end":{"line":14,"column":null}},"8":{"start":{"line":16,"column":6},"end":{"line":16,"column":null}},"9":{"start":{"line":19,"column":2},"end":{"line":19,"column":null}},"10":{"start":{"line":24,"column":4},"end":{"line":24,"column":null}},"11":{"start":{"line":25,"column":4},"end":{"line":25,"column":null}},"12":{"start":{"line":31,"column":2},"end":{"line":37,"column":null}},"13":{"start":{"line":32,"column":4},"end":{"line":32,"column":null}},"14":{"start":{"line":36,"column":4},"end":{"line":36,"column":null}},"15":{"start":{"line":38,"column":2},"end":{"line":38,"column":null}},"16":{"start":{"line":39,"column":44},"end":{"line":41,"column":null}},"17":{"start":{"line":42,"column":2},"end":{"line":44,"column":null}},"18":{"start":{"line":43,"column":4},"end":{"line":43,"column":null}},"19":{"start":{"line":45,"column":2},"end":{"line":47,"column":null}},"20":{"start":{"line":46,"column":4},"end":{"line":46,"column":null}},"21":{"start":{"line":48,"column":2},"end":{"line":55,"column":null}},"22":{"start":{"line":49,"column":21},"end":{"line":49,"column":35}},"23":{"start":{"line":51,"column":4},"end":{"line":53,"column":null}},"24":{"start":{"line":52,"column":6},"end":{"line":52,"column":null}},"25":{"start":{"line":54,"column":4},"end":{"line":54,"column":null}},"26":{"start":{"line":56,"column":2},"end":{"line":56,"column":null}},"27":{"start":{"line":30,"column":0},"end":{"line":30,"column":16}},"28":{"start":{"line":59,"column":13},"end":{"line":65,"column":null}},"29":{"start":{"line":60,"column":18},"end":{"line":60,"column":41}},"30":{"start":{"line":61,"column":2},"end":{"line":64,"column":null}},"31":{"start":{"line":62,"column":26},"end":{"line":62,"column":57}},"32":{"start":{"line":63,"column":4},"end":{"line":63,"column":null}},"33":{"start":{"line":63,"column":44},"end":{"line":63,"column":52}}},"fnMap":{"0":{"name":"(anonymous_0)","decl":{"start":{"line":10,"column":24},"end":{"line":10,"column":25}},"loc":{"start":{"line":10,"column":76},"end":{"line":20,"column":1}}},"1":{"name":"(anonymous_1)","decl":{"start":{"line":13,"column":54},"end":{"line":13,"column":55}},"loc":{"start":{"line":13,"column":58},"end":{"line":15,"column":7}}},"2":{"name":"(anonymous_2)","decl":{"start":{"line":23,"column":2},"end":{"line":23,"column":14}},"loc":{"start":{"line":23,"column":49},"end":{"line":26,"column":3}}},"3":{"name":"interceptRequest","decl":{"start":{"line":30,"column":16},"end":{"line":30,"column":32}},"loc":{"start":{"line":30,"column":72},"end":{"line":57,"column":1}}},"4":{"name":"(anonymous_4)","decl":{"start":{"line":51,"column":29},"end":{"line":51,"column":30}},"loc":{"start":{"line":51,"column":51},"end":{"line":53,"column":5}}},"5":{"name":"(anonymous_5)","decl":{"start":{"line":59,"column":25},"end":{"line":59,"column":26}},"loc":{"start":{"line":59,"column":71},"end":{"line":65,"column":1}}},"6":{"name":"(anonymous_6)","decl":{"start":{"line":61,"column":9},"end":{"line":61,"column":10}},"loc":{"start":{"line":61,"column":55},"end":{"line":64,"column":3}}},"7":{"name":"(anonymous_7)","decl":{"start":{"line":63,"column":37},"end":{"line":63,"column":40}},"loc":{"start":{"line":63,"column":44},"end":{"line":63,"column":52}}}},"branchMap":{"0":{"loc":{"start":{"line":11,"column":2},"end":{"line":18,"column":null}},"type":"if","locations":[{"start":{"line":11,"column":2},"end":{"line":18,"column":null}},{"start":{"line":11,"column":2},"end":{"line":18,"column":null}}]},"1":{"loc":{"start":{"line":12,"column":4},"end":{"line":17,"column":null}},"type":"if","locations":[{"start":{"line":12,"column":4},"end":{"line":17,"column":null}},{"start":{"line":12,"column":4},"end":{"line":17,"column":null}}]},"2":{"loc":{"start":{"line":38,"column":11},"end":{"line":38,"column":17}},"type":"binary-expr","locations":[{"start":{"line":38,"column":11},"end":{"line":38,"column":17}},{"start":{"line":38,"column":21},"end":{"line":38,"column":23}}]},"3":{"loc":{"start":{"line":40,"column":12},"end":{"line":40,"column":25}},"type":"binary-expr","locations":[{"start":{"line":40,"column":12},"end":{"line":40,"column":25}},{"start":{"line":40,"column":29},"end":{"line":40,"column":34}}]},"4":{"loc":{"start":{"line":42,"column":2},"end":{"line":44,"column":null}},"type":"if","locations":[{"start":{"line":42,"column":2},"end":{"line":44,"column":null}},{"start":{"line":42,"column":2},"end":{"line":44,"column":null}}]},"5":{"loc":{"start":{"line":45,"column":2},"end":{"line":47,"column":null}},"type":"if","locations":[{"start":{"line":45,"column":2},"end":{"line":47,"column":null}},{"start":{"line":45,"column":2},"end":{"line":47,"column":null}}]},"6":{"loc":{"start":{"line":48,"column":2},"end":{"line":55,"column":null}},"type":"if","locations":[{"start":{"line":48,"column":2},"end":{"line":55,"column":null}},{"start":{"line":48,"column":2},"end":{"line":55,"column":null}}]}},"s":{"0":2,"1":2,"2":2,"3":2,"4":8,"5":7,"6":4,"7":6,"8":4,"9":7,"10":1,"11":1,"12":8,"13":8,"14":1,"15":7,"16":7,"17":7,"18":2,"19":7,"20":1,"21":7,"22":1,"23":1,"24":1,"25":1,"26":7,"27":2,"28":2,"29":8,"30":8,"31":8,"32":7,"33":7},"f":{"0":8,"1":6,"2":1,"3":8,"4":1,"5":8,"6":8,"7":7},"b":{"0":[7,1],"1":[4,3],"2":[7,1],"3":[7,1],"4":[2,5],"5":[1,6],"6":[1,6]}}
,"/home/wangfan/projects/ts-gear/src/requester/fetch.ts": {"path":"/home/wangfan/projects/ts-gear/src/requester/fetch.ts","statementMap":{"0":{"start":{"line":2,"column":0},"end":{"line":2,"column":26}},"1":{"start":{"line":4,"column":0},"end":{"line":4,"column":47}},"2":{"start":{"line":5,"column":0},"end":{"line":5,"column":46}},"3":{"start":{"line":9,"column":17},"end":{"line":9,"column":35}},"4":{"start":{"line":15,"column":13},"end":{"line":35,"column":null}},"5":{"start":{"line":16,"column":2},"end":{"line":21,"column":null}},"6":{"start":{"line":17,"column":4},"end":{"line":19,"column":null}},"7":{"start":{"line":18,"column":6},"end":{"line":18,"column":null}},"8":{"start":{"line":20,"column":4},"end":{"line":20,"column":null}},"9":{"start":{"line":22,"column":2},"end":{"line":33,"column":null}},"10":{"start":{"line":23,"column":22},"end":{"line":23,"column":42}},"11":{"start":{"line":25,"column":4},"end":{"line":25,"column":null}},"12":{"start":{"line":26,"column":4},"end":{"line":32,"column":null}},"13":{"start":{"line":34,"column":2},"end":{"line":34,"column":null}},"14":{"start":{"line":39,"column":4},"end":{"line":39,"column":null}},"15":{"start":{"line":40,"column":4},"end":{"line":40,"column":null}},"16":{"start":{"line":55,"column":26},"end":{"line":55,"column":32}},"17":{"start":{"line":56,"column":2},"end":{"line":62,"column":null}},"18":{"start":{"line":57,"column":4},"end":{"line":57,"column":null}},"19":{"start":{"line":61,"column":4},"end":{"line":61,"column":null}},"20":{"start":{"line":63,"column":37},"end":{"line":67,"column":null}},"21":{"start":{"line":68,"column":2},"end":{"line":70,"column":null}},"22":{"start":{"line":69,"column":4},"end":{"line":69,"column":null}},"23":{"start":{"line":71,"column":2},"end":{"line":85,"column":null}},"24":{"start":{"line":72,"column":19},"end":{"line":72,"column":25}},"25":{"start":{"line":75,"column":4},"end":{"line":84,"column":null}},"26":{"start":{"line":76,"column":6},"end":{"line":79,"column":null}},"27":{"start":{"line":80,"column":6},"end":{"line":80,"column":null}},"28":{"start":{"line":81,"column":6},"end":{"line":81,"column":null}},"29":{"start":{"line":83,"column":6},"end":{"line":83,"column":null}},"30":{"start":{"line":88,"column":2},"end":{"line":95,"column":null}},"31":{"start":{"line":89,"column":21},"end":{"line":89,"column":35}},"32":{"start":{"line":91,"column":4},"end":{"line":93,"column":null}},"33":{"start":{"line":92,"column":6},"end":{"line":92,"column":null}},"34":{"start":{"line":94,"column":4},"end":{"line":94,"column":null}},"35":{"start":{"line":96,"column":2},"end":{"line":96,"column":null}},"36":{"start":{"line":49,"column":0},"end":{"line":49,"column":16}},"37":{"start":{"line":103,"column":2},"end":{"line":108,"column":null}},"38":{"start":{"line":104,"column":4},"end":{"line":107,"column":null}},"39":{"start":{"line":109,"column":22},"end":{"line":109,"column":53}},"40":{"start":{"line":110,"column":2},"end":{"line":119,"column":null}},"41":{"start":{"line":111,"column":4},"end":{"line":113,"column":null}},"42":{"start":{"line":112,"column":6},"end":{"line":112,"column":null}},"43":{"start":{"line":115,"column":4},"end":{"line":117,"column":null}},"44":{"start":{"line":116,"column":6},"end":{"line":116,"column":null}},"45":{"start":{"line":120,"column":2},"end":{"line":120,"column":null}},"46":{"start":{"line":102,"column":0},"end":{"line":102,"column":16}},"47":{"start":{"line":124,"column":13},"end":{"line":127,"column":null}},"48":{"start":{"line":124,"column":67},"end":{"line":127,"column":1}},"49":{"start":{"line":125,"column":24},"end":{"line":125,"column":75}},"50":{"start":{"line":126,"column":2},"end":{"line":126,"column":null}}},"fnMap":{"0":{"name":"(anonymous_0)","decl":{"start":{"line":15,"column":24},"end":{"line":15,"column":25}},"loc":{"start":{"line":15,"column":75},"end":{"line":35,"column":1}}},"1":{"name":"(anonymous_1)","decl":{"start":{"line":17,"column":52},"end":{"line":17,"column":53}},"loc":{"start":{"line":17,"column":56},"end":{"line":19,"column":5}}},"2":{"name":"(anonymous_2)","decl":{"start":{"line":38,"column":2},"end":{"line":38,"column":14}},"loc":{"start":{"line":38,"column":49},"end":{"line":41,"column":3}}},"3":{"name":"interceptRequest","decl":{"start":{"line":49,"column":16},"end":{"line":49,"column":32}},"loc":{"start":{"line":53,"column":3},"end":{"line":97,"column":1}}},"4":{"name":"(anonymous_4)","decl":{"start":{"line":91,"column":29},"end":{"line":91,"column":30}},"loc":{"start":{"line":91,"column":51},"end":{"line":93,"column":5}}},"5":{"name":"interceptResponse","decl":{"start":{"line":102,"column":16},"end":{"line":102,"column":33}},"loc":{"start":{"line":102,"column":47},"end":{"line":121,"column":1}}},"6":{"name":"(anonymous_6)","decl":{"start":{"line":124,"column":25},"end":{"line":124,"column":26}},"loc":{"start":{"line":124,"column":67},"end":{"line":127,"column":1}}},"7":{"name":"(anonymous_7)","decl":{"start":{"line":124,"column":67},"end":{"line":124,"column":68}},"loc":{"start":{"line":124,"column":113},"end":{"line":127,"column":1}}}},"branchMap":{"0":{"loc":{"start":{"line":16,"column":2},"end":{"line":21,"column":null}},"type":"if","locations":[{"start":{"line":16,"column":2},"end":{"line":21,"column":null}},{"start":{"line":16,"column":2},"end":{"line":21,"column":null}}]},"1":{"loc":{"start":{"line":22,"column":2},"end":{"line":33,"column":null}},"type":"if","locations":[{"start":{"line":22,"column":2},"end":{"line":33,"column":null}},{"start":{"line":22,"column":2},"end":{"line":33,"column":null}}]},"2":{"loc":{"start":{"line":68,"column":2},"end":{"line":70,"column":null}},"type":"if","locations":[{"start":{"line":68,"column":2},"end":{"line":70,"column":null}},{"start":{"line":68,"column":2},"end":{"line":70,"column":null}}]},"3":{"loc":{"start":{"line":71,"column":2},"end":{"line":85,"column":null}},"type":"if","locations":[{"start":{"line":71,"column":2},"end":{"line":85,"column":null}},{"start":{"line":71,"column":2},"end":{"line":85,"column":null}}]},"4":{"loc":{"start":{"line":75,"column":4},"end":{"line":84,"column":null}},"type":"if","locations":[{"start":{"line":75,"column":4},"end":{"line":84,"column":null}},{"start":{"line":75,"column":4},"end":{"line":84,"column":null}}]},"5":{"loc":{"start":{"line":88,"column":2},"end":{"line":95,"column":null}},"type":"if","locations":[{"start":{"line":88,"column":2},"end":{"line":95,"column":null}},{"start":{"line":88,"column":2},"end":{"line":95,"column":null}}]},"6":{"loc":{"start":{"line":103,"column":2},"end":{"line":108,"column":null}},"type":"if","locations":[{"start":{"line":103,"column":2},"end":{"line":108,"column":null}},{"start":{"line":103,"column":2},"end":{"line":108,"column":null}}]},"7":{"loc":{"start":{"line":110,"column":2},"end":{"line":119,"column":null}},"type":"if","locations":[{"start":{"line":110,"column":2},"end":{"line":119,"column":null}},{"start":{"line":110,"column":2},"end":{"line":119,"column":null}}]},"8":{"loc":{"start":{"line":111,"column":4},"end":{"line":113,"column":null}},"type":"if","locations":[{"start":{"line":111,"column":4},"end":{"line":113,"column":null}},{"start":{"line":111,"column":4},"end":{"line":113,"column":null}}]},"9":{"loc":{"start":{"line":115,"column":4},"end":{"line":117,"column":null}},"type":"if","locations":[{"start":{"line":115,"column":4},"end":{"line":117,"column":null}},{"start":{"line":115,"column":4},"end":{"line":117,"column":null}}]}},"s":{"0":2,"1":2,"2":2,"3":2,"4":2,"5":12,"6":3,"7":5,"8":3,"9":11,"10":1,"11":1,"12":1,"13":11,"14":2,"15":2,"16":12,"17":12,"18":12,"19":1,"20":11,"21":11,"22":2,"23":11,"24":2,"25":2,"26":1,"27":1,"28":1,"29":1,"30":11,"31":1,"32":1,"33":1,"34":1,"35":11,"36":2,"37":11,"38":1,"39":10,"40":10,"41":9,"42":7,"43":2,"44":1,"45":2,"46":2,"47":2,"48":12,"49":12,"50":11},"f":{"0":12,"1":5,"2":2,"3":12,"4":1,"5":11,"6":12,"7":12},"b":{"0":[3,9],"1":[1,10],"2":[2,9],"3":[2,9],"4":[1,1],"5":[1,10],"6":[1,10],"7":[9,1],"8":[7,2],"9":[1,1]}}
,"/home/wangfan/projects/ts-gear/src/step/assembleSchemaToGlobal.ts": {"path":"/home/wangfan/projects/ts-gear/src/step/assembleSchemaToGlobal.ts","statementMap":{"0":{"start":{"line":1,"column":0},"end":{"line":1,"column":44}},"1":{"start":{"line":4,"column":0},"end":{"line":4,"column":53}},"2":{"start":{"line":6,"column":0},"end":{"line":6,"column":65}},"3":{"start":{"line":7,"column":0},"end":{"line":7,"column":45}},"4":{"start":{"line":13,"column":13},"end":{"line":36,"column":null}},"5":{"start":{"line":14,"column":40},"end":{"line":14,"column":58}},"6":{"start":{"line":15,"column":22},"end":{"line":15,"column":41}},"7":{"start":{"line":16,"column":2},"end":{"line":21,"column":null}},"8":{"start":{"line":17,"column":4},"end":{"line":20,"column":null}},"9":{"start":{"line":22,"column":2},"end":{"line":35,"column":null}},"10":{"start":{"line":23,"column":4},"end":{"line":34,"column":null}},"11":{"start":{"line":24,"column":24},"end":{"line":24,"column":46}},"12":{"start":{"line":25,"column":6},"end":{"line":33,"column":null}},"13":{"start":{"line":26,"column":8},"end":{"line":32,"column":null}}},"fnMap":{"0":{"name":"(anonymous_0)","decl":{"start":{"line":13,"column":38},"end":{"line":13,"column":39}},"loc":{"start":{"line":13,"column":72},"end":{"line":36,"column":1}}},"1":{"name":"(anonymous_1)","decl":{"start":{"line":16,"column":50},"end":{"line":16,"column":54}},"loc":{"start":{"line":16,"column":57},"end":{"line":21,"column":3}}},"2":{"name":"(anonymous_2)","decl":{"start":{"line":22,"column":22},"end":{"line":22,"column":23}},"loc":{"start":{"line":22,"column":59},"end":{"line":35,"column":3}}},"3":{"name":"(anonymous_3)","decl":{"start":{"line":23,"column":25},"end":{"line":23,"column":35}},"loc":{"start":{"line":23,"column":38},"end":{"line":34,"column":5}}}},"branchMap":{"0":{"loc":{"start":{"line":25,"column":6},"end":{"line":33,"column":null}},"type":"if","locations":[{"start":{"line":25,"column":6},"end":{"line":33,"column":null}},{"start":{"line":25,"column":6},"end":{"line":33,"column":null}}]},"1":{"loc":{"start":{"line":25,"column":10},"end":{"line":25,"column":19}},"type":"binary-expr","locations":[{"start":{"line":25,"column":10},"end":{"line":25,"column":19}},{"start":{"line":25,"column":23},"end":{"line":25,"column":44}}]}},"s":{"0":9,"1":9,"2":9,"3":9,"4":9,"5":10,"6":10,"7":10,"8":61,"9":10,"10":78,"11":546,"12":546,"13":103},"f":{"0":10,"1":61,"2":78,"3":546},"b":{"0":[103,443],"1":[546,108]}}
,"/home/wangfan/projects/ts-gear/src/step/cleanRefAndDefinitionName.ts": {"path":"/home/wangfan/projects/ts-gear/src/step/cleanRefAndDefinitionName.ts","statementMap":{"0":{"start":{"line":3,"column":0},"end":{"line":3,"column":55}},"1":{"start":{"line":4,"column":0},"end":{"line":4,"column":45}},"2":{"start":{"line":5,"column":0},"end":{"line":5,"column":53}},"3":{"start":{"line":10,"column":13},"end":{"line":25,"column":null}},"4":{"start":{"line":11,"column":22},"end":{"line":11,"column":41}},"5":{"start":{"line":12,"column":2},"end":{"line":19,"column":null}},"6":{"start":{"line":13,"column":24},"end":{"line":13,"column":52}},"7":{"start":{"line":14,"column":4},"end":{"line":18,"column":null}},"8":{"start":{"line":15,"column":21},"end":{"line":15,"column":38}},"9":{"start":{"line":16,"column":6},"end":{"line":16,"column":null}},"10":{"start":{"line":17,"column":6},"end":{"line":17,"column":null}},"11":{"start":{"line":20,"column":2},"end":{"line":24,"column":null}},"12":{"start":{"line":21,"column":4},"end":{"line":23,"column":null}},"13":{"start":{"line":22,"column":6},"end":{"line":22,"column":null}}},"fnMap":{"0":{"name":"(anonymous_0)","decl":{"start":{"line":10,"column":41},"end":{"line":10,"column":42}},"loc":{"start":{"line":10,"column":78},"end":{"line":25,"column":1}}},"1":{"name":"(anonymous_1)","decl":{"start":{"line":12,"column":50},"end":{"line":12,"column":54}},"loc":{"start":{"line":12,"column":57},"end":{"line":19,"column":3}}},"2":{"name":"(anonymous_2)","decl":{"start":{"line":20,"column":23},"end":{"line":20,"column":24}},"loc":{"start":{"line":20,"column":50},"end":{"line":24,"column":3}}}},"branchMap":{"0":{"loc":{"start":{"line":14,"column":4},"end":{"line":18,"column":null}},"type":"if","locations":[{"start":{"line":14,"column":4},"end":{"line":18,"column":null}},{"start":{"line":14,"column":4},"end":{"line":18,"column":null}}]},"1":{"loc":{"start":{"line":21,"column":4},"end":{"line":23,"column":null}},"type":"if","locations":[{"start":{"line":21,"column":4},"end":{"line":23,"column":null}},{"start":{"line":21,"column":4},"end":{"line":23,"column":null}}]},"2":{"loc":{"start":{"line":21,"column":8},"end":{"line":21,"column":22}},"type":"binary-expr","locations":[{"start":{"line":21,"column":8},"end":{"line":21,"column":22}},{"start":{"line":21,"column":26},"end":{"line":21,"column":51}}]}},"s":{"0":10,"1":10,"2":10,"3":10,"4":7,"5":7,"6":39,"7":39,"8":2,"9":2,"10":2,"11":7,"12":4392,"13":105},"f":{"0":7,"1":39,"2":4392},"b":{"0":[2,37],"1":[105,4287],"2":[4392,105]}}
,"/home/wangfan/projects/ts-gear/src/step/colletRefsInRequestAndPatchDefinition.ts": {"path":"/home/wangfan/projects/ts-gear/src/step/colletRefsInRequestAndPatchDefinition.ts","statementMap":{"0":{"start":{"line":1,"column":0},"end":{"line":1,"column":52}},"1":{"start":{"line":2,"column":0},"end":{"line":2,"column":53}},"2":{"start":{"line":4,"column":0},"end":{"line":4,"column":75}},"3":{"start":{"line":10,"column":13},"end":{"line":49,"column":null}},"4":{"start":{"line":11,"column":55},"end":{"line":11,"column":73}},"5":{"start":{"line":12,"column":22},"end":{"line":12,"column":50}},"6":{"start":{"line":14,"column":2},"end":{"line":30,"column":null}},"7":{"start":{"line":15,"column":23},"end":{"line":15,"column":42}},"8":{"start":{"line":16,"column":4},"end":{"line":29,"column":null}},"9":{"start":{"line":17,"column":6},"end":{"line":28,"column":null}},"10":{"start":{"line":18,"column":8},"end":{"line":27,"column":null}},"11":{"start":{"line":19,"column":10},"end":{"line":24,"column":null}},"12":{"start":{"line":23,"column":14},"end":{"line":23,"column":null}},"13":{"start":{"line":26,"column":10},"end":{"line":26,"column":null}},"14":{"start":{"line":32,"column":2},"end":{"line":48,"column":null}},"15":{"start":{"line":33,"column":23},"end":{"line":33,"column":39}},"16":{"start":{"line":34,"column":4},"end":{"line":47,"column":null}},"17":{"start":{"line":35,"column":6},"end":{"line":46,"column":null}},"18":{"start":{"line":36,"column":8},"end":{"line":42,"column":null}},"19":{"start":{"line":40,"column":12},"end":{"line":40,"column":null}},"20":{"start":{"line":41,"column":12},"end":{"line":41,"column":null}},"21":{"start":{"line":44,"column":8},"end":{"line":44,"column":null}},"22":{"start":{"line":45,"column":8},"end":{"line":45,"column":null}}},"fnMap":{"0":{"name":"(anonymous_0)","decl":{"start":{"line":10,"column":54},"end":{"line":10,"column":55}},"loc":{"start":{"line":10,"column":76},"end":{"line":49,"column":1}}},"1":{"name":"(anonymous_1)","decl":{"start":{"line":14,"column":52},"end":{"line":14,"column":56}},"loc":{"start":{"line":14,"column":59},"end":{"line":30,"column":3}}},"2":{"name":"(anonymous_2)","decl":{"start":{"line":17,"column":27},"end":{"line":17,"column":32}},"loc":{"start":{"line":17,"column":35},"end":{"line":28,"column":7}}},"3":{"name":"(anonymous_3)","decl":{"start":{"line":22,"column":21},"end":{"line":22,"column":29}},"loc":{"start":{"line":22,"column":32},"end":{"line":24,"column":13}}},"4":{"name":"(anonymous_4)","decl":{"start":{"line":32,"column":49},"end":{"line":32,"column":53}},"loc":{"start":{"line":32,"column":56},"end":{"line":48,"column":3}}},"5":{"name":"(anonymous_5)","decl":{"start":{"line":34,"column":25},"end":{"line":34,"column":30}},"loc":{"start":{"line":34,"column":33},"end":{"line":47,"column":5}}},"6":{"name":"(anonymous_6)","decl":{"start":{"line":39,"column":19},"end":{"line":39,"column":27}},"loc":{"start":{"line":39,"column":30},"end":{"line":42,"column":11}}}},"branchMap":{"0":{"loc":{"start":{"line":16,"column":4},"end":{"line":29,"column":null}},"type":"if","locations":[{"start":{"line":16,"column":4},"end":{"line":29,"column":null}},{"start":{"line":16,"column":4},"end":{"line":29,"column":null}}]},"1":{"loc":{"start":{"line":18,"column":8},"end":{"line":27,"column":null}},"type":"if","locations":[{"start":{"line":18,"column":8},"end":{"line":27,"column":null}},{"start":{"line":18,"column":8},"end":{"line":27,"column":null}}]},"2":{"loc":{"start":{"line":35,"column":6},"end":{"line":46,"column":null}},"type":"if","locations":[{"start":{"line":35,"column":6},"end":{"line":46,"column":null}},{"start":{"line":35,"column":6},"end":{"line":46,"column":null}}]}},"s":{"0":9,"1":9,"2":9,"3":9,"4":4,"5":4,"6":4,"7":31,"8":31,"9":25,"10":13,"11":6,"12":6,"13":7,"14":4,"15":24,"16":24,"17":20,"18":4,"19":5,"20":5,"21":16,"22":16},"f":{"0":4,"1":31,"2":13,"3":6,"4":24,"5":20,"6":5},"b":{"0":[25,6],"1":[6,7],"2":[4,16]}}
,"/home/wangfan/projects/ts-gear/src/step/fetchSwagger.ts": {"path":"/home/wangfan/projects/ts-gear/src/step/fetchSwagger.ts","statementMap":{"0":{"start":{"line":1,"column":0},"end":{"line":1,"column":27}},"1":{"start":{"line":3,"column":0},"end":{"line":3,"column":25}},"2":{"start":{"line":5,"column":0},"end":{"line":5,"column":41}},"3":{"start":{"line":14,"column":13},"end":{"line":34,"column":null}},"4":{"start":{"line":15,"column":14},"end":{"line":15,"column":28}},"5":{"start":{"line":16,"column":2},"end":{"line":23,"column":null}},"6":{"start":{"line":17,"column":20},"end":{"line":17,"column":58}},"7":{"start":{"line":18,"column":4},"end":{"line":18,"column":null}},"8":{"start":{"line":19,"column":16},"end":{"line":19,"column":63}},"9":{"start":{"line":20,"column":26},"end":{"line":20,"column":42}},"10":{"start":{"line":21,"column":4},"end":{"line":21,"column":null}},"11":{"start":{"line":22,"column":4},"end":{"line":22,"column":null}},"12":{"start":{"line":24,"column":14},"end":{"line":24,"column":27}},"13":{"start":{"line":25,"column":17},"end":{"line":25,"column":42}},"14":{"start":{"line":27,"column":2},"end":{"line":31,"column":null}},"15":{"start":{"line":28,"column":20},"end":{"line":28,"column":63}},"16":{"start":{"line":29,"column":4},"end":{"line":29,"column":null}},"17":{"start":{"line":30,"column":4},"end":{"line":30,"column":null}},"18":{"start":{"line":33,"column":2},"end":{"line":33,"column":null}}},"fnMap":{"0":{"name":"(anonymous_0)","decl":{"start":{"line":14,"column":28},"end":{"line":14,"column":33}},"loc":{"start":{"line":14,"column":56},"end":{"line":34,"column":1}}}},"branchMap":{"0":{"loc":{"start":{"line":16,"column":2},"end":{"line":23,"column":null}},"type":"if","locations":[{"start":{"line":16,"column":2},"end":{"line":23,"column":null}},{"start":{"line":16,"column":2},"end":{"line":23,"column":null}}]},"1":{"loc":{"start":{"line":27,"column":2},"end":{"line":31,"column":null}},"type":"if","locations":[{"start":{"line":27,"column":2},"end":{"line":31,"column":null}},{"start":{"line":27,"column":2},"end":{"line":31,"column":null}}]}},"s":{"0":9,"1":9,"2":9,"3":9,"4":5,"5":5,"6":1,"7":1,"8":1,"9":1,"10":1,"11":1,"12":4,"13":4,"14":4,"15":1,"16":1,"17":1,"18":3},"f":{"0":5},"b":{"0":[1,4],"1":[1,3]}}
,"/home/wangfan/projects/ts-gear/src/step/generateDefinitionContent.ts": {"path":"/home/wangfan/projects/ts-gear/src/step/generateDefinitionContent.ts","statementMap":{"0":{"start":{"line":1,"column":0},"end":{"line":1,"column":null}},"1":{"start":{"line":10,"column":0},"end":{"line":10,"column":63}},"2":{"start":{"line":11,"column":0},"end":{"line":11,"column":40}},"3":{"start":{"line":13,"column":0},"end":{"line":13,"column":52}},"4":{"start":{"line":14,"column":0},"end":{"line":14,"column":49}},"5":{"start":{"line":17,"column":13},"end":{"line":91,"column":null}},"6":{"start":{"line":18,"column":28},"end":{"line":18,"column":46}},"7":{"start":{"line":19,"column":2},"end":{"line":90,"column":null}},"8":{"start":{"line":20,"column":4},"end":{"line":22,"column":null}},"9":{"start":{"line":21,"column":6},"end":{"line":21,"column":12}},"10":{"start":{"line":23,"column":19},"end":{"line":23,"column":24}},"11":{"start":{"line":24,"column":18},"end":{"line":24,"column":38}},"12":{"start":{"line":25,"column":19},"end":{"line":25,"column":37}},"13":{"start":{"line":26,"column":4},"end":{"line":88,"column":null}},"14":{"start":{"line":27,"column":6},"end":{"line":80,"column":null}},"15":{"start":{"line":28,"column":32},"end":{"line":28,"column":64}},"16":{"start":{"line":29,"column":106},"end":{"line":39,"column":null}},"17":{"start":{"line":33,"column":50},"end":{"line":36,"column":16}},"18":{"start":{"line":40,"column":22},"end":{"line":40,"column":113}},"19":{"start":{"line":41,"column":8},"end":{"line":56,"column":null}},"20":{"start":{"line":42,"column":27},"end":{"line":42,"column":52}},"21":{"start":{"line":43,"column":109},"end":{"line":49,"column":null}},"22":{"start":{"line":52,"column":10},"end":{"line":54,"column":null}},"23":{"start":{"line":53,"column":12},"end":{"line":53,"column":null}},"24":{"start":{"line":55,"column":10},"end":{"line":55,"column":null}},"25":{"start":{"line":58,"column":13},"end":{"line":80,"column":null}},"26":{"start":{"line":59,"column":41},"end":{"line":59,"column":47}},"27":{"start":{"line":61,"column":8},"end":{"line":72,"column":null}},"28":{"start":{"line":74,"column":8},"end":{"line":79,"column":null}},"29":{"start":{"line":82,"column":6},"end":{"line":87,"column":null}},"30":{"start":{"line":89,"column":4},"end":{"line":89,"column":null}}},"fnMap":{"0":{"name":"(anonymous_0)","decl":{"start":{"line":17,"column":41},"end":{"line":17,"column":42}},"loc":{"start":{"line":17,"column":63},"end":{"line":91,"column":1}}},"1":{"name":"(anonymous_1)","decl":{"start":{"line":19,"column":39},"end":{"line":19,"column":49}},"loc":{"start":{"line":19,"column":52},"end":{"line":90,"column":3}}},"2":{"name":"(anonymous_2)","decl":{"start":{"line":33,"column":44},"end":{"line":33,"column":45}},"loc":{"start":{"line":33,"column":50},"end":{"line":36,"column":16}}},"3":{"name":"(anonymous_3)","decl":{"start":{"line":41,"column":62},"end":{"line":41,"column":66}},"loc":{"start":{"line":41,"column":69},"end":{"line":56,"column":9}}}},"branchMap":{"0":{"loc":{"start":{"line":20,"column":4},"end":{"line":22,"column":null}},"type":"if","locations":[{"start":{"line":20,"column":4},"end":{"line":22,"column":null}},{"start":{"line":20,"column":4},"end":{"line":22,"column":null}}]},"1":{"loc":{"start":{"line":20,"column":8},"end":{"line":20,"column":36}},"type":"binary-expr","locations":[{"start":{"line":20,"column":8},"end":{"line":20,"column":36}},{"start":{"line":20,"column":40},"end":{"line":20,"column":58}}]},"2":{"loc":{"start":{"line":26,"column":4},"end":{"line":88,"column":null}},"type":"if","locations":[{"start":{"line":26,"column":4},"end":{"line":88,"column":null}},{"start":{"line":26,"column":4},"end":{"line":88,"column":null}}]},"3":{"loc":{"start":{"line":27,"column":6},"end":{"line":80,"column":null}},"type":"if","locations":[{"start":{"line":27,"column":6},"end":{"line":80,"column":null}},{"start":{"line":27,"column":6},"end":{"line":80,"column":null}}]},"4":{"loc":{"start":{"line":33,"column":14},"end":{"line":36,"column":17}},"type":"cond-expr","locations":[{"start":{"line":33,"column":14},"end":{"line":36,"column":17}},{"start":{"line":37,"column":14},"end":{"line":37,"column":23}}]},"5":{"loc":{"start":{"line":40,"column":40},"end":{"line":40,"column":77}},"type":"cond-expr","locations":[{"start":{"line":40,"column":40},"end":{"line":40,"column":77}},{"start":{"line":40,"column":80},"end":{"line":40,"column":113}}]},"6":{"loc":{"start":{"line":46,"column":37},"end":{"line":46,"column":46}},"type":"cond-expr","locations":[{"start":{"line":46,"column":37},"end":{"line":46,"column":46}},{"start":{"line":46,"column":49},"end":{"line":46,"column":61}}]},"7":{"loc":{"start":{"line":47,"column":30},"end":{"line":47,"column":46}},"type":"binary-expr","locations":[{"start":{"line":47,"column":30},"end":{"line":47,"column":46}},{"start":{"line":47,"column":50},"end":{"line":47,"column":81}}]},"8":{"loc":{"start":{"line":52,"column":10},"end":{"line":54,"column":null}},"type":"if","locations":[{"start":{"line":52,"column":10},"end":{"line":54,"column":null}},{"start":{"line":52,"column":10},"end":{"line":54,"column":null}}]},"9":{"loc":{"start":{"line":52,"column":14},"end":{"line":52,"column":30}},"type":"binary-expr","locations":[{"start":{"line":52,"column":14},"end":{"line":52,"column":30}},{"start":{"line":52,"column":34},"end":{"line":52,"column":66}}]},"10":{"loc":{"start":{"line":58,"column":13},"end":{"line":80,"column":null}},"type":"if","locations":[{"start":{"line":58,"column":13},"end":{"line":80,"column":null}},{"start":{"line":58,"column":13},"end":{"line":80,"column":null}}]},"11":{"loc":{"start":{"line":64,"column":60},"end":{"line":64,"column":93}},"type":"cond-expr","locations":[{"start":{"line":64,"column":60},"end":{"line":64,"column":93}},{"start":{"line":64,"column":96},"end":{"line":64,"column":98}}]},"12":{"loc":{"start":{"line":69,"column":58},"end":{"line":69,"column":63}},"type":"cond-expr","locations":[{"start":{"line":69,"column":58},"end":{"line":69,"column":63}},{"start":{"line":69,"column":66},"end":{"line":69,"column":106}}]}},"s":{"0":9,"1":9,"2":9,"3":9,"4":9,"5":9,"6":2,"7":2,"8":15,"9":6,"10":9,"11":9,"12":9,"13":9,"14":9,"15":8,"16":8,"17":2,"18":8,"19":8,"20":38,"21":38,"22":38,"23":1,"24":38,"25":1,"26":0,"27":0,"28":1,"29":0,"30":9},"f":{"0":2,"1":15,"2":2,"3":38},"b":{"0":[6,9],"1":[15,9],"2":[9,0],"3":[8,1],"4":[2,6],"5":[0,8],"6":[0,38],"7":[38,16],"8":[1,37],"9":[38,38],"10":[0,1],"11":[0,0],"12":[0,0]}}
,"/home/wangfan/projects/ts-gear/src/step/importAllDefinition.ts": {"path":"/home/wangfan/projects/ts-gear/src/step/importAllDefinition.ts","statementMap":{"0":{"start":{"line":1,"column":0},"end":{"line":1,"column":52}},"1":{"start":{"line":4,"column":13},"end":{"line":17,"column":null}},"2":{"start":{"line":5,"column":28},"end":{"line":5,"column":46}},"3":{"start":{"line":6,"column":17},"end":{"line":6,"column":34}},"4":{"start":{"line":7,"column":2},"end":{"line":14,"column":null}},"5":{"start":{"line":8,"column":4},"end":{"line":13,"column":null}},"6":{"start":{"line":12,"column":8},"end":{"line":12,"column":null}},"7":{"start":{"line":15,"column":22},"end":{"line":15,"column":40}},"8":{"start":{"line":16,"column":2},"end":{"line":16,"column":null}}},"fnMap":{"0":{"name":"(anonymous_0)","decl":{"start":{"line":4,"column":35},"end":{"line":4,"column":36}},"loc":{"start":{"line":4,"column":57},"end":{"line":17,"column":1}}},"1":{"name":"(anonymous_1)","decl":{"start":{"line":7,"column":36},"end":{"line":7,"column":40}},"loc":{"start":{"line":7,"column":43},"end":{"line":14,"column":3}}},"2":{"name":"(anonymous_2)","decl":{"start":{"line":11,"column":15},"end":{"line":11,"column":16}},"loc":{"start":{"line":11,"column":19},"end":{"line":13,"column":7}}}},"branchMap":{},"s":{"0":9,"1":9,"2":2,"3":2,"4":2,"5":6,"6":6,"7":2,"8":2},"f":{"0":2,"1":6,"2":6},"b":{}}
,"/home/wangfan/projects/ts-gear/src/step/index.ts": {"path":"/home/wangfan/projects/ts-gear/src/step/index.ts","statementMap":{"0":{"start":{"line":1,"column":0},"end":{"line":1,"column":31}},"1":{"start":{"line":2,"column":0},"end":{"line":2,"column":30}},"2":{"start":{"line":3,"column":0},"end":{"line":3,"column":41}},"3":{"start":{"line":4,"column":0},"end":{"line":4,"column":33}},"4":{"start":{"line":5,"column":0},"end":{"line":5,"column":40}},"5":{"start":{"line":6,"column":0},"end":{"line":6,"column":43}},"6":{"start":{"line":7,"column":0},"end":{"line":7,"column":34}},"7":{"start":{"line":8,"column":0},"end":{"line":8,"column":55}},"8":{"start":{"line":9,"column":0},"end":{"line":9,"column":43}},"9":{"start":{"line":10,"column":0},"end":{"line":10,"column":40}},"10":{"start":{"line":11,"column":0},"end":{"line":11,"column":30}}},"fnMap":{},"branchMap":{},"s":{"0":9,"1":9,"2":9,"3":9,"4":9,"5":9,"6":9,"7":9,"8":9,"9":9,"10":9},"f":{},"b":{}}
,"/home/wangfan/projects/ts-gear/src/step/parseGenericType.ts": {"path":"/home/wangfan/projects/ts-gear/src/step/parseGenericType.ts","statementMap":{"0":{"start":{"line":1,"column":0},"end":{"line":1,"column":69}},"1":{"start":{"line":2,"column":0},"end":{"line":2,"column":52}},"2":{"start":{"line":3,"column":0},"end":{"line":3,"column":null}},"3":{"start":{"line":11,"column":0},"end":{"line":11,"column":75}},"4":{"start":{"line":17,"column":13},"end":{"line":107,"column":null}},"5":{"start":{"line":18,"column":28},"end":{"line":18,"column":41}},"6":{"start":{"line":23,"column":55},"end":{"line":23,"column":57}},"7":{"start":{"line":24,"column":2},"end":{"line":77,"column":null}},"8":{"start":{"line":25,"column":23},"end":{"line":25,"column":52}},"9":{"start":{"line":26,"column":4},"end":{"line":76,"column":null}},"10":{"start":{"line":27,"column":6},"end":{"line":75,"column":null}},"11":{"start":{"line":28,"column":29},"end":{"line":28,"column":62}},"12":{"start":{"line":29,"column":8},"end":{"line":31,"column":null}},"13":{"start":{"line":30,"column":10},"end":{"line":30,"column":16}},"14":{"start":{"line":32,"column":31},"end":{"line":32,"column":93}},"15":{"start":{"line":32,"column":64},"end":{"line":32,"column":92}},"16":{"start":{"line":33,"column":25},"end":{"line":33,"column":42}},"17":{"start":{"line":34,"column":8},"end":{"line":36,"column":null}},"18":{"start":{"line":35,"column":10},"end":{"line":35,"column":null}},"19":{"start":{"line":38,"column":45},"end":{"line":38,"column":101}},"20":{"start":{"line":38,"column":78},"end":{"line":38,"column":100}},"21":{"start":{"line":39,"column":8},"end":{"line":74,"column":null}},"22":{"start":{"line":40,"column":10},"end":{"line":47,"column":null}},"23":{"start":{"line":41,"column":12},"end":{"line":45,"column":null}},"24":{"start":{"line":42,"column":14},"end":{"line":44,"column":null}},"25":{"start":{"line":43,"column":16},"end":{"line":43,"column":null}},"26":{"start":{"line":46,"column":12},"end":{"line":46,"column":null}},"27":{"start":{"line":52,"column":10},"end":{"line":56,"column":null}},"28":{"start":{"line":57,"column":10},"end":{"line":57,"column":null}},"29":{"start":{"line":59,"column":10},"end":{"line":61,"column":null}},"30":{"start":{"line":64,"column":10},"end":{"line":71,"column":null}},"31":{"start":{"line":65,"column":12},"end":{"line":70,"column":null}},"32":{"start":{"line":66,"column":28},"end":{"line":66,"column":55}},"33":{"start":{"line":67,"column":14},"end":{"line":69,"column":null}},"34":{"start":{"line":68,"column":16},"end":{"line":68,"column":null}},"35":{"start":{"line":73,"column":10},"end":{"line":73,"column":null}},"36":{"start":{"line":78,"column":2},"end":{"line":106,"column":null}},"37":{"start":{"line":82,"column":4},"end":{"line":105,"column":null}},"38":{"start":{"line":83,"column":6},"end":{"line":83,"column":null}},"39":{"start":{"line":84,"column":6},"end":{"line":104,"column":null}},"40":{"start":{"line":85,"column":8},"end":{"line":103,"column":null}},"41":{"start":{"line":86,"column":10},"end":{"line":102,"column":null}},"42":{"start":{"line":87,"column":26},"end":{"line":87,"column":50}},"43":{"start":{"line":88,"column":12},"end":{"line":99,"column":null}},"44":{"start":{"line":88,"column":37},"end":{"line":88,"column":63}},"45":{"start":{"line":89,"column":27},"end":{"line":89,"column":72}},"46":{"start":{"line":90,"column":14},"end":{"line":90,"column":null}},"47":{"start":{"line":91,"column":14},"end":{"line":98,"column":null}},"48":{"start":{"line":95,"column":18},"end":{"line":97,"column":null}},"49":{"start":{"line":96,"column":20},"end":{"line":96,"column":null}},"50":{"start":{"line":101,"column":12},"end":{"line":101,"column":null}},"51":{"start":{"line":109,"column":13},"end":{"line":139,"column":null}},"52":{"start":{"line":110,"column":40},"end":{"line":110,"column":53}},"53":{"start":{"line":111,"column":2},"end":{"line":138,"column":null}},"54":{"start":{"line":112,"column":4},"end":{"line":137,"column":null}},"55":{"start":{"line":113,"column":6},"end":{"line":136,"column":null}},"56":{"start":{"line":114,"column":8},"end":{"line":135,"column":null}},"57":{"start":{"line":115,"column":10},"end":{"line":115,"column":null}},"58":{"start":{"line":116,"column":15},"end":{"line":135,"column":null}},"59":{"start":{"line":117,"column":24},"end":{"line":117,"column":48}},"60":{"start":{"line":118,"column":42},"end":{"line":120,"column":12}},"61":{"start":{"line":119,"column":12},"end":{"line":119,"column":null}},"62":{"start":{"line":121,"column":10},"end":{"line":132,"column":null}},"63":{"start":{"line":122,"column":25},"end":{"line":122,"column":70}},"64":{"start":{"line":123,"column":12},"end":{"line":123,"column":null}},"65":{"start":{"line":124,"column":12},"end":{"line":131,"column":null}},"66":{"start":{"line":128,"column":16},"end":{"line":130,"column":null}},"67":{"start":{"line":129,"column":18},"end":{"line":129,"column":null}},"68":{"start":{"line":134,"column":10},"end":{"line":134,"column":null}},"69":{"start":{"line":141,"column":13},"end":{"line":147,"column":null}},"70":{"start":{"line":142,"column":24},"end":{"line":142,"column":42}},"71":{"start":{"line":144,"column":2},"end":{"line":144,"column":null}},"72":{"start":{"line":146,"column":2},"end":{"line":146,"column":null}}},"fnMap":{"0":{"name":"(anonymous_0)","decl":{"start":{"line":17,"column":48},"end":{"line":17,"column":49}},"loc":{"start":{"line":17,"column":82},"end":{"line":107,"column":1}}},"1":{"name":"(anonymous_1)","decl":{"start":{"line":24,"column":66},"end":{"line":24,"column":80}},"loc":{"start":{"line":24,"column":83},"end":{"line":77,"column":3}}},"2":{"name":"(anonymous_2)","decl":{"start":{"line":32,"column":56},"end":{"line":32,"column":60}},"loc":{"start":{"line":32,"column":64},"end":{"line":32,"column":92}}},"3":{"name":"(anonymous_3)","decl":{"start":{"line":34,"column":41},"end":{"line":34,"column":46}},"loc":{"start":{"line":34,"column":49},"end":{"line":36,"column":9}}},"4":{"name":"(anonymous_4)","decl":{"start":{"line":38,"column":66},"end":{"line":38,"column":74}},"loc":{"start":{"line":38,"column":78},"end":{"line":38,"column":100}}},"5":{"name":"(anonymous_5)","decl":{"start":{"line":40,"column":57},"end":{"line":40,"column":68}},"loc":{"start":{"line":40,"column":71},"end":{"line":47,"column":11}}},"6":{"name":"(anonymous_6)","decl":{"start":{"line":41,"column":47},"end":{"line":41,"column":48}},"loc":{"start":{"line":41,"column":74},"end":{"line":45,"column":13}}},"7":{"name":"(anonymous_7)","decl":{"start":{"line":64,"column":33},"end":{"line":64,"column":41}},"loc":{"start":{"line":64,"column":44},"end":{"line":71,"column":11}}},"8":{"name":"(anonymous_8)","decl":{"start":{"line":67,"column":28},"end":{"line":67,"column":32}},"loc":{"start":{"line":67,"column":35},"end":{"line":69,"column":15}}},"9":{"name":"(anonymous_9)","decl":{"start":{"line":82,"column":35},"end":{"line":82,"column":45}},"loc":{"start":{"line":82,"column":48},"end":{"line":105,"column":5}}},"10":{"name":"(anonymous_10)","decl":{"start":{"line":84,"column":41},"end":{"line":84,"column":42}},"loc":{"start":{"line":84,"column":68},"end":{"line":104,"column":7}}},"11":{"name":"(anonymous_11)","decl":{"start":{"line":88,"column":29},"end":{"line":88,"column":33}},"loc":{"start":{"line":88,"column":37},"end":{"line":88,"column":63}}},"12":{"name":"(anonymous_12)","decl":{"start":{"line":94,"column":25},"end":{"line":94,"column":26}},"loc":{"start":{"line":94,"column":29},"end":{"line":98,"column":17}}},"13":{"name":"(anonymous_13)","decl":{"start":{"line":109,"column":40},"end":{"line":109,"column":41}},"loc":{"start":{"line":109,"column":74},"end":{"line":139,"column":1}}},"14":{"name":"(anonymous_14)","decl":{"start":{"line":111,"column":36},"end":{"line":111,"column":43}},"loc":{"start":{"line":111,"column":46},"end":{"line":138,"column":3}}},"15":{"name":"(anonymous_15)","decl":{"start":{"line":112,"column":35},"end":{"line":112,"column":36}},"loc":{"start":{"line":112,"column":62},"end":{"line":137,"column":5}}},"16":{"name":"(anonymous_16)","decl":{"start":{"line":118,"column":54},"end":{"line":118,"column":58}},"loc":{"start":{"line":118,"column":61},"end":{"line":120,"column":11}}},"17":{"name":"(anonymous_17)","decl":{"start":{"line":127,"column":23},"end":{"line":127,"column":24}},"loc":{"start":{"line":127,"column":27},"end":{"line":131,"column":15}}},"18":{"name":"(anonymous_18)","decl":{"start":{"line":141,"column":32},"end":{"line":141,"column":33}},"loc":{"start":{"line":141,"column":54},"end":{"line":147,"column":1}}}},"branchMap":{"0":{"loc":{"start":{"line":26,"column":4},"end":{"line":76,"column":null}},"type":"if","locations":[{"start":{"line":26,"column":4},"end":{"line":76,"column":null}},{"start":{"line":26,"column":4},"end":{"line":76,"column":null}}]},"1":{"loc":{"start":{"line":27,"column":6},"end":{"line":75,"column":null}},"type":"if","locations":[{"start":{"line":27,"column":6},"end":{"line":75,"column":null}},{"start":{"line":27,"column":6},"end":{"line":75,"column":null}}]},"2":{"loc":{"start":{"line":29,"column":8},"end":{"line":31,"column":null}},"type":"if","locations":[{"start":{"line":29,"column":8},"end":{"line":31,"column":null}},{"start":{"line":29,"column":8},"end":{"line":31,"column":null}}]},"3":{"loc":{"start":{"line":39,"column":8},"end":{"line":74,"column":null}},"type":"if","locations":[{"start":{"line":39,"column":8},"end":{"line":74,"column":null}},{"start":{"line":39,"column":8},"end":{"line":74,"column":null}}]},"4":{"loc":{"start":{"line":42,"column":14},"end":{"line":44,"column":null}},"type":"if","locations":[{"start":{"line":42,"column":14},"end":{"line":44,"column":null}},{"start":{"line":42,"column":14},"end":{"line":44,"column":null}}]},"5":{"loc":{"start":{"line":42,"column":18},"end":{"line":42,"column":32}},"type":"binary-expr","locations":[{"start":{"line":42,"column":18},"end":{"line":42,"column":32}},{"start":{"line":42,"column":36},"end":{"line":42,"column":57}}]},"6":{"loc":{"start":{"line":65,"column":12},"end":{"line":70,"column":null}},"type":"if","locations":[{"start":{"line":65,"column":12},"end":{"line":70,"column":null}},{"start":{"line":65,"column":12},"end":{"line":70,"column":null}}]},"7":{"loc":{"start":{"line":78,"column":2},"end":{"line":106,"column":null}},"type":"if","locations":[{"start":{"line":78,"column":2},"end":{"line":106,"column":null}},{"start":{"line":78,"column":2},"end":{"line":106,"column":null}}]},"8":{"loc":{"start":{"line":85,"column":8},"end":{"line":103,"column":null}},"type":"if","locations":[{"start":{"line":85,"column":8},"end":{"line":103,"column":null}},{"start":{"line":85,"column":8},"end":{"line":103,"column":null}}]},"9":{"loc":{"start":{"line":85,"column":12},"end":{"line":85,"column":26}},"type":"binary-expr","locations":[{"start":{"line":85,"column":12},"end":{"line":85,"column":26}},{"start":{"line":85,"column":30},"end":{"line":85,"column":55}}]},"10":{"loc":{"start":{"line":86,"column":10},"end":{"line":102,"column":null}},"type":"if","locations":[{"start":{"line":86,"column":10},"end":{"line":102,"column":null}},{"start":{"line":86,"column":10},"end":{"line":102,"column":null}}]},"11":{"loc":{"start":{"line":88,"column":12},"end":{"line":99,"column":null}},"type":"if","locations":[{"start":{"line":88,"column":12},"end":{"line":99,"column":null}},{"start":{"line":88,"column":12},"end":{"line":99,"column":null}}]},"12":{"loc":{"start":{"line":95,"column":18},"end":{"line":97,"column":null}},"type":"if","locations":[{"start":{"line":95,"column":18},"end":{"line":97,"column":null}},{"start":{"line":95,"column":18},"end":{"line":97,"column":null}}]},"13":{"loc":{"start":{"line":113,"column":6},"end":{"line":136,"column":null}},"type":"if","locations":[{"start":{"line":113,"column":6},"end":{"line":136,"column":null}},{"start":{"line":113,"column":6},"end":{"line":136,"column":null}}]},"14":{"loc":{"start":{"line":113,"column":10},"end":{"line":113,"column":24}},"type":"binary-expr","locations":[{"start":{"line":113,"column":10},"end":{"line":113,"column":24}},{"start":{"line":113,"column":28},"end":{"line":113,"column":53}}]},"15":{"loc":{"start":{"line":114,"column":8},"end":{"line":135,"column":null}},"type":"if","locations":[{"start":{"line":114,"column":8},"end":{"line":135,"column":null}},{"start":{"line":114,"column":8},"end":{"line":135,"column":null}}]},"16":{"loc":{"start":{"line":116,"column":15},"end":{"line":135,"column":null}},"type":"if","locations":[{"start":{"line":116,"column":15},"end":{"line":135,"column":null}},{"start":{"line":116,"column":15},"end":{"line":135,"column":null}}]},"17":{"loc":{"start":{"line":121,"column":10},"end":{"line":132,"column":null}},"type":"if","locations":[{"start":{"line":121,"column":10},"end":{"line":132,"column":null}},{"start":{"line":121,"column":10},"end":{"line":132,"column":null}}]},"18":{"loc":{"start":{"line":128,"column":16},"end":{"line":130,"column":null}},"type":"if","locations":[{"start":{"line":128,"column":16},"end":{"line":130,"column":null}},{"start":{"line":128,"column":16},"end":{"line":130,"column":null}}]}},"s":{"0":9,"1":9,"2":9,"3":9,"4":9,"5":5,"6":5,"7":5,"8":29,"9":29,"10":6,"11":6,"12":6,"13":0,"14":6,"15":6,"16":6,"17":6,"18":8,"19":6,"20":6,"21":6,"22":3,"23":3,"24":72,"25":3,"26":3,"27":3,"28":3,"29":3,"30":3,"31":3,"32":3,"33":3,"34":5,"35":3,"36":5,"37":1,"38":3,"39":3,"40":32,"41":4,"42":2,"43":2,"44":3,"45":2,"46":2,"47":2,"48":3,"49":2,"50":2,"51":9,"52":5,"53":5,"54":25,"55":643,"56":22,"57":18,"58":4,"59":2,"60":2,"61":4,"62":2,"63":2,"64":2,"65":2,"66":4,"67":2,"68":2,"69":9,"70":4,"71":4,"72":4},"f":{"0":5,"1":29,"2":6,"3":8,"4":6,"5":3,"6":72,"7":3,"8":5,"9":3,"10":32,"11":3,"12":3,"13":5,"14":25,"15":643,"16":4,"17":4,"18":4},"b":{"0":[6,23],"1":[6,0],"2":[0,6],"3":[3,3],"4":[3,69],"5":[72,3],"6":[3,0],"7":[1,4],"8":[4,28],"9":[32,5],"10":[2,2],"11":[2,0],"12":[2,1],"13":[22,621],"14":[643,22],"15":[18,4],"16":[2,2],"17":[2,0],"18":[2,2]}}
,"/home/wangfan/projects/ts-gear/src/step/prepareProjectDirectory.ts": {"path":"/home/wangfan/projects/ts-gear/src/step/prepareProjectDirectory.ts","statementMap":{"0":{"start":{"line":1,"column":0},"end":{"line":1,"column":42}},"1":{"start":{"line":2,"column":0},"end":{"line":2,"column":27}},"2":{"start":{"line":6,"column":13},"end":{"line":12,"column":null}},"3":{"start":{"line":7,"column":14},"end":{"line":7,"column":27}},"4":{"start":{"line":8,"column":15},"end":{"line":8,"column":52}},"5":{"start":{"line":9,"column":2},"end":{"line":11,"column":null}},"6":{"start":{"line":10,"column":4},"end":{"line":10,"column":null}}},"fnMap":{"0":{"name":"(anonymous_0)","decl":{"start":{"line":6,"column":39},"end":{"line":6,"column":40}},"loc":{"start":{"line":6,"column":61},"end":{"line":12,"column":1}}}},"branchMap":{"0":{"loc":{"start":{"line":9,"column":2},"end":{"line":11,"column":null}},"type":"if","locations":[{"start":{"line":9,"column":2},"end":{"line":11,"column":null}},{"start":{"line":9,"column":2},"end":{"line":11,"column":null}}]}},"s":{"0":9,"1":9,"2":9,"3":2,"4":2,"5":2,"6":0},"f":{"0":2},"b":{"0":[0,2]}}
,"/home/wangfan/projects/ts-gear/src/step/translateSchema.ts": {"path":"/home/wangfan/projects/ts-gear/src/step/translateSchema.ts","statementMap":{"0":{"start":{"line":2,"column":0},"end":{"line":2,"column":29}},"1":{"start":{"line":4,"column":0},"end":{"line":4,"column":55}},"2":{"start":{"line":6,"column":0},"end":{"line":6,"column":45}},"3":{"start":{"line":8,"column":13},"end":{"line":8,"column":null}},"4":{"start":{"line":11,"column":13},"end":{"line":30,"column":null}},"5":{"start":{"line":12,"column":37},"end":{"line":12,"column":46}},"6":{"start":{"line":14,"column":2},"end":{"line":19,"column":null}},"7":{"start":{"line":15,"column":4},"end":{"line":15,"column":null}},"8":{"start":{"line":16,"column":4},"end":{"line":18,"column":null}},"9":{"start":{"line":17,"column":6},"end":{"line":17,"column":null}},"10":{"start":{"line":21,"column":2},"end":{"line":28,"column":null}},"11":{"start":{"line":22,"column":4},"end":{"line":27,"column":null}},"12":{"start":{"line":23,"column":6},"end":{"line":26,"column":null}},"13":{"start":{"line":25,"column":8},"end":{"line":25,"column":null}},"14":{"start":{"line":29,"column":2},"end":{"line":29,"column":null}},"15":{"start":{"line":34,"column":17},"end":{"line":34,"column":18}},"16":{"start":{"line":44,"column":13},"end":{"line":61,"column":null}},"17":{"start":{"line":45,"column":30},"end":{"line":45,"column":32}},"18":{"start":{"line":47,"column":2},"end":{"line":59,"column":null}},"19":{"start":{"line":48,"column":4},"end":{"line":58,"column":null}},"20":{"start":{"line":50,"column":22},"end":{"line":50,"column":59}},"21":{"start":{"line":52,"column":8},"end":{"line":55,"column":null}},"22":{"start":{"line":52,"column":32},"end":{"line":52,"column":45}},"23":{"start":{"line":53,"column":10},"end":{"line":53,"column":null}},"24":{"start":{"line":54,"column":10},"end":{"line":54,"column":null}},"25":{"start":{"line":56,"column":8},"end":{"line":56,"column":null}},"26":{"start":{"line":60,"column":2},"end":{"line":60,"column":null}},"27":{"start":{"line":64,"column":13},"end":{"line":86,"column":null}},"28":{"start":{"line":65,"column":26},"end":{"line":65,"column":30}},"29":{"start":{"line":66,"column":2},"end":{"line":71,"column":null}},"30":{"start":{"line":67,"column":4},"end":{"line":70,"column":null}},"31":{"start":{"line":68,"column":6},"end":{"line":68,"column":null}},"32":{"start":{"line":69,"column":6},"end":{"line":69,"column":null}},"33":{"start":{"line":73,"column":2},"end":{"line":85,"column":null}},"34":{"start":{"line":74,"column":4},"end":{"line":84,"column":null}},"35":{"start":{"line":75,"column":29},"end":{"line":75,"column":58}},"36":{"start":{"line":76,"column":6},"end":{"line":83,"column":null}},"37":{"start":{"line":77,"column":24},"end":{"line":77,"column":47}},"38":{"start":{"line":78,"column":8},"end":{"line":82,"column":null}},"39":{"start":{"line":79,"column":10},"end":{"line":79,"column":null}},"40":{"start":{"line":81,"column":10},"end":{"line":81,"column":null}},"41":{"start":{"line":92,"column":13},"end":{"line":96,"column":null}},"42":{"start":{"line":93,"column":16},"end":{"line":93,"column":43}},"43":{"start":{"line":94,"column":14},"end":{"line":94,"column":61}},"44":{"start":{"line":95,"column":2},"end":{"line":95,"column":null}}},"fnMap":{"0":{"name":"(anonymous_0)","decl":{"start":{"line":11,"column":37},"end":{"line":11,"column":38}},"loc":{"start":{"line":11,"column":52},"end":{"line":30,"column":1}}},"1":{"name":"(anonymous_1)","decl":{"start":{"line":14,"column":56},"end":{"line":14,"column":57}},"loc":{"start":{"line":14,"column":60},"end":{"line":19,"column":3}}},"2":{"name":"(anonymous_2)","decl":{"start":{"line":21,"column":23},"end":{"line":21,"column":24}},"loc":{"start":{"line":21,"column":42},"end":{"line":28,"column":3}}},"3":{"name":"(anonymous_3)","decl":{"start":{"line":44,"column":38},"end":{"line":44,"column":43}},"loc":{"start":{"line":44,"column":97},"end":{"line":61,"column":1}}},"4":{"name":"(anonymous_4)","decl":{"start":{"line":49,"column":22},"end":{"line":49,"column":27}},"loc":{"start":{"line":49,"column":35},"end":{"line":57,"column":7}}},"5":{"name":"(anonymous_5)","decl":{"start":{"line":52,"column":27},"end":{"line":52,"column":28}},"loc":{"start":{"line":52,"column":32},"end":{"line":52,"column":45}}},"6":{"name":"(anonymous_6)","decl":{"start":{"line":64,"column":28},"end":{"line":64,"column":29}},"loc":{"start":{"line":64,"column":64},"end":{"line":86,"column":1}}},"7":{"name":"(anonymous_7)","decl":{"start":{"line":66,"column":51},"end":{"line":66,"column":52}},"loc":{"start":{"line":66,"column":55},"end":{"line":71,"column":3}}},"8":{"name":"(anonymous_8)","decl":{"start":{"line":73,"column":23},"end":{"line":73,"column":24}},"loc":{"start":{"line":73,"column":50},"end":{"line":85,"column":3}}},"9":{"name":"(anonymous_9)","decl":{"start":{"line":92,"column":31},"end":{"line":92,"column":36}},"loc":{"start":{"line":92,"column":83},"end":{"line":96,"column":1}}}},"branchMap":{"0":{"loc":{"start":{"line":16,"column":4},"end":{"line":18,"column":null}},"type":"if","locations":[{"start":{"line":16,"column":4},"end":{"line":18,"column":null}},{"start":{"line":16,"column":4},"end":{"line":18,"column":null}}]},"1":{"loc":{"start":{"line":22,"column":4},"end":{"line":27,"column":null}},"type":"if","locations":[{"start":{"line":22,"column":4},"end":{"line":27,"column":null}},{"start":{"line":22,"column":4},"end":{"line":27,"column":null}}]},"2":{"loc":{"start":{"line":22,"column":8},"end":{"line":22,"column":22}},"type":"binary-expr","locations":[{"start":{"line":22,"column":8},"end":{"line":22,"column":22}},{"start":{"line":22,"column":26},"end":{"line":22,"column":51}}]},"3":{"loc":{"start":{"line":23,"column":6},"end":{"line":26,"column":null}},"type":"if","locations":[{"start":{"line":23,"column":6},"end":{"line":26,"column":null}},{"start":{"line":23,"column":6},"end":{"line":26,"column":null}}]},"4":{"loc":{"start":{"line":47,"column":2},"end":{"line":59,"column":null}},"type":"if","locations":[{"start":{"line":47,"column":2},"end":{"line":59,"column":null}},{"start":{"line":47,"column":2},"end":{"line":59,"column":null}}]},"5":{"loc":{"start":{"line":52,"column":8},"end":{"line":55,"column":null}},"type":"if","locations":[{"start":{"line":52,"column":8},"end":{"line":55,"column":null}},{"start":{"line":52,"column":8},"end":{"line":55,"column":null}}]},"6":{"loc":{"start":{"line":67,"column":4},"end":{"line":70,"column":null}},"type":"if","locations":[{"start":{"line":67,"column":4},"end":{"line":70,"column":null}},{"start":{"line":67,"column":4},"end":{"line":70,"column":null}}]},"7":{"loc":{"start":{"line":74,"column":4},"end":{"line":84,"column":null}},"type":"if","locations":[{"start":{"line":74,"column":4},"end":{"line":84,"column":null}},{"start":{"line":74,"column":4},"end":{"line":84,"column":null}}]},"8":{"loc":{"start":{"line":74,"column":8},"end":{"line":74,"column":22}},"type":"binary-expr","locations":[{"start":{"line":74,"column":8},"end":{"line":74,"column":22}},{"start":{"line":74,"column":26},"end":{"line":74,"column":51}}]},"9":{"loc":{"start":{"line":76,"column":6},"end":{"line":83,"column":null}},"type":"if","locations":[{"start":{"line":76,"column":6},"end":{"line":83,"column":null}},{"start":{"line":76,"column":6},"end":{"line":83,"column":null}}]},"10":{"loc":{"start":{"line":78,"column":8},"end":{"line":82,"column":null}},"type":"if","locations":[{"start":{"line":78,"column":8},"end":{"line":82,"column":null}},{"start":{"line":78,"column":8},"end":{"line":82,"column":null}}]},"11":{"loc":{"start":{"line":78,"column":12},"end":{"line":78,"column":19}},"type":"binary-expr","locations":[{"start":{"line":78,"column":12},"end":{"line":78,"column":19}},{"start":{"line":78,"column":23},"end":{"line":78,"column":41}}]}},"s":{"0":9,"1":9,"2":9,"3":9,"4":9,"5":0,"6":0,"7":0,"8":0,"9":0,"10":0,"11":0,"12":0,"13":0,"14":0,"15":9,"16":9,"17":0,"18":0,"19":0,"20":0,"21":0,"22":0,"23":0,"24":0,"25":0,"26":0,"27":9,"28":0,"29":0,"30":0,"31":0,"32":0,"33":0,"34":0,"35":0,"36":0,"37":0,"38":0,"39":0,"40":0,"41":9,"42":0,"43":0,"44":0},"f":{"0":0,"1":0,"2":0,"3":0,"4":0,"5":0,"6":0,"7":0,"8":0,"9":0},"b":{"0":[0,0],"1":[0,0],"2":[0,0],"3":[0,0],"4":[0,0],"5":[0,0],"6":[0,0],"7":[0,0],"8":[0,0],"9":[0,0],"10":[0,0],"11":[0,0]}}
,"/home/wangfan/projects/ts-gear/src/step/writeProject.ts": {"path":"/home/wangfan/projects/ts-gear/src/step/writeProject.ts","statementMap":{"0":{"start":{"line":1,"column":0},"end":{"line":1,"column":24}},"1":{"start":{"line":2,"column":0},"end":{"line":2,"column":27}},"2":{"start":{"line":4,"column":0},"end":{"line":4,"column":52}},"3":{"start":{"line":5,"column":0},"end":{"line":5,"column":53}},"4":{"start":{"line":7,"column":0},"end":{"line":7,"column":58}},"5":{"start":{"line":8,"column":0},"end":{"line":8,"column":54}},"6":{"start":{"line":9,"column":0},"end":{"line":9,"column":48}},"7":{"start":{"line":10,"column":0},"end":{"line":10,"column":56}},"8":{"start":{"line":12,"column":0},"end":{"line":12,"column":59}},"9":{"start":{"line":16,"column":13},"end":{"line":54,"column":null}},"10":{"start":{"line":17,"column":40},"end":{"line":17,"column":58}},"11":{"start":{"line":18,"column":14},"end":{"line":18,"column":27}},"12":{"start":{"line":19,"column":15},"end":{"line":19,"column":52}},"13":{"start":{"line":21,"column":32},"end":{"line":21,"column":49}},"14":{"start":{"line":22,"column":28},"end":{"line":32,"column":14}},"15":{"start":{"line":25,"column":23},"end":{"line":25,"column":52}},"16":{"start":{"line":26,"column":6},"end":{"line":28,"column":null}},"17":{"start":{"line":27,"column":8},"end":{"line":27,"column":null}},"18":{"start":{"line":29,"column":6},"end":{"line":29,"column":null}},"19":{"start":{"line":30,"column":6},"end":{"line":30,"column":null}},"20":{"start":{"line":33,"column":2},"end":{"line":33,"column":null}},"21":{"start":{"line":35,"column":25},"end":{"line":39,"column":14}},"22":{"start":{"line":37,"column":6},"end":{"line":37,"column":null}},"23":{"start":{"line":40,"column":26},"end":{"line":40,"column":44}},"24":{"start":{"line":41,"column":2},"end":{"line":51,"column":null}},"25":{"start":{"line":53,"column":2},"end":{"line":53,"column":null}}},"fnMap":{"0":{"name":"(anonymous_0)","decl":{"start":{"line":16,"column":28},"end":{"line":16,"column":29}},"loc":{"start":{"line":16,"column":50},"end":{"line":54,"column":1}}},"1":{"name":"(anonymous_1)","decl":{"start":{"line":23,"column":9},"end":{"line":23,"column":13}},"loc":{"start":{"line":23,"column":16},"end":{"line":31,"column":5}}},"2":{"name":"(anonymous_2)","decl":{"start":{"line":36,"column":9},"end":{"line":36,"column":13}},"loc":{"start":{"line":36,"column":16},"end":{"line":38,"column":5}}}},"branchMap":{"0":{"loc":{"start":{"line":26,"column":6},"end":{"line":28,"column":null}},"type":"if","locations":[{"start":{"line":26,"column":6},"end":{"line":28,"column":null}},{"start":{"line":26,"column":6},"end":{"line":28,"column":null}}]}},"s":{"0":9,"1":9,"2":9,"3":9,"4":9,"5":9,"6":9,"7":9,"8":9,"9":9,"10":2,"11":2,"12":2,"13":2,"14":2,"15":15,"16":15,"17":0,"18":15,"19":15,"20":2,"21":2,"22":20,"23":2,"24":2,"25":2},"f":{"0":2,"1":15,"2":20},"b":{"0":[0,15]}}
,"/home/wangfan/projects/ts-gear/src/step/generateRequestContent/assembleRequestParam.ts": {"path":"/home/wangfan/projects/ts-gear/src/step/generateRequestContent/assembleRequestParam.ts","statementMap":{"0":{"start":{"line":4,"column":0},"end":{"line":4,"column":52}},"1":{"start":{"line":5,"column":0},"end":{"line":5,"column":52}},"2":{"start":{"line":14,"column":13},"end":{"line":49,"column":null}},"3":{"start":{"line":15,"column":2},"end":{"line":48,"column":null}},"4":{"start":{"line":17,"column":4},"end":{"line":19,"column":null}},"5":{"start":{"line":18,"column":6},"end":{"line":18,"column":null}},"6":{"start":{"line":20,"column":4},"end":{"line":46,"column":null}},"7":{"start":{"line":21,"column":32},"end":{"line":21,"column":50}},"8":{"start":{"line":23,"column":6},"end":{"line":25,"column":null}},"9":{"start":{"line":24,"column":8},"end":{"line":24,"column":null}},"10":{"start":{"line":26,"column":6},"end":{"line":26,"column":null}},"11":{"start":{"line":27,"column":11},"end":{"line":46,"column":null}},"12":{"start":{"line":29,"column":6},"end":{"line":35,"column":null}},"13":{"start":{"line":37,"column":6},"end":{"line":45,"column":null}},"14":{"start":{"line":47,"column":4},"end":{"line":47,"column":null}}},"fnMap":{"0":{"name":"(anonymous_0)","decl":{"start":{"line":14,"column":36},"end":{"line":14,"column":37}},"loc":{"start":{"line":14,"column":81},"end":{"line":49,"column":1}}},"1":{"name":"(anonymous_1)","decl":{"start":{"line":15,"column":49},"end":{"line":15,"column":50}},"loc":{"start":{"line":15,"column":68},"end":{"line":48,"column":3}}}},"branchMap":{"0":{"loc":{"start":{"line":17,"column":4},"end":{"line":19,"column":null}},"type":"if","locations":[{"start":{"line":17,"column":4},"end":{"line":19,"column":null}},{"start":{"line":17,"column":4},"end":{"line":19,"column":null}}]},"1":{"loc":{"start":{"line":20,"column":4},"end":{"line":46,"column":null}},"type":"if","locations":[{"start":{"line":20,"column":4},"end":{"line":46,"column":null}},{"start":{"line":20,"column":4},"end":{"line":46,"column":null}}]},"2":{"loc":{"start":{"line":23,"column":6},"end":{"line":25,"column":null}},"type":"if","locations":[{"start":{"line":23,"column":6},"end":{"line":25,"column":null}},{"start":{"line":23,"column":6},"end":{"line":25,"column":null}}]},"3":{"loc":{"start":{"line":23,"column":10},"end":{"line":23,"column":28}},"type":"binary-expr","locations":[{"start":{"line":23,"column":10},"end":{"line":23,"column":28}},{"start":{"line":23,"column":32},"end":{"line":23,"column":84}}]},"4":{"loc":{"start":{"line":27,"column":11},"end":{"line":46,"column":null}},"type":"if","locations":[{"start":{"line":27,"column":11},"end":{"line":46,"column":null}},{"start":{"line":27,"column":11},"end":{"line":46,"column":null}}]},"5":{"loc":{"start":{"line":27,"column":15},"end":{"line":27,"column":38}},"type":"binary-expr","locations":[{"start":{"line":27,"column":15},"end":{"line":27,"column":38}},{"start":{"line":27,"column":42},"end":{"line":27,"column":58}}]},"6":{"loc":{"start":{"line":32,"column":39},"end":{"line":32,"column":55}},"type":"cond-expr","locations":[{"start":{"line":32,"column":39},"end":{"line":32,"column":55}},{"start":{"line":32,"column":58},"end":{"line":32,"column":60}}]},"7":{"loc":{"start":{"line":40,"column":39},"end":{"line":40,"column":55}},"type":"cond-expr","locations":[{"start":{"line":40,"column":39},"end":{"line":40,"column":55}},{"start":{"line":40,"column":58},"end":{"line":40,"column":60}}]}},"s":{"0":9,"1":9,"2":9,"3":37,"4":51,"5":0,"6":51,"7":6,"8":6,"9":2,"10":6,"11":45,"12":17,"13":28,"14":51},"f":{"0":37,"1":51},"b":{"0":[0,51],"1":[6,45],"2":[2,4],"3":[6,2],"4":[17,28],"5":[45,17],"6":[16,1],"7":[22,6]}}
,"/home/wangfan/projects/ts-gear/src/step/generateRequestContent/generateMockData.ts": {"path":"/home/wangfan/projects/ts-gear/src/step/generateRequestContent/generateMockData.ts","statementMap":{"0":{"start":{"line":5,"column":0},"end":{"line":5,"column":71}},"1":{"start":{"line":14,"column":2},"end":{"line":16,"column":null}},"2":{"start":{"line":15,"column":4},"end":{"line":15,"column":null}},"3":{"start":{"line":18,"column":14},"end":{"line":18,"column":26}},"4":{"start":{"line":20,"column":2},"end":{"line":26,"column":null}},"5":{"start":{"line":21,"column":4},"end":{"line":24,"column":null}},"6":{"start":{"line":22,"column":6},"end":{"line":22,"column":null}},"7":{"start":{"line":23,"column":6},"end":{"line":23,"column":12}},"8":{"start":{"line":25,"column":4},"end":{"line":25,"column":null}},"9":{"start":{"line":28,"column":2},"end":{"line":28,"column":null}},"10":{"start":{"line":13,"column":0},"end":{"line":13,"column":16}},"11":{"start":{"line":32,"column":2},"end":{"line":32,"column":null}},"12":{"start":{"line":32,"column":24},"end":{"line":32,"column":null}},"13":{"start":{"line":33,"column":2},"end":{"line":33,"column":null}},"14":{"start":{"line":37,"column":19},"end":{"line":50,"column":null}},"15":{"start":{"line":38,"column":16},"end":{"line":38,"column":24}},"16":{"start":{"line":39,"column":22},"end":{"line":39,"column":40}},"17":{"start":{"line":40,"column":28},"end":{"line":40,"column":64}},"18":{"start":{"line":41,"column":21},"end":{"line":41,"column":74}},"19":{"start":{"line":42,"column":21},"end":{"line":42,"column":59}},"20":{"start":{"line":43,"column":25},"end":{"line":43,"column":38}},"21":{"start":{"line":44,"column":21},"end":{"line":44,"column":36}},"22":{"start":{"line":45,"column":21},"end":{"line":45,"column":62}},"23":{"start":{"line":46,"column":16},"end":{"line":46,"column":17}},"24":{"start":{"line":47,"column":22},"end":{"line":47,"column":25}},"25":{"start":{"line":48,"column":17},"end":{"line":48,"column":18}},"26":{"start":{"line":49,"column":29},"end":{"line":49,"column":88}},"27":{"start":{"line":55,"column":18},"end":{"line":65,"column":1}},"28":{"start":{"line":56,"column":2},"end":{"line":56,"column":null}},"29":{"start":{"line":57,"column":27},"end":{"line":57,"column":33}},"30":{"start":{"line":58,"column":14},"end":{"line":58,"column":51}},"31":{"start":{"line":60,"column":13},"end":{"line":60,"column":66}},"32":{"start":{"line":62,"column":2},"end":{"line":62,"column":null}},"33":{"start":{"line":62,"column":22},"end":{"line":62,"column":null}},"34":{"start":{"line":64,"column":2},"end":{"line":64,"column":null}},"35":{"start":{"line":70,"column":18},"end":{"line":70,"column":27}},"36":{"start":{"line":72,"column":13},"end":{"line":153,"column":null}},"37":{"start":{"line":73,"column":2},"end":{"line":75,"column":null}},"38":{"start":{"line":74,"column":4},"end":{"line":74,"column":null}},"39":{"start":{"line":76,"column":2},"end":{"line":76,"column":null}},"40":{"start":{"line":77,"column":17},"end":{"line":77,"column":41}},"41":{"start":{"line":78,"column":91},"end":{"line":78,"column":115}},"42":{"start":{"line":80,"column":2},"end":{"line":87,"column":null}},"43":{"start":{"line":81,"column":19},"end":{"line":85,"column":6}},"44":{"start":{"line":84,"column":6},"end":{"line":84,"column":null}},"45":{"start":{"line":86,"column":4},"end":{"line":86,"column":null}},"46":{"start":{"line":89,"column":2},"end":{"line":105,"column":null}},"47":{"start":{"line":90,"column":4},"end":{"line":104,"column":null}},"48":{"start":{"line":91,"column":6},"end":{"line":91,"column":null}},"49":{"start":{"line":92,"column":11},"end":{"line":104,"column":null}},"50":{"start":{"line":93,"column":6},"end":{"line":93,"column":null}},"51":{"start":{"line":94,"column":11},"end":{"line":104,"column":null}},"52":{"start":{"line":95,"column":31},"end":{"line":95,"column":80}},"53":{"start":{"line":96,"column":6},"end":{"line":98,"column":null}},"54":{"start":{"line":97,"column":8},"end":{"line":97,"column":null}},"55":{"start":{"line":99,"column":6},"end":{"line":99,"column":null}},"56":{"start":{"line":100,"column":11},"end":{"line":104,"column":null}},"57":{"start":{"line":101,"column":6},"end":{"line":101,"column":null}},"58":{"start":{"line":103,"column":6},"end":{"line":103,"column":null}},"59":{"start":{"line":107,"column":2},"end":{"line":127,"column":null}},"60":{"start":{"line":108,"column":18},"end":{"line":108,"column":39}},"61":{"start":{"line":109,"column":21},"end":{"line":109,"column":23}},"62":{"start":{"line":110,"column":4},"end":{"line":114,"column":null}},"63":{"start":{"line":111,"column":6},"end":{"line":113,"column":null}},"64":{"start":{"line":112,"column":8},"end":{"line":112,"column":null}},"65":{"start":{"line":116,"column":4},"end":{"line":125,"column":null}},"66":{"start":{"line":117,"column":6},"end":{"line":117,"column":null}},"67":{"start":{"line":118,"column":11},"end":{"line":125,"column":null}},"68":{"start":{"line":119,"column":30},"end":{"line":119,"column":61}},"69":{"start":{"line":120,"column":32},"end":{"line":120,"column":80}},"70":{"start":{"line":122,"column":6},"end":{"line":124,"column":null}},"71":{"start":{"line":122,"column":19},"end":{"line":122,"column":20}},"72":{"start":{"line":123,"column":8},"end":{"line":123,"column":null}},"73":{"start":{"line":126,"column":4},"end":{"line":126,"column":null}},"74":{"start":{"line":129,"column":2},"end":{"line":139,"column":null}},"75":{"start":{"line":130,"column":4},"end":{"line":132,"column":null}},"76":{"start":{"line":131,"column":6},"end":{"line":131,"column":null}},"77":{"start":{"line":131,"column":44},"end":{"line":131,"column":78}},"78":{"start":{"line":134,"column":4},"end":{"line":136,"column":null}},"79":{"start":{"line":135,"column":6},"end":{"line":135,"column":null}},"80":{"start":{"line":135,"column":44},"end":{"line":135,"column":78}},"81":{"start":{"line":138,"column":4},"end":{"line":138,"column":null}},"82":{"start":{"line":141,"column":2},"end":{"line":146,"column":null}},"83":{"start":{"line":142,"column":4},"end":{"line":144,"column":null}},"84":{"start":{"line":143,"column":6},"end":{"line":143,"column":null}},"85":{"start":{"line":145,"column":4},"end":{"line":145,"column":null}},"86":{"start":{"line":148,"column":2},"end":{"line":150,"column":null}},"87":{"start":{"line":149,"column":4},"end":{"line":149,"column":null}},"88":{"start":{"line":152,"column":2},"end":{"line":152,"column":null}},"89":{"start":{"line":155,"column":13},"end":{"line":164,"c
[...]
,"/home/wangfan/projects/ts-gear/src/tool/getDefinition.ts": {"path":"/home/wangfan/projects/ts-gear/src/tool/getDefinition.ts","statementMap":{"0":{"start":{"line":6,"column":13},"end":{"line":8,"column":null}},"1":{"start":{"line":7,"column":2},"end":{"line":7,"column":null}}},"fnMap":{"0":{"name":"(anonymous_0)","decl":{"start":{"line":6,"column":29},"end":{"line":6,"column":30}},"loc":{"start":{"line":6,"column":44},"end":{"line":8,"column":1}}}},"branchMap":{},"s":{"0":10,"1":17},"f":{"0":17},"b":{}}
,"/home/wangfan/projects/ts-gear/src/tool/isReference.ts": {"path":"/home/wangfan/projects/ts-gear/src/tool/isReference.ts","statementMap":{"0":{"start":{"line":3,"column":13},"end":{"line":5,"column":null}},"1":{"start":{"line":4,"column":2},"end":{"line":4,"column":null}}},"fnMap":{"0":{"name":"(anonymous_0)","decl":{"start":{"line":3,"column":27},"end":{"line":3,"column":28}},"loc":{"start":{"line":3,"column":62},"end":{"line":5,"column":1}}}},"branchMap":{},"s":{"0":9,"1":51},"f":{"0":51},"b":{}}
,"/home/wangfan/projects/ts-gear/src/tool/log.ts": {"path":"/home/wangfan/projects/ts-gear/src/tool/log.ts","statementMap":{"0":{"start":{"line":2,"column":0},"end":{"line":2,"column":25}},"1":{"start":{"line":4,"column":30},"end":{"line":4,"column":40}},"2":{"start":{"line":8,"column":2},"end":{"line":8,"column":null}},"3":{"start":{"line":7,"column":0},"end":{"line":7,"column":16}},"4":{"start":{"line":13,"column":2},"end":{"line":13,"column":null}},"5":{"start":{"line":12,"column":0},"end":{"line":12,"column":16}},"6":{"start":{"line":18,"column":2},"end":{"line":18,"column":null}},"7":{"start":{"line":17,"column":0},"end":{"line":17,"column":16}}},"fnMap":{"0":{"name":"info","decl":{"start":{"line":7,"column":16},"end":{"line":7,"column":20}},"loc":{"start":{"line":7,"column":42},"end":{"line":9,"column":1}}},"1":{"name":"error","decl":{"start":{"line":12,"column":16},"end":{"line":12,"column":21}},"loc":{"start":{"line":12,"column":43},"end":{"line":14,"column":1}}},"2":{"name":"warn","decl":{"start":{"line":17,"column":16},"end":{"line":17,"column":20}},"loc":{"start":{"line":17,"column":42},"end":{"line":19,"column":1}}}},"branchMap":{},"s":{"0":10,"1":10,"2":2,"3":10,"4":1,"5":10,"6":1,"7":10},"f":{"0":2,"1":1,"2":1},"b":{}}
,"/home/wangfan/projects/ts-gear/src/tool/patchGlobalDefinitionMap.ts": {"path":"/home/wangfan/projects/ts-gear/src/tool/patchGlobalDefinitionMap.ts","statementMap":{"0":{"start":{"line":3,"column":13},"end":{"line":10,"column":null}},"1":{"start":{"line":4,"column":2},"end":{"line":9,"column":null}},"2":{"start":{"line":5,"column":4},"end":{"line":8,"column":null}}},"fnMap":{"0":{"name":"(anonymous_0)","decl":{"start":{"line":3,"column":40},"end":{"line":3,"column":41}},"loc":{"start":{"line":3,"column":107},"end":{"line":10,"column":1}}}},"branchMap":{"0":{"loc":{"start":{"line":3,"column":98},"end":{"line":3,"column":103}},"type":"default-arg","locations":[{"start":{"line":3,"column":98},"end":{"line":3,"column":103}}]},"1":{"loc":{"start":{"line":4,"column":2},"end":{"line":9,"column":null}},"type":"if","locations":[{"start":{"line":4,"column":2},"end":{"line":9,"column":null}},{"start":{"line":4,"column":2},"end":{"line":9,"column":null}}]}},"s":{"0":9,"1":47,"2":16},"f":{"0":47},"b":{"0":[47],"1":[16,31]}}
,"/home/wangfan/projects/ts-gear/src/tool/prettierWrite.ts": {"path":"/home/wangfan/projects/ts-gear/src/tool/prettierWrite.ts","statementMap":{"0":{"start":{"line":1,"column":0},"end":{"line":1,"column":34}},"1":{"start":{"line":3,"column":0},"end":{"line":3,"column":33}},"2":{"start":{"line":8,"column":13},"end":{"line":18,"column":null}},"3":{"start":{"line":9,"column":17},"end":{"line":9,"column":19}},"4":{"start":{"line":10,"column":2},"end":{"line":17,"column":null}}},"fnMap":{"0":{"name":"(anonymous_0)","decl":{"start":{"line":8,"column":29},"end":{"line":8,"column":30}},"loc":{"start":{"line":8,"column":67},"end":{"line":18,"column":1}}}},"branchMap":{},"s":{"0":9,"1":9,"2":9,"3":6,"4":6},"f":{"0":6},"b":{}}
,"/home/wangfan/projects/ts-gear/src/tool/schemaToTypescript.ts": {"path":"/home/wangfan/projects/ts-gear/src/tool/schemaToTypescript.ts","statementMap":{"0":{"start":{"line":4,"column":0},"end":{"line":4,"column":24}},"1":{"start":{"line":7,"column":0},"end":{"line":7,"column":28}},"2":{"start":{"line":9,"column":0},"end":{"line":9,"column":43}},"3":{"start":{"line":13,"column":24},"end":{"line":13,"column":114}},"4":{"start":{"line":13,"column":96},"end":{"line":13,"column":114}},"5":{"start":{"line":16,"column":28},"end":{"line":19,"column":1}},"6":{"start":{"line":17,"column":15},"end":{"line":17,"column":34}},"7":{"start":{"line":18,"column":2},"end":{"line":18,"column":null}},"8":{"start":{"line":22,"column":18},"end":{"line":81,"column":1}},"9":{"start":{"line":23,"column":2},"end":{"line":25,"column":null}},"10":{"start":{"line":24,"column":4},"end":{"line":24,"column":null}},"11":{"start":{"line":26,"column":101},"end":{"line":26,"column":117}},"12":{"start":{"line":27,"column":2},"end":{"line":29,"column":null}},"13":{"start":{"line":28,"column":4},"end":{"line":28,"column":null}},"14":{"start":{"line":30,"column":2},"end":{"line":32,"column":null}},"15":{"start":{"line":31,"column":4},"end":{"line":31,"column":null}},"16":{"start":{"line":31,"column":32},"end":{"line":31,"column":47}},"17":{"start":{"line":33,"column":2},"end":{"line":35,"column":null}},"18":{"start":{"line":34,"column":4},"end":{"line":34,"column":null}},"19":{"start":{"line":36,"column":2},"end":{"line":80,"column":null}},"20":{"start":{"line":38,"column":6},"end":{"line":38,"column":null}},"21":{"start":{"line":40,"column":6},"end":{"line":40,"column":null}},"22":{"start":{"line":42,"column":6},"end":{"line":42,"column":null}},"23":{"start":{"line":45,"column":6},"end":{"line":45,"column":null}},"24":{"start":{"line":47,"column":6},"end":{"line":49,"column":null}},"25":{"start":{"line":48,"column":8},"end":{"line":48,"column":null}},"26":{"start":{"line":48,"column":42},"end":{"line":48,"column":57}},"27":{"start":{"line":50,"column":6},"end":{"line":52,"column":null}},"28":{"start":{"line":51,"column":8},"end":{"line":51,"column":null}},"29":{"start":{"line":53,"column":6},"end":{"line":53,"column":null}},"30":{"start":{"line":56,"column":6},"end":{"line":58,"column":null}},"31":{"start":{"line":57,"column":8},"end":{"line":57,"column":null}},"32":{"start":{"line":59,"column":26},"end":{"line":59,"column":28}},"33":{"start":{"line":60,"column":6},"end":{"line":65,"column":null}},"34":{"start":{"line":61,"column":8},"end":{"line":64,"column":null}},"35":{"start":{"line":62,"column":32},"end":{"line":62,"column":78}},"36":{"start":{"line":63,"column":10},"end":{"line":63,"column":null}},"37":{"start":{"line":66,"column":6},"end":{"line":68,"column":null}},"38":{"start":{"line":67,"column":8},"end":{"line":67,"column":null}},"39":{"start":{"line":69,"column":28},"end":{"line":69,"column":30}},"40":{"start":{"line":70,"column":6},"end":{"line":72,"column":null}},"41":{"start":{"line":73,"column":6},"end":{"line":75,"column":null}},"42":{"start":{"line":74,"column":8},"end":{"line":74,"column":null}},"43":{"start":{"line":76,"column":6},"end":{"line":76,"column":null}},"44":{"start":{"line":79,"column":6},"end":{"line":79,"column":null}},"45":{"start":{"line":83,"column":13},"end":{"line":83,"column":null}}},"fnMap":{"0":{"name":"(anonymous_0)","decl":{"start":{"line":13,"column":24},"end":{"line":13,"column":25}},"loc":{"start":{"line":13,"column":96},"end":{"line":13,"column":114}}},"1":{"name":"(anonymous_1)","decl":{"start":{"line":16,"column":28},"end":{"line":16,"column":29}},"loc":{"start":{"line":16,"column":53},"end":{"line":19,"column":1}}},"2":{"name":"(anonymous_2)","decl":{"start":{"line":22,"column":18},"end":{"line":22,"column":19}},"loc":{"start":{"line":22,"column":51},"end":{"line":81,"column":1}}},"3":{"name":"(anonymous_3)","decl":{"start":{"line":31,"column":24},"end":{"line":31,"column":28}},"loc":{"start":{"line":31,"column":32},"end":{"line":31,"column":47}}},"4":{"name":"(anonymous_4)","decl":{"start":{"line":48,"column":34},"end":{"line":48,"column":38}},"loc":{"start":{"line":48,"column":42},"end":{"line":48,"column":57}}},"5":{"name":"(anonymous_5)","decl":{"start":{"line":61,"column":40},"end":{"line":61,"column":41}},"loc":{"start":{"line":61,"column":63},"end":{"line":64,"column":9}}}},"branchMap":{"0":{"loc":{"start":{"line":18,"column":16},"end":{"line":18,"column":53}},"type":"cond-expr","locations":[{"start":{"line":18,"column":16},"end":{"line":18,"column":53}},{"start":{"line":18,"column":56},"end":{"line":18,"column":58}}]},"1":{"loc":{"start":{"line":23,"column":2},"end":{"line":25,"column":null}},"type":"if","locations":[{"start":{"line":23,"column":2},"end":{"line":25,"column":null}},{"start":{"line":23,"column":2},"end":{"line":25,"column":null}}]},"2":{"loc":{"start":{"line":27,"column":2},"end":{"line":29,"column":null}},"type":"if","locations":[{"start":{"line":27,"column":2},"end":{"line":29,"column":null}},{"start":{"line":27,"column":2},"end":{"line":29,"column":null}}]},"3":{"loc":{"start":{"line":30,"column":2},"end":{"line":32,"column":null}},"type":"if","locations":[{"start":{"line":30,"column":2},"end":{"line":32,"column":null}},{"start":{"line":30,"column":2},"end":{"line":32,"column":null}}]},"4":{"loc":{"start":{"line":33,"column":2},"end":{"line":35,"column":null}},"type":"if","locations":[{"start":{"line":33,"column":2},"end":{"line":35,"column":null}},{"start":{"line":33,"column":2},"end":{"line":35,"column":null}}]},"5":{"loc":{"start":{"line":37,"column":4},"end":{"line":38,"column":null}},"type":"switch","locations":[{"start":{"line":37,"column":4},"end":{"line":38,"column":null}},{"start":{"line":39,"column":4},"end":{"line":40,"column":null}},{"start":{"line":41,"column":4},"end":{"line":42,"column":null}},{"start":{"line":43,"column":4},"end":{"line":43,"column":19}},{"start":{"line":44,"column":4},"end":{"line":45,"column":null}},{"start":{"line":46,"column":4},"end":{"line":53,"column":null}},{"start":{"line":55,"column":4},"end":{"line":77,"column":null}},{"start":{"line":78,"column":4},"end":{"line":79,"column":null}}]},"6":{"loc":{"start":{"line":47,"column":6},"end":{"line":49,"column":null}},"type":"if","locations":[{"start":{"line":47,"column":6},"end":{"line":49,"column":null}},{"start":{"line":47,"column":6},"end":{"line":49,"column":null}}]},"7":{"loc":{"start":{"line":50,"column":6},"end":{"line":52,"column":null}},"type":"if","locations":[{"start":{"line":50,"column":6},"end":{"line":52,"column":null}},{"start":{"line":50,"column":6},"end":{"line":52,"column":null}}]},"8":{"loc":{"start":{"line":56,"column":6},"end":{"line":58,"column":null}},"type":"if","locations":[{"start":{"line":56,"column":6},"end":{"line":58,"column":null}},{"start":{"line":56,"column":6},"end":{"line":58,"column":null}}]},"9":{"loc":{"start":{"line":56,"column":10},"end":{"line":56,"column":21}},"type":"binary-expr","locations":[{"start":{"line":56,"column":10},"end":{"line":56,"column":21}},{"start":{"line":56,"column":25},"end":{"line":56,"column":46}}]},"10":{"loc":{"start":{"line":60,"column":6},"end":{"line":65,"column":null}},"type":"if","locations":[{"start":{"line":60,"column":6},"end":{"line":65,"column":null}},{"start":{"line":60,"column":6},"end":{"line":65,"column":null}}]},"11":{"loc":{"start":{"line":62,"column":70},"end":{"line":62,"column":72}},"type":"cond-expr","locations":[{"start":{"line":62,"column":70},"end":{"line":62,"column":72}},{"start":{"line":62,"column":75},"end":{"line":62,"column":78}}]},"12":{"loc":{"start":{"line":62,"column":32},"end":{"line":62,"column":40}},"type":"binary-expr","locations":[{"start":{"line":62,"column":32},"end":{"line":62,"column":40}},{"start":{"line":62,"column":44},"end":{"line":62,"column":67}}]},"13":{"loc":{"start":{"line":66,"column":6},"end":{"line":68,"column":null}},"type":"if","locations":[{"start":{"line":66,"column":6},"end":{"line":68,"column":null}},{"start":{"line":66,"column":6},"end":{"line":68,"column":null}}]},"14":{"loc":{"start":{"line":71,"column":40},"end":{"line":71,"column":45}},"type":"cond-expr","locations":[{"start":{"line":71,"column":40},"end":{"line":71,"column":45}},{"start":{"line":71,"column":48},"end":{"line":71,"column":null}}]},"15":{"loc":{"start":{"line":73,"column":6},"end":{"line":75,"column":null}},"type":"if","locations":[{"start":{"line":73,"column":6},"end":{"line":75,"column":null}},{"start":{"line":73,"column":6},"end":{"line":75,"column":null}}]}},"s":{"0":10,"1":10,"2":10,"3":10,"4":270,"5":10,"6":41,"7":41,"8":10,"9":270,"10":35,"11":235,"12":235,"13":5,"14":230,"15":1,"16":2,"17":229,"18":41,"19":188,"20":39,"21":2,"22":3,"23":31,"24":15,"25":1,"26":2,"27":14,"28":1,"29":13,"30":36,"31":2,"32":34,"33":34,"34":29,"35":35,"36":35,"37":34,"38":28,"39":6,"40":6,"41":6,"42":1,"43":5,"44":62,"45":10},"f":{"0":270,"1":41,"2":270,"3":2,"4":2,"5":35},"b":{"0":[32,9],"1":[35,235],"2":[5,230],"3":[1,229],"4":[41,188],"5":[39,2,3,31,31,15,36,62],"6":[1,14],"7":[1,13],"8":[2,34],"9":[36,7],"10":[29,5],"11":[24,11],"12":[35,34],"13":[28,6],"14":[1,5],"15":[1,5]}}
,"/home/wangfan/projects/ts-gear/src/tool/transformSwaggerPathToRouterPath.ts": {"path":"/home/wangfan/projects/ts-gear/src/tool/transformSwaggerPathToRouterPath.ts","statementMap":{"0":{"start":{"line":2,"column":13},"end":{"line":16,"column":null}},"1":{"start":{"line":3,"column":2},"end":{"line":14,"column":null}},"2":{"start":{"line":4,"column":4},"end":{"line":13,"column":null}},"3":{"start":{"line":7,"column":20},"end":{"line":7,"column":27}},"4":{"start":{"line":8,"column":8},"end":{"line":10,"column":null}},"5":{"start":{"line":9,"column":10},"end":{"line":9,"column":null}},"6":{"start":{"line":11,"column":8},"end":{"line":11,"column":null}},"7":{"start":{"line":15,"column":2},"end":{"line":15,"column":null}}},"fnMap":{"0":{"name":"(anonymous_0)","decl":{"start":{"line":2,"column":48},"end":{"line":2,"column":49}},"loc":{"start":{"line":2,"column":62},"end":{"line":16,"column":1}}},"1":{"name":"(anonymous_1)","decl":{"start":{"line":6,"column":11},"end":{"line":6,"column":12}},"loc":{"start":{"line":6,"column":15},"end":{"line":12,"column":7}}}},"branchMap":{"0":{"loc":{"start":{"line":3,"column":2},"end":{"line":14,"column":null}},"type":"if","locations":[{"start":{"line":3,"column":2},"end":{"line":14,"column":null}},{"start":{"line":3,"column":2},"end":{"line":14,"column":null}}]},"1":{"loc":{"start":{"line":8,"column":8},"end":{"line":10,"column":null}},"type":"if","locations":[{"start":{"line":8,"column":8},"end":{"line":10,"column":null}},{"start":{"line":8,"column":8},"end":{"line":10,"column":null}}]}},"s":{"0":10,"1":42,"2":21,"3":70,"4":70,"5":22,"6":48,"7":21},"f":{"0":42,"1":70},"b":{"0":[21,21],"1":[22,48]}}
,"/home/wangfan/projects/ts-gear/src/tool/translate.ts": {"path":"/home/wangfan/projects/ts-gear/src/tool/translate.ts","statementMap":{"0":{"start":{"line":1,"column":0},"end":{"line":1,"column":46}},"1":{"start":{"line":5,"column":13},"end":{"line":8,"column":null}},"2":{"start":{"line":14,"column":2},"end":{"line":23,"column":null}},"3":{"start":{"line":15,"column":16},"end":{"line":19,"column":6}},"4":{"start":{"line":20,"column":4},"end":{"line":20,"column":null}},"5":{"start":{"line":22,"column":4},"end":{"line":22,"column":null}},"6":{"start":{"line":13,"column":0},"end":{"line":13,"column":7}}},"fnMap":{"0":{"name":"translate","decl":{"start":{"line":13,"column":22},"end":{"line":13,"column":31}},"loc":{"start":{"line":13,"column":75},"end":{"line":24,"column":1}}}},"branchMap":{},"s":{"0":10,"1":10,"2":3,"3":3,"4":2,"5":1,"6":10},"f":{"0":3},"b":{}}
,"/home/wangfan/projects/ts-gear/src/tool/traverseSchema.ts": {"path":"/home/wangfan/projects/ts-gear/src/tool/traverseSchema.ts","statementMap":{"0":{"start":{"line":1,"column":0},"end":{"line":1,"column":36}},"1":{"start":{"line":11,"column":13},"end":{"line":25,"column":null}},"2":{"start":{"line":12,"column":2},"end":{"line":24,"column":null}},"3":{"start":{"line":14,"column":4},"end":{"line":16,"column":null}},"4":{"start":{"line":15,"column":6},"end":{"line":15,"column":12}},"5":{"start":{"line":17,"column":38},"end":{"line":22,"column":null}},"6":{"start":{"line":23,"column":4},"end":{"line":23,"column":null}},"7":{"start":{"line":28,"column":13},"end":{"line":34,"column":null}},"8":{"start":{"line":29,"column":2},"end":{"line":33,"column":null}},"9":{"start":{"line":30,"column":4},"end":{"line":32,"column":null}},"10":{"start":{"line":31,"column":6},"end":{"line":31,"column":null}}},"fnMap":{"0":{"name":"(anonymous_0)","decl":{"start":{"line":11,"column":30},"end":{"line":11,"column":31}},"loc":{"start":{"line":11,"column":106},"end":{"line":25,"column":1}}},"1":{"name":"traverseSchemaNode","decl":{"start":{"line":12,"column":33},"end":{"line":12,"column":51}},"loc":{"start":{"line":12,"column":73},"end":{"line":24,"column":3}}},"2":{"name":"(anonymous_2)","decl":{"start":{"line":28,"column":28},"end":{"line":28,"column":29}},"loc":{"start":{"line":28,"column":91},"end":{"line":34,"column":1}}},"3":{"name":"(anonymous_3)","decl":{"start":{"line":29,"column":22},"end":{"line":29,"column":23}},"loc":{"start":{"line":29,"column":41},"end":{"line":33,"column":3}}}},"branchMap":{"0":{"loc":{"start":{"line":14,"column":4},"end":{"line":16,"column":null}},"type":"if","locations":[{"start":{"line":14,"column":4},"end":{"line":16,"column":null}},{"start":{"line":14,"column":4},"end":{"line":16,"column":null}}]},"1":{"loc":{"start":{"line":14,"column":8},"end":{"line":14,"column":21}},"type":"binary-expr","locations":[{"start":{"line":14,"column":8},"end":{"line":14,"column":21}},{"start":{"line":14,"column":25},"end":{"line":14,"column":34}},{"start":{"line":14,"column":38},"end":{"line":14,"column":61}}]},"2":{"loc":{"start":{"line":20,"column":15},"end":{"line":20,"column":26}},"type":"binary-expr","locations":[{"start":{"line":20,"column":15},"end":{"line":20,"column":26}},{"start":{"line":20,"column":30},"end":{"line":20,"column":32}}]},"3":{"loc":{"start":{"line":30,"column":4},"end":{"line":32,"column":null}},"type":"if","locations":[{"start":{"line":30,"column":4},"end":{"line":32,"column":null}},{"start":{"line":30,"column":4},"end":{"line":32,"column":null}}]},"4":{"loc":{"start":{"line":30,"column":8},"end":{"line":30,"column":22}},"type":"binary-expr","locations":[{"start":{"line":30,"column":8},"end":{"line":30,"column":22}},{"start":{"line":30,"column":26},"end":{"line":30,"column":51}}]}},"s":{"0":11,"1":11,"2":96,"3":7301,"4":362,"5":6939,"6":6939,"7":11,"8":55,"9":1110,"10":41},"f":{"0":96,"1":7301,"2":55,"3":1110},"b":{"0":[362,6939],"1":[7301,7301,7205],"2":[6939,0],"3":[41,1069],"4":[1110,41]}}
}
