TN:
SF:src/constant.ts
FNF:0
FNH:0
DA:1,12
DA:3,12
LF:2
LH:2
BRF:0
BRH:0
end_of_record
TN:
SF:src/index.ts
FNF:0
FNH:0
DA:1,1
DA:2,1
DA:3,1
DA:4,1
LF:4
LH:4
BRF:0
BRH:0
end_of_record
TN:
SF:src/interface.ts
FNF:0
FNH:0
DA:13,10
DA:25,10
LF:2
LH:2
BRF:0
BRH:0
end_of_record
TN:
SF:src/projectGlobalVariable.ts
FN:6,(anonymous_0)
FN:19,(anonymous_1)
FNF:2
FNH:2
FNDA:21,(anonymous_0)
FNDA:7,(anonymous_1)
DA:2,10
DA:4,10
DA:6,10
DA:7,21
DA:8,8
DA:16,21
DA:19,10
DA:20,7
DA:21,7
DA:22,7
DA:23,7
DA:24,7
DA:25,7
LF:13
LH:13
BRDA:7,0,0,8
BRDA:7,0,1,13
BRF:2
BRH:2
end_of_record
TN:
SF:src/run.ts
FN:5,(anonymous_0)
FN:31,(anonymous_1)
FNF:2
FNH:1
FNDA:0,(anonymous_0)
FNDA:1,(anonymous_1)
DA:1,2
DA:2,2
DA:5,2
DA:6,0
DA:7,0
DA:9,0
DA:10,0
DA:12,0
DA:13,0
DA:14,0
DA:15,0
DA:16,0
DA:18,0
DA:19,0
DA:20,0
DA:21,0
DA:23,0
DA:31,2
DA:32,1
DA:33,0
LF:20
LH:5
BRDA:9,0,0,0
BRDA:9,0,1,0
BRDA:12,1,0,0
BRDA:12,1,1,0
BRDA:15,2,0,0
BRDA:15,2,1,0
BRF:6
BRH:0
end_of_record
TN:
SF:src/source.ts
FN:22,(anonymous_0)
FN:34,(anonymous_1)
FN:42,(anonymous_2)
FNF:3
FNH:3
FNDA:4,(anonymous_0)
FNDA:63,(anonymous_1)
FNDA:63,(anonymous_2)
DA:1,11
DA:9,11
DA:16,11
DA:19,11
DA:22,11
DA:23,4
DA:24,4
DA:25,4
DA:26,4
DA:27,4
DA:28,4
DA:29,4
DA:30,4
DA:34,11
DA:35,63
DA:36,63
DA:37,63
DA:38,63
DA:42,11
DA:43,63
DA:44,63
DA:45,63
DA:46,63
DA:47,63
LF:24
LH:24
BRF:0
BRH:0
end_of_record
TN:
SF:src/content/initConfig.ts
FNF:0
FNH:0
DA:1,11
LF:1
LH:1
BRF:0
BRH:0
end_of_record
TN:
SF:src/content/projectIndex.ts
FNF:0
FNH:0
DA:1,9
DA:4,9
LF:2
LH:2
BRF:0
BRH:0
end_of_record
TN:
SF:src/content/propertyTypeHelper.ts
FNF:0
FNH:0
DA:2,9
LF:1
LH:1
BRF:0
BRH:0
end_of_record
TN:
SF:src/content/requester.ts
FN:9,(anonymous_0)
FNF:1
FNH:0
FNDA:0,(anonymous_0)
DA:1,9
DA:2,9
DA:5,9
DA:9,9
DA:10,0
DA:11,0
LF:6
LH:4
BRF:0
BRH:0
end_of_record
TN:
SF:src/content/warningComment.ts
FNF:0
FNH:0
DA:1,9
DA:3,9
LF:2
LH:2
BRF:0
BRH:0
end_of_record
TN:
SF:src/requester/axios.ts
FN:10,(anonymous_0)
FN:13,(anonymous_1)
FN:23,(anonymous_2)
FN:30,interceptRequest
FN:51,(anonymous_4)
FN:59,(anonymous_5)
FN:61,(anonymous_6)
FN:63,(anonymous_7)
FNF:8
FNH:8
FNDA:8,(anonymous_0)
FNDA:6,(anonymous_1)
FNDA:1,(anonymous_2)
FNDA:8,interceptRequest
FNDA:1,(anonymous_4)
FNDA:8,(anonymous_5)
FNDA:8,(anonymous_6)
FNDA:7,(anonymous_7)
DA:2,2
DA:3,2
DA:4,2
DA:10,2
DA:11,8
DA:12,7
DA:13,4
DA:14,6
DA:16,4
DA:19,7
DA:24,1
DA:25,1
DA:30,2
DA:31,8
DA:32,8
DA:36,1
DA:38,7
DA:39,7
DA:42,7
DA:43,2
DA:45,7
DA:46,1
DA:48,7
DA:49,1
DA:51,1
DA:52,1
DA:54,1
DA:56,7
DA:59,2
DA:60,8
DA:61,8
DA:62,8
DA:63,7
LF:33
LH:33
BRDA:11,0,0,7
BRDA:11,0,1,1
BRDA:12,1,0,4
BRDA:12,1,1,3
BRDA:38,2,0,7
BRDA:38,2,1,1
BRDA:40,3,0,7
BRDA:40,3,1,1
BRDA:42,4,0,2
BRDA:42,4,1,5
BRDA:45,5,0,1
BRDA:45,5,1,6
BRDA:48,6,0,1
BRDA:48,6,1,6
BRF:14
BRH:14
end_of_record
TN:
SF:src/requester/fetch.ts
FN:15,(anonymous_0)
FN:17,(anonymous_1)
FN:38,(anonymous_2)
FN:49,interceptRequest
FN:91,(anonymous_4)
FN:102,interceptResponse
FN:124,(anonymous_6)
FN:124,(anonymous_7)
FNF:8
FNH:8
FNDA:12,(anonymous_0)
FNDA:5,(anonymous_1)
FNDA:2,(anonymous_2)
FNDA:12,interceptRequest
FNDA:1,(anonymous_4)
FNDA:11,interceptResponse
FNDA:12,(anonymous_6)
FNDA:12,(anonymous_7)
DA:2,2
DA:4,2
DA:5,2
DA:9,2
DA:15,2
DA:16,12
DA:17,3
DA:18,5
DA:20,3
DA:22,11
DA:23,1
DA:25,1
DA:26,1
DA:34,11
DA:39,2
DA:40,2
DA:49,2
DA:55,12
DA:56,12
DA:57,12
DA:61,1
DA:63,11
DA:68,11
DA:69,2
DA:71,11
DA:72,2
DA:75,2
DA:76,1
DA:80,1
DA:81,1
DA:83,1
DA:88,11
DA:89,1
DA:91,1
DA:92,1
DA:94,1
DA:96,11
DA:102,2
DA:103,11
DA:104,1
DA:109,10
DA:110,10
DA:111,9
DA:112,7
DA:115,2
DA:116,1
DA:120,2
DA:124,12
DA:125,12
DA:126,11
LF:50
LH:50
BRDA:16,0,0,3
BRDA:16,0,1,9
BRDA:22,1,0,1
BRDA:22,1,1,10
BRDA:68,2,0,2
BRDA:68,2,1,9
BRDA:71,3,0,2
BRDA:71,3,1,9
BRDA:75,4,0,1
BRDA:75,4,1,1
BRDA:88,5,0,1
BRDA:88,5,1,10
BRDA:103,6,0,1
BRDA:103,6,1,10
BRDA:110,7,0,9
BRDA:110,7,1,1
BRDA:111,8,0,7
BRDA:111,8,1,2
BRDA:115,9,0,1
BRDA:115,9,1,1
BRF:20
BRH:20
end_of_record
TN:
SF:src/step/assembleSchemaToGlobal.ts
FN:15,(anonymous_0)
FN:18,(anonymous_1)
FN:21,(anonymous_2)
FN:41,(anonymous_3)
FN:47,(anonymous_4)
FN:48,(anonymous_5)
FNF:6
FNH:6
FNDA:8,(anonymous_0)
FNDA:3495,(anonymous_1)
FNDA:12,(anonymous_2)
FNDA:52,(anonymous_3)
FNDA:63,(anonymous_4)
FNDA:441,(anonymous_5)
DA:1,9
DA:4,9
DA:5,9
DA:6,9
DA:7,9
DA:8,9
DA:9,9
DA:15,9
DA:16,8
DA:17,8
DA:18,8
DA:19,3495
DA:20,12
DA:21,12
DA:22,12
DA:23,12
DA:24,4
DA:27,12
DA:28,0
DA:33,12
DA:34,12
DA:41,8
DA:42,52
DA:47,8
DA:48,63
DA:49,441
DA:50,441
DA:51,83
LF:28
LH:27
BRDA:19,0,0,12
BRDA:19,0,1,3483
BRDA:19,1,0,3495
BRDA:19,1,1,12
BRDA:23,2,0,4
BRDA:23,2,1,8
BRDA:27,3,0,0
BRDA:27,3,1,12
BRDA:50,4,0,83
BRDA:50,4,1,358
BRDA:50,5,0,441
BRDA:50,5,1,87
BRF:12
BRH:11
end_of_record
TN:
SF:src/step/cleanRefAndDefinitionName.ts
FN:10,(anonymous_0)
FN:12,(anonymous_1)
FN:20,(anonymous_2)
FNF:3
FNH:3
FNDA:5,(anonymous_0)
FNDA:30,(anonymous_1)
FNDA:3565,(anonymous_2)
DA:3,10
DA:4,10
DA:5,10
DA:10,10
DA:11,5
DA:12,5
DA:13,30
DA:14,30
DA:15,0
DA:16,0
DA:17,0
DA:20,5
DA:21,3565
DA:22,85
LF:14
LH:11
BRDA:14,0,0,0
BRDA:14,0,1,30
BRDA:21,1,0,85
BRDA:21,1,1,3480
BRDA:21,2,0,3565
BRDA:21,2,1,85
BRF:6
BRH:5
end_of_record
TN:
SF:src/step/colletRefsInRequestAndPatchDefinition.ts
FN:10,(anonymous_0)
FN:14,(anonymous_1)
FN:17,(anonymous_2)
FN:22,(anonymous_3)
FN:32,(anonymous_4)
FN:34,(anonymous_5)
FN:39,(anonymous_6)
FNF:7
FNH:7
FNDA:2,(anonymous_0)
FNDA:17,(anonymous_1)
FNDA:8,(anonymous_2)
FNDA:4,(anonymous_3)
FNDA:4,(anonymous_4)
FNDA:6,(anonymous_5)
FNDA:3,(anonymous_6)
DA:1,9
DA:2,9
DA:4,9
DA:10,9
DA:11,2
DA:12,2
DA:14,2
DA:15,17
DA:16,17
DA:17,16
DA:18,8
DA:19,4
DA:23,4
DA:26,4
DA:32,2
DA:33,4
DA:34,4
DA:35,6
DA:36,3
DA:40,3
DA:41,3
DA:44,3
DA:45,3
LF:23
LH:23
BRDA:16,0,0,16
BRDA:16,0,1,1
BRDA:18,1,0,4
BRDA:18,1,1,4
BRDA:35,2,0,3
BRDA:35,2,1,3
BRF:6
BRH:6
end_of_record
TN:
SF:src/step/fetchSwagger.ts
FN:14,(anonymous_0)
FNF:1
FNH:1
FNDA:3,(anonymous_0)
DA:1,9
DA:3,9
DA:5,9
DA:14,9
DA:15,3
DA:16,3
DA:17,1
DA:18,1
DA:19,1
DA:20,1
DA:21,1
DA:22,1
DA:24,2
DA:25,2
DA:27,2
DA:28,1
DA:29,1
DA:30,1
DA:33,1
LF:19
LH:19
BRDA:16,0,0,1
BRDA:16,0,1,2
BRDA:27,1,0,1
BRDA:27,1,1,1
BRF:4
BRH:4
end_of_record
TN:
SF:src/step/generateDefinitionContent.ts
FN:17,(anonymous_0)
FN:19,(anonymous_1)
FN:33,(anonymous_2)
FN:41,(anonymous_3)
FNF:4
FNH:0
FNDA:0,(anonymous_0)
FNDA:0,(anonymous_1)
FNDA:0,(anonymous_2)
FNDA:0,(anonymous_3)
DA:1,9
DA:10,9
DA:11,9
DA:13,9
DA:14,9
DA:17,9
DA:18,0
DA:19,0
DA:20,0
DA:21,0
DA:23,0
DA:24,0
DA:25,0
DA:26,0
DA:27,0
DA:28,0
DA:29,0
DA:33,0
DA:40,0
DA:41,0
DA:42,0
DA:43,0
DA:52,0
DA:53,0
DA:55,0
DA:58,0
DA:59,0
DA:61,0
DA:74,0
DA:82,0
DA:89,0
LF:31
LH:6
BRDA:20,0,0,0
BRDA:20,0,1,0
BRDA:20,1,0,0
BRDA:20,1,1,0
BRDA:26,2,0,0
BRDA:26,2,1,0
BRDA:27,3,0,0
BRDA:27,3,1,0
BRDA:33,4,0,0
BRDA:33,4,1,0
BRDA:40,5,0,0
BRDA:40,5,1,0
BRDA:46,6,0,0
BRDA:46,6,1,0
BRDA:47,7,0,0
BRDA:47,7,1,0
BRDA:52,8,0,0
BRDA:52,8,1,0
BRDA:52,9,0,0
BRDA:52,9,1,0
BRDA:58,10,0,0
BRDA:58,10,1,0
BRDA:64,11,0,0
BRDA:64,11,1,0
BRDA:69,12,0,0
BRDA:69,12,1,0
BRF:26
BRH:0
end_of_record
TN:
SF:src/step/importAllDefinition.ts
FN:4,(anonymous_0)
FN:7,(anonymous_1)
FN:11,(anonymous_2)
FNF:3
FNH:0
FNDA:0,(anonymous_0)
FNDA:0,(anonymous_1)
FNDA:0,(anonymous_2)
DA:1,9
DA:4,9
DA:5,0
DA:6,0
DA:7,0
DA:8,0
DA:12,0
DA:15,0
DA:16,0
LF:9
LH:2
BRF:0
BRH:0
end_of_record
TN:
SF:src/step/index.ts
FNF:0
FNH:0
DA:1,9
DA:2,9
DA:3,9
DA:4,9
DA:5,9
DA:6,9
DA:7,9
DA:8,9
DA:9,9
DA:10,9
DA:11,9
LF:11
LH:11
BRF:0
BRH:0
end_of_record
TN:
SF:src/step/parseGenericType.ts
FN:17,(anonymous_0)
FN:24,(anonymous_1)
FN:32,(anonymous_2)
FN:34,(anonymous_3)
FN:38,(anonymous_4)
FN:40,(anonymous_5)
FN:41,(anonymous_6)
FN:64,(anonymous_7)
FN:67,(anonymous_8)
FN:82,(anonymous_9)
FN:84,(anonymous_10)
FN:88,(anonymous_11)
FN:94,(anonymous_12)
FN:109,(anonymous_13)
FN:111,(anonymous_14)
FN:112,(anonymous_15)
FN:118,(anonymous_16)
FN:127,(anonymous_17)
FN:141,(anonymous_18)
FNF:19
FNH:19
FNDA:3,(anonymous_0)
FNDA:20,(anonymous_1)
FNDA:4,(anonymous_2)
FNDA:6,(anonymous_3)
FNDA:4,(anonymous_4)
FNDA:1,(anonymous_5)
FNDA:9,(anonymous_6)
FNDA:1,(anonymous_7)
FNDA:2,(anonymous_8)
FNDA:3,(anonymous_9)
FNDA:32,(anonymous_10)
FNDA:3,(anonymous_11)
FNDA:3,(anonymous_12)
FNDA:3,(anonymous_13)
FNDA:5,(anonymous_14)
FNDA:133,(anonymous_15)
FNDA:2,(anonymous_16)
FNDA:2,(anonymous_17)
FNDA:2,(anonymous_18)
DA:1,9
DA:2,9
DA:3,9
DA:11,9
DA:17,9
DA:18,3
DA:23,3
DA:24,3
DA:25,20
DA:26,20
DA:27,4
DA:28,4
DA:29,4
DA:30,0
DA:32,4
DA:33,4
DA:34,4
DA:35,6
DA:38,4
DA:39,4
DA:40,1
DA:41,1
DA:42,9
DA:43,1
DA:46,1
DA:52,1
DA:57,1
DA:59,1
DA:64,1
DA:65,1
DA:66,1
DA:67,1
DA:68,2
DA:73,3
DA:78,3
DA:82,1
DA:83,3
DA:84,3
DA:85,32
DA:86,4
DA:87,2
DA:88,3
DA:89,2
DA:90,2
DA:91,2
DA:95,3
DA:96,2
DA:101,2
DA:109,9
DA:110,3
DA:111,3
DA:112,5
DA:113,133
DA:114,8
DA:115,5
DA:116,3
DA:117,1
DA:118,1
DA:119,2
DA:121,1
DA:122,1
DA:123,1
DA:124,1
DA:128,2
DA:129,1
DA:134,2
DA:141,9
DA:142,2
DA:144,2
DA:146,2
LF:70
LH:69
BRDA:26,0,0,4
BRDA:26,0,1,16
BRDA:27,1,0,4
BRDA:27,1,1,0
BRDA:29,2,0,0
BRDA:29,2,1,4
BRDA:39,3,0,1
BRDA:39,3,1,3
BRDA:42,4,0,1
BRDA:42,4,1,8
BRDA:42,5,0,9
BRDA:42,5,1,1
BRDA:65,6,0,1
BRDA:65,6,1,0
BRDA:78,7,0,1
BRDA:78,7,1,2
BRDA:85,8,0,4
BRDA:85,8,1,28
BRDA:85,9,0,32
BRDA:85,9,1,5
BRDA:86,10,0,2
BRDA:86,10,1,2
BRDA:88,11,0,2
BRDA:88,11,1,0
BRDA:95,12,0,2
BRDA:95,12,1,1
BRDA:113,13,0,8
BRDA:113,13,1,125
BRDA:113,14,0,133
BRDA:113,14,1,8
BRDA:114,15,0,5
BRDA:114,15,1,3
BRDA:116,16,0,1
BRDA:116,16,1,2
BRDA:121,17,0,1
BRDA:121,17,1,0
BRDA:128,18,0,1
BRDA:128,18,1,1
BRF:38
BRH:33
end_of_record
TN:
SF:src/step/prepareProjectDirectory.ts
FN:8,(anonymous_0)
FNF:1
FNH:0
FNDA:0,(anonymous_0)
DA:1,9
DA:2,9
DA:4,9
DA:8,9
DA:9,0
DA:10,0
DA:11,0
DA:12,0
LF:8
LH:4
BRDA:11,0,0,0
BRDA:11,0,1,0
BRF:2
BRH:0
end_of_record
TN:
SF:src/step/translateSchema.ts
FN:11,(anonymous_0)
FN:14,(anonymous_1)
FN:21,(anonymous_2)
FN:44,(anonymous_3)
FN:49,(anonymous_4)
FN:52,(anonymous_5)
FN:64,(anonymous_6)
FN:66,(anonymous_7)
FN:73,(anonymous_8)
FN:92,(anonymous_9)
FNF:10
FNH:0
FNDA:0,(anonymous_0)
FNDA:0,(anonymous_1)
FNDA:0,(anonymous_2)
FNDA:0,(anonymous_3)
FNDA:0,(anonymous_4)
FNDA:0,(anonymous_5)
FNDA:0,(anonymous_6)
FNDA:0,(anonymous_7)
FNDA:0,(anonymous_8)
FNDA:0,(anonymous_9)
DA:2,9
DA:4,9
DA:6,9
DA:8,9
DA:11,9
DA:12,0
DA:14,0
DA:15,0
DA:16,0
DA:17,0
DA:21,0
DA:22,0
DA:23,0
DA:25,0
DA:29,0
DA:34,9
DA:44,9
DA:45,0
DA:47,0
DA:48,0
DA:50,0
DA:52,0
DA:53,0
DA:54,0
DA:56,0
DA:60,0
DA:64,9
DA:65,0
DA:66,0
DA:67,0
DA:68,0
DA:69,0
DA:73,0
DA:74,0
DA:75,0
DA:76,0
DA:77,0
DA:78,0
DA:79,0
DA:81,0
DA:92,9
DA:93,0
DA:94,0
DA:95,0
LF:44
LH:9
BRDA:16,0,0,0
BRDA:16,0,1,0
BRDA:22,1,0,0
BRDA:22,1,1,0
BRDA:22,2,0,0
BRDA:22,2,1,0
BRDA:23,3,0,0
BRDA:23,3,1,0
BRDA:47,4,0,0
BRDA:47,4,1,0
BRDA:52,5,0,0
BRDA:52,5,1,0
BRDA:67,6,0,0
BRDA:67,6,1,0
BRDA:74,7,0,0
BRDA:74,7,1,0
BRDA:74,8,0,0
BRDA:74,8,1,0
BRDA:76,9,0,0
BRDA:76,9,1,0
BRDA:78,10,0,0
BRDA:78,10,1,0
BRDA:78,11,0,0
BRDA:78,11,1,0
BRF:24
BRH:0
end_of_record
TN:
SF:src/step/writeProject.ts
FN:16,(anonymous_0)
FN:23,(anonymous_1)
FN:34,(anonymous_2)
FN:43,(anonymous_3)
FNF:4
FNH:0
FNDA:0,(anonymous_0)
FNDA:0,(anonymous_1)
FNDA:0,(anonymous_2)
FNDA:0,(anonymous_3)
DA:1,9
DA:2,9
DA:4,9
DA:5,9
DA:7,9
DA:8,9
DA:9,9
DA:10,9
DA:12,9
DA:16,9
DA:17,0
DA:18,0
DA:19,0
DA:21,0
DA:22,0
DA:25,0
DA:26,0
DA:27,0
DA:29,0
DA:30,0
DA:33,0
DA:34,0
DA:36,0
DA:42,0
DA:44,0
DA:47,0
DA:48,0
DA:61,0
LF:28
LH:10
BRDA:26,0,0,0
BRDA:26,0,1,0
BRF:2
BRH:0
end_of_record
TN:
SF:src/step/generateRequestContent/assembleRequestParam.ts
FN:14,(anonymous_0)
FN:15,(anonymous_1)
FNF:2
FNH:2
FNDA:19,(anonymous_0)
FNDA:26,(anonymous_1)
DA:4,9
DA:5,9
DA:14,9
DA:15,19
DA:17,26
DA:18,0
DA:20,26
DA:21,3
DA:23,3
DA:24,1
DA:26,3
DA:27,23
DA:29,9
DA:37,14
DA:47,26
LF:15
LH:14
BRDA:17,0,0,0
BRDA:17,0,1,26
BRDA:20,1,0,3
BRDA:20,1,1,23
BRDA:23,2,0,1
BRDA:23,2,1,2
BRDA:23,3,0,3
BRDA:23,3,1,1
BRDA:27,4,0,9
BRDA:27,4,1,14
BRDA:27,5,0,23
BRDA:27,5,1,9
BRDA:32,6,0,9
BRDA:32,6,1,0
BRDA:40,7,0,11
BRDA:40,7,1,3
BRF:16
BRH:14
end_of_record
TN:
SF:src/step/generateRequestContent/generateMockData.ts
FN:15,deeplyStripKey
FN:22,(anonymous_1)
FN:33,objectify
FN:40,(anonymous_3)
FN:41,(anonymous_4)
FN:42,(anonymous_5)
FN:43,(anonymous_6)
FN:44,(anonymous_7)
FN:45,(anonymous_8)
FN:46,(anonymous_9)
FN:47,(anonymous_10)
FN:48,(anonymous_11)
FN:49,(anonymous_12)
FN:50,(anonymous_13)
FN:51,(anonymous_14)
FN:57,(anonymous_15)
FN:74,(anonymous_16)
FN:83,(anonymous_17)
FN:112,(anonymous_18)
FN:133,(anonymous_19)
FN:137,(anonymous_20)
FN:160,(anonymous_21)
FN:163,(anonymous_22)
FNF:23
FNH:11
FNDA:3,deeplyStripKey
FNDA:0,(anonymous_1)
FNDA:256,objectify
FNDA:18,(anonymous_3)
FNDA:0,(anonymous_4)
FNDA:2,(anonymous_5)
FNDA:0,(anonymous_6)
FNDA:0,(anonymous_7)
FNDA:0,(anonymous_8)
FNDA:0,(anonymous_9)
FNDA:0,(anonymous_10)
FNDA:0,(anonymous_11)
FNDA:0,(anonymous_12)
FNDA:19,(anonymous_13)
FNDA:2,(anonymous_14)
FNDA:41,(anonymous_15)
FNDA:103,(anonymous_16)
FNDA:0,(anonymous_17)
FNDA:56,(anonymous_18)
FNDA:0,(anonymous_19)
FNDA:0,(anonymous_20)
FNDA:20,(anonymous_21)
FNDA:26,(anonymous_22)
DA:7,9
DA:15,9
DA:16,3
DA:17,3
DA:20,0
DA:22,0
DA:23,0
DA:24,0
DA:25,0
DA:27,0
DA:30,0
DA:34,256
DA:35,255
DA:39,9
DA:40,18
DA:41,0
DA:42,2
DA:43,0
DA:44,0
DA:45,0
DA:46,0
DA:47,0
DA:48,0
DA:49,0
DA:50,19
DA:51,2
DA:57,9
DA:58,41
DA:59,41
DA:60,41
DA:62,41
DA:64,41
DA:66,0
DA:72,9
DA:74,9
DA:75,103
DA:76,3
DA:78,100
DA:79,100
DA:80,100
DA:82,100
DA:83,3
DA:86,0
DA:88,3
DA:91,97
DA:92,29
DA:93,0
DA:94,29
DA:95,0
DA:96,29
DA:97,16
DA:98,16
DA:99,16
DA:101,0
DA:102,13
DA:103,9
DA:105,4
DA:109,68
DA:110,14
DA:111,14
DA:112,14
DA:113,56
DA:114,56
DA:118,14
DA:119,0
DA:120,14
DA:121,1
DA:122,1
DA:124,1
DA:125,3
DA:128,14
DA:131,54
DA:132,8
DA:133,0
DA:136,8
DA:137,0
DA:140,8
DA:143,46
DA:144,5
DA:145,0
DA:147,5
DA:148,5
DA:152,41
DA:153,0
DA:156,41
DA:159,9
DA:161,20
DA:162,20
DA:163,26
DA:164,20
DA:165,13
DA:168,7
LF:92
LH:67
BRDA:16,0,0,3
BRDA:16,0,1,0
BRDA:16,1,0,3
BRDA:16,1,1,0
BRDA:16,1,2,0
BRDA:16,1,3,0
BRDA:23,2,0,0
BRDA:23,2,1,0
BRDA:23,3,0,0
BRDA:23,3,1,0
BRDA:34,4,0,1
BRDA:34,4,1,255
BRDA:51,5,0,2
BRDA:51,5,1,0
BRDA:62,6,0,41
BRDA:62,6,1,39
BRDA:64,7,0,41
BRDA:64,7,1,0
BRDA:75,8,0,3
BRDA:75,8,1,100
BRDA:82,9,0,3
BRDA:82,9,1,97
BRDA:86,10,0,0
BRDA:86,10,1,0
BRDA:91,11,0,29
BRDA:91,11,1,68
BRDA:92,12,0,0
BRDA:92,12,1,29
BRDA:94,13,0,0
BRDA:94,13,1,29
BRDA:96,14,0,16
BRDA:96,14,1,13
BRDA:97,15,0,16
BRDA:97,15,1,16
BRDA:98,16,0,16
BRDA:98,16,1,0
BRDA:102,17,0,9
BRDA:102,17,1,4
BRDA:109,18,0,14
BRDA:109,18,1,54
BRDA:113,19,0,56
BRDA:113,19,1,0
BRDA:113,20,0,56
BRDA:113,20,1,56
BRDA:118,21,0,0
BRDA:118,21,1,14
BRDA:120,22,0,1
BRDA:120,22,1,13
BRDA:131,23,0,8
BRDA:131,23,1,46
BRDA:132,24,0,0
BRDA:132,24,1,8
BRDA:136,25,0,0
BRDA:136,25,1,8
BRDA:143,26,0,5
BRDA:143,26,1,41
BRDA:144,27,0,0
BRDA:144,27,1,5
BRDA:147,28,0,5
BRDA:147,28,1,0
BRDA:152,29,0,0
BRDA:152,29,1,41
BRDA:162,30,0,20
BRDA:162,30,1,0
BRDA:163,31,0,26
BRDA:163,31,1,22
BRDA:164,32,0,13
BRDA:164,32,1,7
BRF:68
BRH:45
end_of_record
TN:
SF:src/step/generateRequestContent/generateParameterType.ts
FN:14,(anonymous_0)
FN:23,(anonymous_1)
FNF:2
FNH:2
FNDA:19,(anonymous_0)
FNDA:23,(anonymous_1)
DA:2,9
DA:5,9
DA:6,9
DA:8,9
DA:14,9
DA:15,19
DA:16,19
DA:17,19
DA:22,19
DA:23,19
DA:24,23
DA:25,23
DA:32,19
LF:13
LH:13
BRF:0
BRH:0
end_of_record
TN:
SF:src/step/generateRequestContent/generateResponseType.ts
FN:13,(anonymous_0)
FN:30,(anonymous_1)
FNF:2
FNH:2
FNDA:22,(anonymous_0)
FNDA:40,(anonymous_1)
DA:1,9
DA:4,9
DA:5,9
DA:6,9
DA:13,9
DA:17,22
DA:20,22
DA:21,22
DA:22,22
DA:23,22
DA:24,22
DA:25,22
DA:26,22
DA:30,22
DA:31,40
DA:37,22
DA:38,22
DA:39,22
DA:40,13
DA:41,4
DA:43,9
DA:47,22
LF:22
LH:22
BRDA:24,0,0,22
BRDA:24,0,1,0
BRDA:39,1,0,13
BRDA:39,1,1,9
BRDA:39,2,0,22
BRDA:39,2,1,13
BRDA:40,3,0,4
BRDA:40,3,1,9
BRF:8
BRH:7
end_of_record
TN:
SF:src/step/generateRequestContent/index.ts
FN:20,(anonymous_0)
FN:27,(anonymous_1)
FNF:2
FNH:2
FNDA:1,(anonymous_0)
FNDA:19,(anonymous_1)
DA:1,9
DA:7,9
DA:8,9
DA:9,9
DA:10,9
DA:11,9
DA:13,9
DA:14,9
DA:15,9
DA:17,9
DA:20,9
DA:21,1
DA:22,1
DA:24,1
DA:26,1
DA:27,1
DA:28,19
DA:29,19
DA:30,19
DA:31,19
DA:32,0
DA:33,0
DA:34,0
DA:36,0
DA:37,0
DA:41,19
DA:42,19
DA:43,17
DA:44,17
DA:45,17
DA:47,19
DA:48,19
DA:49,19
DA:50,19
DA:51,19
DA:52,19
DA:55,19
DA:59,19
DA:66,19
DA:67,19
DA:68,17
DA:73,19
DA:74,19
DA:77,19
DA:82,19
DA:84,19
DA:85,19
DA:89,1
LF:48
LH:43
BRDA:24,0,0,1
BRDA:24,0,1,1
BRDA:31,1,0,0
BRDA:31,1,1,19
BRDA:32,2,0,0
BRDA:32,2,1,0
BRDA:33,3,0,0
BRDA:33,3,1,0
BRDA:36,4,0,0
BRDA:36,4,1,0
BRDA:42,5,0,17
BRDA:42,5,1,2
BRDA:42,6,0,19
BRDA:42,6,1,19
BRDA:50,7,0,19
BRDA:50,7,1,0
BRDA:52,8,0,0
BRDA:52,8,1,19
BRDA:53,9,0,0
BRDA:53,9,1,19
BRDA:54,10,0,17
BRDA:54,10,1,2
BRDA:67,11,0,17
BRDA:67,11,1,2
BRF:24
BRH:14
end_of_record
TN:
SF:src/step/getUserConfig/cliOption.ts
FN:5,collect
FN:17,(anonymous_1)
FNF:2
FNH:2
FNDA:8,collect
FNDA:13,(anonymous_1)
DA:1,12
DA:3,12
DA:6,8
DA:17,12
DA:19,13
DA:20,13
DA:31,13
DA:35,13
DA:36,13
DA:37,3
DA:41,13
DA:42,13
DA:43,13
LF:13
LH:13
BRDA:36,0,0,3
BRDA:36,0,1,10
BRF:2
BRH:2
end_of_record
TN:
SF:src/step/getUserConfig/index.ts
FN:17,(anonymous_0)
FN:44,(anonymous_1)
FN:45,(anonymous_2)
FNF:3
FNH:3
FNDA:9,(anonymous_0)
FNDA:4,(anonymous_1)
FNDA:5,(anonymous_2)
DA:1,11
DA:2,11
DA:4,11
DA:7,11
DA:8,11
DA:9,11
DA:11,11
DA:17,11
DA:18,9
DA:19,9
DA:20,9
DA:21,4
DA:22,4
DA:23,2
DA:29,2
DA:30,1
DA:33,2
DA:35,4
DA:37,5
DA:39,5
DA:41,4
DA:42,4
DA:43,4
DA:44,2
DA:45,5
DA:47,2
DA:48,1
DA:50,2
DA:52,2
LF:29
LH:29
BRDA:20,0,0,4
BRDA:20,0,1,5
BRDA:22,1,0,2
BRDA:22,1,1,2
BRDA:29,2,0,1
BRDA:29,2,1,1
BRDA:41,3,0,4
BRDA:41,3,1,0
BRDA:43,4,0,2
BRDA:43,4,1,2
BRDA:47,5,0,1
BRDA:47,5,1,1
BRF:12
BRH:11
end_of_record
TN:
SF:src/tool/assembleDoc.ts
FN:6,(anonymous_0)
FN:39,(anonymous_1)
FNF:2
FNH:2
FNDA:106,(anonymous_0)
FNDA:162,(anonymous_1)
DA:1,10
DA:6,10
DA:7,106
DA:8,106
DA:9,98
DA:11,106
DA:12,19
DA:14,106
DA:15,13
DA:17,106
DA:18,19
DA:20,106
DA:21,0
DA:23,106
DA:24,19
DA:26,106
DA:27,4
DA:29,106
DA:30,1
DA:32,106
DA:33,8
DA:35,98
DA:39,162
LF:23
LH:22
BRDA:8,0,0,98
BRDA:8,0,1,8
BRDA:11,1,0,19
BRDA:11,1,1,87
BRDA:14,2,0,13
BRDA:14,2,1,93
BRDA:17,3,0,19
BRDA:17,3,1,87
BRDA:17,4,0,106
BRDA:17,4,1,19
BRDA:20,5,0,0
BRDA:20,5,1,106
BRDA:23,6,0,19
BRDA:23,6,1,87
BRDA:26,7,0,4
BRDA:26,7,1,102
BRDA:29,8,0,1
BRDA:29,8,1,105
BRDA:32,9,0,8
BRDA:32,9,1,98
BRF:20
BRH:19
end_of_record
TN:
SF:src/tool/camelCase.ts
FN:8,(anonymous_0)
FN:13,(anonymous_1)
FNF:2
FNH:2
FNDA:88,(anonymous_0)
FNDA:347,(anonymous_1)
DA:1,10
DA:8,10
DA:9,88
DA:10,88
DA:11,86
DA:13,347
DA:16,2
LF:7
LH:7
BRDA:10,0,0,86
BRDA:10,0,1,2
BRF:2
BRH:2
end_of_record
TN:
SF:src/tool/cleanName.ts
FN:11,(anonymous_0)
FN:12,(anonymous_1)
FNF:2
FNH:2
FNDA:159,(anonymous_0)
FNDA:837,(anonymous_1)
DA:11,12
DA:12,159
DA:14,837
DA:15,168
DA:17,669
DA:18,12
DA:20,657
DA:22,284
DA:25,3
DA:28,3
DA:31,651
DA:32,23
DA:34,628
LF:13
LH:13
BRDA:14,0,0,168
BRDA:14,0,1,669
BRDA:14,1,0,837
BRDA:14,1,1,796
BRDA:14,1,2,650
BRDA:17,2,0,12
BRDA:17,2,1,657
BRDA:20,3,0,284
BRDA:20,3,1,373
BRDA:23,4,0,2
BRDA:23,4,1,3
BRDA:23,4,2,2
BRDA:23,4,3,3
BRDA:31,5,0,23
BRDA:31,5,1,628
BRF:15
BRH:15
end_of_record
TN:
SF:src/tool/clearObject.ts
FN:1,(anonymous_0)
FN:2,(anonymous_1)
FNF:2
FNH:2
FNDA:21,(anonymous_0)
FNDA:139,(anonymous_1)
DA:1,10
DA:2,21
DA:3,139
LF:3
LH:3
BRF:0
BRH:0
end_of_record
TN:
SF:src/tool/enumType.ts
FN:11,(anonymous_0)
FN:18,(anonymous_1)
FN:22,(anonymous_2)
FN:32,(anonymous_3)
FN:35,(anonymous_4)
FN:43,(anonymous_5)
FN:45,(anonymous_6)
FNF:7
FNH:6
FNDA:13,(anonymous_0)
FNDA:0,(anonymous_1)
FNDA:15,(anonymous_2)
FNDA:62,(anonymous_3)
FNDA:36,(anonymous_4)
FNDA:13,(anonymous_5)
FNDA:40,(anonymous_6)
DA:2,10
DA:4,10
DA:6,10
DA:8,10
DA:11,10
DA:12,13
DA:13,13
DA:14,13
DA:15,5
DA:16,5
DA:17,5
DA:18,0
DA:19,0
DA:22,5
DA:23,15
DA:24,5
DA:25,5
DA:26,5
DA:27,5
DA:29,10
DA:32,13
DA:33,62
DA:35,36
DA:43,10
DA:44,13
DA:46,40
LF:26
LH:24
BRDA:14,0,0,5
BRDA:14,0,1,8
BRDA:15,1,0,5
BRDA:15,1,1,0
BRDA:17,2,0,0
BRDA:17,2,1,5
BRDA:23,3,0,5
BRDA:23,3,1,10
BRDA:46,4,0,37
BRDA:46,4,1,3
BRF:10
BRH:8
end_of_record
TN:
SF:src/tool/generateEnumName.ts
FN:1,(anonymous_0)
FNF:1
FNH:0
FNDA:0,(anonymous_0)
DA:1,0
LF:1
LH:0
BRF:0
BRH:0
end_of_record
TN:
SF:src/tool/genericType.ts
FN:5,(anonymous_0)
FN:9,(anonymous_1)
FN:12,(anonymous_2)
FN:48,(anonymous_3)
FN:53,(anonymous_4)
FN:60,(anonymous_5)
FN:68,(anonymous_6)
FNF:7
FNH:7
FNDA:29,(anonymous_0)
FNDA:12,(anonymous_1)
FNDA:11,(anonymous_2)
FNDA:36,(anonymous_3)
FNDA:21,(anonymous_4)
FNDA:10,(anonymous_5)
FNDA:5,(anonymous_6)
DA:5,10
DA:6,29
DA:9,12
DA:12,10
DA:13,11
DA:14,11
DA:15,11
DA:16,11
DA:17,11
DA:18,176
DA:19,176
DA:20,23
DA:21,23
DA:22,23
DA:23,23
DA:24,23
DA:25,23
DA:26,23
DA:27,153
DA:28,23
DA:29,23
DA:30,13
DA:31,13
DA:33,23
DA:34,130
DA:35,4
DA:36,4
DA:37,4
DA:39,126
DA:42,11
DA:48,10
DA:49,36
DA:50,36
DA:51,17
DA:53,21
DA:60,10
DA:61,10
DA:62,10
DA:63,4
DA:65,6
DA:66,1
DA:68,5
LF:42
LH:42
BRDA:19,0,0,23
BRDA:19,0,1,153
BRDA:23,1,0,23
BRDA:23,1,1,23
BRDA:27,2,0,23
BRDA:27,2,1,130
BRDA:29,3,0,13
BRDA:29,3,1,10
BRDA:34,4,0,4
BRDA:34,4,1,126
BRDA:50,5,0,17
BRDA:50,5,1,19
BRDA:62,6,0,4
BRDA:62,6,1,6
BRDA:65,7,0,1
BRDA:65,7,1,5
BRF:16
BRH:16
end_of_record
TN:
SF:src/tool/getDefinition.ts
FN:6,(anonymous_0)
FNF:1
FNH:1
FNDA:13,(anonymous_0)
DA:6,10
DA:7,13
LF:2
LH:2
BRF:0
BRH:0
end_of_record
TN:
SF:src/tool/isReference.ts
FN:3,(anonymous_0)
FNF:1
FNH:1
FNDA:26,(anonymous_0)
DA:3,9
DA:4,26
LF:2
LH:2
BRF:0
BRH:0
end_of_record
TN:
SF:src/tool/log.ts
FN:7,info
FN:12,error
FN:17,warn
FNF:3
FNH:3
FNDA:2,info
FNDA:1,error
FNDA:1,warn
DA:2,11
DA:4,11
DA:7,11
DA:8,2
DA:12,11
DA:13,1
DA:17,11
DA:18,1
LF:8
LH:8
BRF:0
BRH:0
end_of_record
TN:
SF:src/tool/patchGlobalDefinitionMap.ts
FN:6,(anonymous_0)
FNF:1
FNH:1
FNDA:23,(anonymous_0)
DA:6,9
DA:7,23
DA:8,12
LF:3
LH:3
BRDA:6,0,0,23
BRDA:7,1,0,12
BRDA:7,1,1,11
BRF:3
BRH:3
end_of_record
TN:
SF:src/tool/prettierWrite.ts
FN:9,(anonymous_0)
FNF:1
FNH:0
FNDA:0,(anonymous_0)
DA:1,9
DA:3,9
DA:9,9
DA:10,0
LF:4
LH:3
BRF:0
BRH:0
end_of_record
TN:
SF:src/tool/schemaToTypescript.ts
FN:13,(anonymous_0)
FN:16,(anonymous_1)
FN:24,(anonymous_2)
FN:34,(anonymous_3)
FN:51,(anonymous_4)
FN:64,(anonymous_5)
FNF:6
FNH:6
FNDA:130,(anonymous_0)
FNDA:24,(anonymous_1)
FNDA:130,(anonymous_2)
FNDA:2,(anonymous_3)
FNDA:2,(anonymous_4)
FNDA:19,(anonymous_5)
DA:4,10
DA:7,10
DA:9,10
DA:13,130
DA:16,10
DA:17,24
DA:18,24
DA:24,10
DA:25,130
DA:26,18
DA:28,112
DA:29,112
DA:30,2
DA:33,110
DA:34,2
DA:36,109
DA:37,22
DA:39,87
DA:41,13
DA:43,1
DA:45,2
DA:48,10
DA:50,7
DA:51,2
DA:53,6
DA:54,1
DA:56,5
DA:59,21
DA:60,1
DA:62,20
DA:63,20
DA:64,16
DA:65,19
DA:66,19
DA:69,20
DA:70,15
DA:72,5
DA:73,5
DA:76,5
DA:77,1
DA:79,4
DA:82,33
DA:86,10
LF:43
LH:43
BRDA:18,0,0,17
BRDA:18,0,1,7
BRDA:25,1,0,18
BRDA:25,1,1,112
BRDA:29,2,0,2
BRDA:29,2,1,110
BRDA:33,3,0,1
BRDA:33,3,1,109
BRDA:36,4,0,22
BRDA:36,4,1,87
BRDA:40,5,0,13
BRDA:40,5,1,1
BRDA:40,5,2,2
BRDA:40,5,3,10
BRDA:40,5,4,10
BRDA:40,5,5,7
BRDA:40,5,6,21
BRDA:40,5,7,33
BRDA:50,6,0,1
BRDA:50,6,1,6
BRDA:53,7,0,1
BRDA:53,7,1,5
BRDA:59,8,0,1
BRDA:59,8,1,20
BRDA:59,9,0,21
BRDA:59,9,1,5
BRDA:63,10,0,16
BRDA:63,10,1,4
BRDA:65,11,0,12
BRDA:65,11,1,7
BRDA:65,12,0,19
BRDA:65,12,1,17
BRDA:69,13,0,15
BRDA:69,13,1,5
BRDA:74,14,0,1
BRDA:74,14,1,4
BRDA:76,15,0,1
BRDA:76,15,1,4
BRF:38
BRH:38
end_of_record
TN:
SF:src/tool/transformSwaggerPathToRouterPath.ts
FN:2,(anonymous_0)
FN:6,(anonymous_1)
FNF:2
FNH:2
FNDA:22,(anonymous_0)
FNDA:40,(anonymous_1)
DA:2,10
DA:3,22
DA:4,12
DA:7,40
DA:8,40
DA:9,13
DA:11,27
DA:15,10
LF:8
LH:8
BRDA:3,0,0,12
BRDA:3,0,1,10
BRDA:8,1,0,13
BRDA:8,1,1,27
BRF:4
BRH:4
end_of_record
TN:
SF:src/tool/translate.ts
FN:13,translate
FNF:1
FNH:1
FNDA:3,translate
DA:1,10
DA:5,10
DA:13,10
DA:14,3
DA:15,3
DA:20,2
DA:22,1
LF:7
LH:7
BRF:0
BRH:0
end_of_record
TN:
SF:src/tool/traverseSchema.ts
FN:11,(anonymous_0)
FN:12,traverseSchemaNode
FN:28,(anonymous_2)
FN:29,(anonymous_3)
FNF:4
FNH:4
FNDA:49,(anonymous_0)
FNDA:8643,traverseSchemaNode
FNDA:24,(anonymous_2)
FNDA:359,(anonymous_3)
DA:1,11
DA:11,11
DA:12,49
DA:14,8643
DA:15,360
DA:17,8283
DA:23,8283
DA:28,11
DA:29,24
DA:30,359
DA:31,20
LF:11
LH:11
BRDA:14,0,0,360
BRDA:14,0,1,8283
BRDA:14,1,0,8643
BRDA:14,1,1,8643
BRDA:14,1,2,8594
BRDA:20,2,0,8283
BRDA:20,2,1,0
BRDA:30,3,0,20
BRDA:30,3,1,339
BRDA:30,4,0,359
BRDA:30,4,1,20
BRF:11
BRH:10
end_of_record
TN:
SF:src/tool/types.ts
FN:11,(anonymous_0)
FNF:1
FNH:1
FNDA:10,(anonymous_0)
DA:11,10
LF:1
LH:1
BRF:0
BRH:0
end_of_record
