TN:
SF:src/index.ts
FNF:0
FNH:0
DA:1,1
DA:2,1
DA:3,1
LF:3
LH:3
BRF:0
BRH:0
end_of_record
TN:
SF:src/projectGlobalVariable.ts
FN:6,(anonymous_0)
FN:17,(anonymous_1)
FNF:2
FNH:2
FNDA:35,(anonymous_0)
FNDA:9,(anonymous_1)
DA:2,10
DA:4,10
DA:6,10
DA:7,35
DA:8,10
DA:14,35
DA:17,10
DA:18,9
DA:19,9
DA:20,9
DA:21,9
DA:24,10
LF:12
LH:12
BRDA:7,0,0,10
BRDA:7,0,1,25
BRF:2
BRH:2
end_of_record
TN:
SF:src/run.ts
FN:5,(anonymous_0)
FN:31,(anonymous_1)
FNF:2
FNH:2
FNDA:2,(anonymous_0)
FNDA:1,(anonymous_1)
DA:1,2
DA:2,2
DA:5,2
DA:6,2
DA:7,2
DA:9,2
DA:10,0
DA:12,2
DA:13,2
DA:14,2
DA:15,2
DA:16,2
DA:18,2
DA:19,2
DA:20,2
DA:21,2
DA:23,2
DA:31,2
DA:32,1
DA:33,1
LF:20
LH:19
BRDA:9,0,0,0
BRDA:9,0,1,2
BRDA:12,1,0,2
BRDA:12,1,1,1
BRDA:15,2,0,2
BRDA:15,2,1,0
BRF:6
BRH:4
end_of_record
TN:
SF:src/source.ts
FN:22,(anonymous_0)
FN:34,(anonymous_1)
FN:42,(anonymous_2)
FNF:3
FNH:3
FNDA:4,(anonymous_0)
FNDA:130,(anonymous_1)
FNDA:130,(anonymous_2)
DA:1,11
DA:9,11
DA:16,11
DA:19,11
DA:22,11
DA:23,4
DA:24,4
DA:25,4
DA:26,4
DA:27,4
DA:28,4
DA:29,4
DA:30,4
DA:34,11
DA:35,130
DA:36,130
DA:37,130
DA:38,130
DA:42,11
DA:43,130
DA:44,130
DA:45,130
DA:46,130
DA:47,130
LF:24
LH:24
BRF:0
BRH:0
end_of_record
TN:
SF:src/content/initConfig.ts
FNF:0
FNH:0
DA:1,10
LF:1
LH:1
BRF:0
BRH:0
end_of_record
TN:
SF:src/content/projectIndex.ts
FNF:0
FNH:0
DA:1,9
DA:4,9
LF:2
LH:2
BRF:0
BRH:0
end_of_record
TN:
SF:src/content/propertyOfHelper.ts
FNF:0
FNH:0
DA:2,9
LF:1
LH:1
BRF:0
BRH:0
end_of_record
TN:
SF:src/content/requester.ts
FN:8,(anonymous_0)
FNF:1
FNH:1
FNDA:2,(anonymous_0)
DA:1,9
DA:2,9
DA:8,9
DA:9,2
DA:10,2
LF:5
LH:5
BRF:0
BRH:0
end_of_record
TN:
SF:src/content/warningComment.ts
FNF:0
FNH:0
DA:1,9
DA:3,9
LF:2
LH:2
BRF:0
BRH:0
end_of_record
TN:
SF:src/requester/axios.ts
FN:10,(anonymous_0)
FN:13,(anonymous_1)
FN:23,(anonymous_2)
FN:30,interceptRequest
FN:51,(anonymous_4)
FN:59,(anonymous_5)
FN:61,(anonymous_6)
FN:63,(anonymous_7)
FNF:8
FNH:8
FNDA:8,(anonymous_0)
FNDA:6,(anonymous_1)
FNDA:1,(anonymous_2)
FNDA:8,interceptRequest
FNDA:1,(anonymous_4)
FNDA:8,(anonymous_5)
FNDA:8,(anonymous_6)
FNDA:7,(anonymous_7)
DA:2,2
DA:3,2
DA:4,2
DA:10,2
DA:11,8
DA:12,7
DA:13,4
DA:14,6
DA:16,4
DA:19,7
DA:24,1
DA:25,1
DA:30,2
DA:31,8
DA:32,8
DA:36,1
DA:38,7
DA:39,7
DA:42,7
DA:43,2
DA:45,7
DA:46,1
DA:48,7
DA:49,1
DA:51,1
DA:52,1
DA:54,1
DA:56,7
DA:59,2
DA:60,8
DA:61,8
DA:62,8
DA:63,7
LF:33
LH:33
BRDA:11,0,0,7
BRDA:11,0,1,1
BRDA:12,1,0,4
BRDA:12,1,1,3
BRDA:38,2,0,7
BRDA:38,2,1,1
BRDA:40,3,0,7
BRDA:40,3,1,1
BRDA:42,4,0,2
BRDA:42,4,1,5
BRDA:45,5,0,1
BRDA:45,5,1,6
BRDA:48,6,0,1
BRDA:48,6,1,6
BRF:14
BRH:14
end_of_record
TN:
SF:src/requester/fetch.ts
FN:15,(anonymous_0)
FN:17,(anonymous_1)
FN:38,(anonymous_2)
FN:49,interceptRequest
FN:91,(anonymous_4)
FN:102,interceptResponse
FN:124,(anonymous_6)
FN:124,(anonymous_7)
FNF:8
FNH:8
FNDA:12,(anonymous_0)
FNDA:5,(anonymous_1)
FNDA:2,(anonymous_2)
FNDA:12,interceptRequest
FNDA:1,(anonymous_4)
FNDA:11,interceptResponse
FNDA:12,(anonymous_6)
FNDA:12,(anonymous_7)
DA:2,2
DA:4,2
DA:5,2
DA:9,2
DA:15,2
DA:16,12
DA:17,3
DA:18,5
DA:20,3
DA:22,11
DA:23,1
DA:25,1
DA:26,1
DA:34,11
DA:39,2
DA:40,2
DA:49,2
DA:55,12
DA:56,12
DA:57,12
DA:61,1
DA:63,11
DA:68,11
DA:69,2
DA:71,11
DA:72,2
DA:75,2
DA:76,1
DA:80,1
DA:81,1
DA:83,1
DA:88,11
DA:89,1
DA:91,1
DA:92,1
DA:94,1
DA:96,11
DA:102,2
DA:103,11
DA:104,1
DA:109,10
DA:110,10
DA:111,9
DA:112,7
DA:115,2
DA:116,1
DA:120,2
DA:124,12
DA:125,12
DA:126,11
LF:50
LH:50
BRDA:16,0,0,3
BRDA:16,0,1,9
BRDA:22,1,0,1
BRDA:22,1,1,10
BRDA:68,2,0,2
BRDA:68,2,1,9
BRDA:71,3,0,2
BRDA:71,3,1,9
BRDA:75,4,0,1
BRDA:75,4,1,1
BRDA:88,5,0,1
BRDA:88,5,1,10
BRDA:103,6,0,1
BRDA:103,6,1,10
BRDA:110,7,0,9
BRDA:110,7,1,1
BRDA:111,8,0,7
BRDA:111,8,1,2
BRDA:115,9,0,1
BRDA:115,9,1,1
BRF:20
BRH:20
end_of_record
TN:
SF:src/step/assembleSchemaToGlobal.ts
FN:13,(anonymous_0)
FN:16,(anonymous_1)
FN:22,(anonymous_2)
FN:23,(anonymous_3)
FNF:4
FNH:4
FNDA:10,(anonymous_0)
FNDA:61,(anonymous_1)
FNDA:78,(anonymous_2)
FNDA:546,(anonymous_3)
DA:1,9
DA:4,9
DA:6,9
DA:7,9
DA:13,9
DA:14,10
DA:15,10
DA:16,10
DA:17,61
DA:22,10
DA:23,78
DA:24,546
DA:25,546
DA:26,103
LF:14
LH:14
BRDA:25,0,0,103
BRDA:25,0,1,443
BRDA:25,1,0,546
BRDA:25,1,1,108
BRF:4
BRH:4
end_of_record
TN:
SF:src/step/cleanRefAndDefinitionName.ts
FN:10,(anonymous_0)
FN:12,(anonymous_1)
FN:20,(anonymous_2)
FNF:3
FNH:3
FNDA:7,(anonymous_0)
FNDA:39,(anonymous_1)
FNDA:4392,(anonymous_2)
DA:3,10
DA:4,10
DA:5,10
DA:10,10
DA:11,7
DA:12,7
DA:13,39
DA:14,39
DA:15,2
DA:16,2
DA:17,2
DA:20,7
DA:21,4392
DA:22,105
LF:14
LH:14
BRDA:14,0,0,2
BRDA:14,0,1,37
BRDA:21,1,0,105
BRDA:21,1,1,4287
BRDA:21,2,0,4392
BRDA:21,2,1,105
BRF:6
BRH:6
end_of_record
TN:
SF:src/step/colletRefsInRequestAndPatchDefinition.ts
FN:10,(anonymous_0)
FN:14,(anonymous_1)
FN:17,(anonymous_2)
FN:22,(anonymous_3)
FN:32,(anonymous_4)
FN:34,(anonymous_5)
FN:39,(anonymous_6)
FNF:7
FNH:7
FNDA:4,(anonymous_0)
FNDA:31,(anonymous_1)
FNDA:13,(anonymous_2)
FNDA:6,(anonymous_3)
FNDA:24,(anonymous_4)
FNDA:20,(anonymous_5)
FNDA:5,(anonymous_6)
DA:1,9
DA:2,9
DA:4,9
DA:10,9
DA:11,4
DA:12,4
DA:14,4
DA:15,31
DA:16,31
DA:17,25
DA:18,13
DA:19,6
DA:23,6
DA:26,7
DA:32,4
DA:33,24
DA:34,24
DA:35,20
DA:36,4
DA:40,5
DA:41,5
DA:44,16
DA:45,16
LF:23
LH:23
BRDA:16,0,0,25
BRDA:16,0,1,6
BRDA:18,1,0,6
BRDA:18,1,1,7
BRDA:35,2,0,4
BRDA:35,2,1,16
BRF:6
BRH:6
end_of_record
TN:
SF:src/step/fetchSwagger.ts
FN:14,(anonymous_0)
FNF:1
FNH:1
FNDA:5,(anonymous_0)
DA:1,9
DA:3,9
DA:5,9
DA:14,9
DA:15,5
DA:16,5
DA:17,1
DA:18,1
DA:19,1
DA:20,1
DA:21,1
DA:22,1
DA:24,4
DA:25,4
DA:27,4
DA:28,1
DA:29,1
DA:30,1
DA:33,3
LF:19
LH:19
BRDA:16,0,0,1
BRDA:16,0,1,4
BRDA:27,1,0,1
BRDA:27,1,1,3
BRF:4
BRH:4
end_of_record
TN:
SF:src/step/generateDefinitionContent.ts
FN:17,(anonymous_0)
FN:19,(anonymous_1)
FN:33,(anonymous_2)
FN:41,(anonymous_3)
FNF:4
FNH:4
FNDA:2,(anonymous_0)
FNDA:15,(anonymous_1)
FNDA:2,(anonymous_2)
FNDA:38,(anonymous_3)
DA:1,9
DA:10,9
DA:11,9
DA:13,9
DA:14,9
DA:17,9
DA:18,2
DA:19,2
DA:20,15
DA:21,6
DA:23,9
DA:24,9
DA:25,9
DA:26,9
DA:27,9
DA:28,8
DA:29,8
DA:33,2
DA:40,8
DA:41,8
DA:42,38
DA:43,38
DA:52,38
DA:53,1
DA:55,38
DA:58,1
DA:59,0
DA:61,0
DA:74,1
DA:82,0
DA:89,9
LF:31
LH:28
BRDA:20,0,0,6
BRDA:20,0,1,9
BRDA:20,1,0,15
BRDA:20,1,1,9
BRDA:26,2,0,9
BRDA:26,2,1,0
BRDA:27,3,0,8
BRDA:27,3,1,1
BRDA:33,4,0,2
BRDA:33,4,1,6
BRDA:40,5,0,0
BRDA:40,5,1,8
BRDA:46,6,0,0
BRDA:46,6,1,38
BRDA:47,7,0,38
BRDA:47,7,1,16
BRDA:52,8,0,1
BRDA:52,8,1,37
BRDA:52,9,0,38
BRDA:52,9,1,38
BRDA:58,10,0,0
BRDA:58,10,1,1
BRDA:64,11,0,0
BRDA:64,11,1,0
BRDA:69,12,0,0
BRDA:69,12,1,0
BRF:26
BRH:18
end_of_record
TN:
SF:src/step/importAllDefinition.ts
FN:4,(anonymous_0)
FN:7,(anonymous_1)
FN:11,(anonymous_2)
FNF:3
FNH:3
FNDA:2,(anonymous_0)
FNDA:6,(anonymous_1)
FNDA:6,(anonymous_2)
DA:1,9
DA:4,9
DA:5,2
DA:6,2
DA:7,2
DA:8,6
DA:12,6
DA:15,2
DA:16,2
LF:9
LH:9
BRF:0
BRH:0
end_of_record
TN:
SF:src/step/index.ts
FNF:0
FNH:0
DA:1,9
DA:2,9
DA:3,9
DA:4,9
DA:5,9
DA:6,9
DA:7,9
DA:8,9
DA:9,9
DA:10,9
DA:11,9
LF:11
LH:11
BRF:0
BRH:0
end_of_record
TN:
SF:src/step/parseGenericType.ts
FN:17,(anonymous_0)
FN:24,(anonymous_1)
FN:32,(anonymous_2)
FN:34,(anonymous_3)
FN:38,(anonymous_4)
FN:40,(anonymous_5)
FN:41,(anonymous_6)
FN:64,(anonymous_7)
FN:67,(anonymous_8)
FN:82,(anonymous_9)
FN:84,(anonymous_10)
FN:88,(anonymous_11)
FN:94,(anonymous_12)
FN:109,(anonymous_13)
FN:111,(anonymous_14)
FN:112,(anonymous_15)
FN:118,(anonymous_16)
FN:127,(anonymous_17)
FN:141,(anonymous_18)
FNF:19
FNH:19
FNDA:5,(anonymous_0)
FNDA:29,(anonymous_1)
FNDA:6,(anonymous_2)
FNDA:8,(anonymous_3)
FNDA:6,(anonymous_4)
FNDA:3,(anonymous_5)
FNDA:72,(anonymous_6)
FNDA:3,(anonymous_7)
FNDA:5,(anonymous_8)
FNDA:3,(anonymous_9)
FNDA:32,(anonymous_10)
FNDA:3,(anonymous_11)
FNDA:3,(anonymous_12)
FNDA:5,(anonymous_13)
FNDA:25,(anonymous_14)
FNDA:643,(anonymous_15)
FNDA:4,(anonymous_16)
FNDA:4,(anonymous_17)
FNDA:4,(anonymous_18)
DA:1,9
DA:2,9
DA:3,9
DA:11,9
DA:17,9
DA:18,5
DA:23,5
DA:24,5
DA:25,29
DA:26,29
DA:27,6
DA:28,6
DA:29,6
DA:30,0
DA:32,6
DA:33,6
DA:34,6
DA:35,8
DA:38,6
DA:39,6
DA:40,3
DA:41,3
DA:42,72
DA:43,3
DA:46,3
DA:52,3
DA:57,3
DA:59,3
DA:64,3
DA:65,3
DA:66,3
DA:67,3
DA:68,5
DA:73,3
DA:78,5
DA:82,1
DA:83,3
DA:84,3
DA:85,32
DA:86,4
DA:87,2
DA:88,3
DA:89,2
DA:90,2
DA:91,2
DA:95,3
DA:96,2
DA:101,2
DA:109,9
DA:110,5
DA:111,5
DA:112,25
DA:113,643
DA:114,22
DA:115,18
DA:116,4
DA:117,2
DA:118,2
DA:119,4
DA:121,2
DA:122,2
DA:123,2
DA:124,2
DA:128,4
DA:129,2
DA:134,2
DA:141,9
DA:142,4
DA:144,4
DA:146,4
LF:70
LH:69
BRDA:26,0,0,6
BRDA:26,0,1,23
BRDA:27,1,0,6
BRDA:27,1,1,0
BRDA:29,2,0,0
BRDA:29,2,1,6
BRDA:39,3,0,3
BRDA:39,3,1,3
BRDA:42,4,0,3
BRDA:42,4,1,69
BRDA:42,5,0,72
BRDA:42,5,1,3
BRDA:65,6,0,3
BRDA:65,6,1,0
BRDA:78,7,0,1
BRDA:78,7,1,4
BRDA:85,8,0,4
BRDA:85,8,1,28
BRDA:85,9,0,32
BRDA:85,9,1,5
BRDA:86,10,0,2
BRDA:86,10,1,2
BRDA:88,11,0,2
BRDA:88,11,1,0
BRDA:95,12,0,2
BRDA:95,12,1,1
BRDA:113,13,0,22
BRDA:113,13,1,621
BRDA:113,14,0,643
BRDA:113,14,1,22
BRDA:114,15,0,18
BRDA:114,15,1,4
BRDA:116,16,0,2
BRDA:116,16,1,2
BRDA:121,17,0,2
BRDA:121,17,1,0
BRDA:128,18,0,2
BRDA:128,18,1,2
BRF:38
BRH:33
end_of_record
TN:
SF:src/step/prepareProjectDirectory.ts
FN:6,(anonymous_0)
FNF:1
FNH:1
FNDA:2,(anonymous_0)
DA:1,9
DA:2,9
DA:6,9
DA:7,2
DA:8,2
DA:9,2
DA:10,0
LF:7
LH:6
BRDA:9,0,0,0
BRDA:9,0,1,2
BRF:2
BRH:1
end_of_record
TN:
SF:src/step/translateSchema.ts
FN:11,(anonymous_0)
FN:14,(anonymous_1)
FN:21,(anonymous_2)
FN:44,(anonymous_3)
FN:49,(anonymous_4)
FN:52,(anonymous_5)
FN:64,(anonymous_6)
FN:66,(anonymous_7)
FN:73,(anonymous_8)
FN:92,(anonymous_9)
FNF:10
FNH:0
FNDA:0,(anonymous_0)
FNDA:0,(anonymous_1)
FNDA:0,(anonymous_2)
FNDA:0,(anonymous_3)
FNDA:0,(anonymous_4)
FNDA:0,(anonymous_5)
FNDA:0,(anonymous_6)
FNDA:0,(anonymous_7)
FNDA:0,(anonymous_8)
FNDA:0,(anonymous_9)
DA:2,9
DA:4,9
DA:6,9
DA:8,9
DA:11,9
DA:12,0
DA:14,0
DA:15,0
DA:16,0
DA:17,0
DA:21,0
DA:22,0
DA:23,0
DA:25,0
DA:29,0
DA:34,9
DA:44,9
DA:45,0
DA:47,0
DA:48,0
DA:50,0
DA:52,0
DA:53,0
DA:54,0
DA:56,0
DA:60,0
DA:64,9
DA:65,0
DA:66,0
DA:67,0
DA:68,0
DA:69,0
DA:73,0
DA:74,0
DA:75,0
DA:76,0
DA:77,0
DA:78,0
DA:79,0
DA:81,0
DA:92,9
DA:93,0
DA:94,0
DA:95,0
LF:44
LH:9
BRDA:16,0,0,0
BRDA:16,0,1,0
BRDA:22,1,0,0
BRDA:22,1,1,0
BRDA:22,2,0,0
BRDA:22,2,1,0
BRDA:23,3,0,0
BRDA:23,3,1,0
BRDA:47,4,0,0
BRDA:47,4,1,0
BRDA:52,5,0,0
BRDA:52,5,1,0
BRDA:67,6,0,0
BRDA:67,6,1,0
BRDA:74,7,0,0
BRDA:74,7,1,0
BRDA:74,8,0,0
BRDA:74,8,1,0
BRDA:76,9,0,0
BRDA:76,9,1,0
BRDA:78,10,0,0
BRDA:78,10,1,0
BRDA:78,11,0,0
BRDA:78,11,1,0
BRF:24
BRH:0
end_of_record
TN:
SF:src/step/writeProject.ts
FN:16,(anonymous_0)
FN:23,(anonymous_1)
FN:36,(anonymous_2)
FNF:3
FNH:3
FNDA:2,(anonymous_0)
FNDA:15,(anonymous_1)
FNDA:20,(anonymous_2)
DA:1,9
DA:2,9
DA:4,9
DA:5,9
DA:7,9
DA:8,9
DA:9,9
DA:10,9
DA:12,9
DA:16,9
DA:17,2
DA:18,2
DA:19,2
DA:21,2
DA:22,2
DA:25,15
DA:26,15
DA:27,0
DA:29,15
DA:30,15
DA:33,2
DA:35,2
DA:37,20
DA:40,2
DA:41,2
DA:53,2
LF:26
LH:25
BRDA:26,0,0,0
BRDA:26,0,1,15
BRF:2
BRH:1
end_of_record
TN:
SF:src/step/generateRequestContent/assembleRequestParam.ts
FN:14,(anonymous_0)
FN:15,(anonymous_1)
FNF:2
FNH:2
FNDA:37,(anonymous_0)
FNDA:51,(anonymous_1)
DA:4,9
DA:5,9
DA:14,9
DA:15,37
DA:17,51
DA:18,0
DA:20,51
DA:21,6
DA:23,6
DA:24,2
DA:26,6
DA:27,45
DA:29,17
DA:37,28
DA:47,51
LF:15
LH:14
BRDA:17,0,0,0
BRDA:17,0,1,51
BRDA:20,1,0,6
BRDA:20,1,1,45
BRDA:23,2,0,2
BRDA:23,2,1,4
BRDA:23,3,0,6
BRDA:23,3,1,2
BRDA:27,4,0,17
BRDA:27,4,1,28
BRDA:27,5,0,45
BRDA:27,5,1,17
BRDA:32,6,0,16
BRDA:32,6,1,1
BRDA:40,7,0,22
BRDA:40,7,1,6
BRF:16
BRH:15
end_of_record
TN:
SF:src/step/generateRequestContent/generateMockData.ts
FN:13,deeplyStripKey
FN:20,(anonymous_1)
FN:31,objectify
FN:38,(anonymous_3)
FN:39,(anonymous_4)
FN:40,(anonymous_5)
FN:41,(anonymous_6)
FN:42,(anonymous_7)
FN:43,(anonymous_8)
FN:44,(anonymous_9)
FN:45,(anonymous_10)
FN:46,(anonymous_11)
FN:47,(anonymous_12)
FN:48,(anonymous_13)
FN:49,(anonymous_14)
FN:55,(anonymous_15)
FN:72,(anonymous_16)
FN:81,(anonymous_17)
FN:110,(anonymous_18)
FN:131,(anonymous_19)
FN:135,(anonymous_20)
FN:155,(anonymous_21)
FN:158,(anonymous_22)
FNF:23
FNH:11
FNDA:5,deeplyStripKey
FNDA:0,(anonymous_1)
FNDA:469,objectify
FNDA:33,(anonymous_3)
FNDA:0,(anonymous_4)
FNDA:4,(anonymous_5)
FNDA:0,(anonymous_6)
FNDA:0,(anonymous_7)
FNDA:0,(anonymous_8)
FNDA:0,(anonymous_9)
FNDA:0,(anonymous_10)
FNDA:0,(anonymous_11)
FNDA:0,(anonymous_12)
FNDA:35,(anonymous_13)
FNDA:4,(anonymous_14)
FNDA:76,(anonymous_15)
FNDA:188,(anonymous_16)
FNDA:0,(anonymous_17)
FNDA:101,(anonymous_18)
FNDA:0,(anonymous_19)
FNDA:0,(anonymous_20)
FNDA:40,(anonymous_21)
FNDA:52,(anonymous_22)
DA:5,9
DA:13,9
DA:14,5
DA:15,5
DA:18,0
DA:20,0
DA:21,0
DA:22,0
DA:23,0
DA:25,0
DA:28,0
DA:32,469
DA:33,467
DA:37,9
DA:38,33
DA:39,0
DA:40,4
DA:41,0
DA:42,0
DA:43,0
DA:44,0
DA:45,0
DA:46,0
DA:47,0
DA:48,35
DA:49,4
DA:55,9
DA:56,76
DA:57,76
DA:58,76
DA:60,76
DA:62,76
DA:64,0
DA:70,9
DA:72,9
DA:73,188
DA:74,5
DA:76,183
DA:77,183
DA:78,183
DA:80,183
DA:81,5
DA:84,0
DA:86,5
DA:89,178
DA:90,55
DA:91,0
DA:92,55
DA:93,0
DA:94,55
DA:95,29
DA:96,29
DA:97,28
DA:99,1
DA:100,26
DA:101,18
DA:103,8
DA:107,123
DA:108,25
DA:109,25
DA:110,25
DA:111,101
DA:112,101
DA:116,25
DA:117,0
DA:118,25
DA:119,2
DA:120,2
DA:122,2
DA:123,6
DA:126,25
DA:129,98
DA:130,13
DA:131,0
DA:134,13
DA:135,0
DA:138,13
DA:141,85
DA:142,9
DA:143,0
DA:145,9
DA:148,76
DA:149,0
DA:152,76
DA:155,9
DA:156,40
DA:157,40
DA:158,52
DA:159,40
DA:160,26
DA:163,14
LF:91
LH:67
BRDA:14,0,0,5
BRDA:14,0,1,0
BRDA:14,1,0,5
BRDA:14,1,1,0
BRDA:14,1,2,0
BRDA:14,1,3,0
BRDA:21,2,0,0
BRDA:21,2,1,0
BRDA:21,3,0,0
BRDA:21,3,1,0
BRDA:32,4,0,2
BRDA:32,4,1,467
BRDA:49,5,0,4
BRDA:49,5,1,0
BRDA:60,6,0,76
BRDA:60,6,1,72
BRDA:62,7,0,76
BRDA:62,7,1,0
BRDA:73,8,0,5
BRDA:73,8,1,183
BRDA:80,9,0,5
BRDA:80,9,1,178
BRDA:84,10,0,0
BRDA:84,10,1,0
BRDA:89,11,0,55
BRDA:89,11,1,123
BRDA:90,12,0,0
BRDA:90,12,1,55
BRDA:92,13,0,0
BRDA:92,13,1,55
BRDA:94,14,0,29
BRDA:94,14,1,26
BRDA:95,15,0,29
BRDA:95,15,1,28
BRDA:96,16,0,28
BRDA:96,16,1,1
BRDA:100,17,0,18
BRDA:100,17,1,8
BRDA:107,18,0,25
BRDA:107,18,1,98
BRDA:111,19,0,101
BRDA:111,19,1,0
BRDA:111,20,0,101
BRDA:111,20,1,101
BRDA:116,21,0,0
BRDA:116,21,1,25
BRDA:118,22,0,2
BRDA:118,22,1,23
BRDA:129,23,0,13
BRDA:129,23,1,85
BRDA:130,24,0,0
BRDA:130,24,1,13
BRDA:134,25,0,0
BRDA:134,25,1,13
BRDA:141,26,0,9
BRDA:141,26,1,76
BRDA:142,27,0,0
BRDA:142,27,1,9
BRDA:148,28,0,0
BRDA:148,28,1,76
BRDA:157,29,0,40
BRDA:157,29,1,0
BRDA:158,30,0,52
BRDA:158,30,1,44
BRDA:159,31,0,26
BRDA:159,31,1,14
BRF:66
BRH:45
end_of_record
TN:
SF:src/step/generateRequestContent/generateParameterType.ts
FN:14,(anonymous_0)
FN:23,(anonymous_1)
FNF:2
FNH:2
FNDA:37,(anonymous_0)
FNDA:45,(anonymous_1)
DA:2,9
DA:5,9
DA:6,9
DA:8,9
DA:14,9
DA:15,37
DA:16,37
DA:17,37
DA:22,37
DA:23,37
DA:24,45
DA:25,45
DA:32,37
LF:13
LH:13
BRF:0
BRH:0
end_of_record
TN:
SF:src/step/generateRequestContent/generateResponseType.ts
FN:13,(anonymous_0)
FN:30,(anonymous_1)
FNF:2
FNH:2
FNDA:42,(anonymous_0)
FNDA:78,(anonymous_1)
DA:1,9
DA:4,9
DA:5,9
DA:6,9
DA:13,9
DA:17,42
DA:20,42
DA:21,42
DA:22,42
DA:23,42
DA:24,42
DA:25,42
DA:26,42
DA:30,42
DA:31,78
DA:37,42
DA:38,42
DA:39,42
DA:40,26
DA:41,8
DA:43,18
DA:47,42
LF:22
LH:22
BRDA:24,0,0,42
BRDA:24,0,1,0
BRDA:39,1,0,26
BRDA:39,1,1,16
BRDA:39,2,0,42
BRDA:39,2,1,24
BRDA:40,3,0,8
BRDA:40,3,1,18
BRF:8
BRH:7
end_of_record
TN:
SF:src/step/generateRequestContent/index.ts
FN:19,(anonymous_0)
FN:24,(anonymous_1)
FNF:2
FNH:2
FNDA:3,(anonymous_0)
FNDA:39,(anonymous_1)
DA:1,9
DA:7,9
DA:8,9
DA:9,9
DA:10,9
DA:12,9
DA:13,9
DA:14,9
DA:16,9
DA:19,9
DA:20,3
DA:21,3
DA:23,3
DA:24,3
DA:25,39
DA:26,39
DA:27,39
DA:28,39
DA:29,0
DA:30,0
DA:31,0
DA:33,0
DA:34,0
DA:38,39
DA:39,39
DA:40,35
DA:41,35
DA:42,35
DA:44,39
DA:45,39
DA:46,39
DA:47,39
DA:48,39
DA:49,39
DA:52,39
DA:53,39
DA:57,39
DA:64,39
DA:65,39
DA:66,35
DA:71,39
DA:72,39
DA:74,39
DA:75,39
DA:79,3
LF:45
LH:40
BRDA:28,0,0,0
BRDA:28,0,1,39
BRDA:29,1,0,0
BRDA:29,1,1,0
BRDA:30,2,0,0
BRDA:30,2,1,0
BRDA:33,3,0,0
BRDA:33,3,1,0
BRDA:39,4,0,35
BRDA:39,4,1,4
BRDA:39,5,0,39
BRDA:39,5,1,39
BRDA:47,6,0,39
BRDA:47,6,1,0
BRDA:49,7,0,0
BRDA:49,7,1,39
BRDA:50,8,0,0
BRDA:50,8,1,39
BRDA:51,9,0,35
BRDA:51,9,1,4
BRDA:65,10,0,35
BRDA:65,10,1,4
BRF:22
BRH:12
end_of_record
TN:
SF:src/step/getUserConfig/cliOption.ts
FN:5,collect
FN:17,(anonymous_1)
FNF:2
FNH:2
FNDA:8,collect
FNDA:13,(anonymous_1)
DA:1,11
DA:6,8
DA:17,11
DA:18,13
DA:29,13
DA:33,13
DA:34,13
DA:35,3
DA:39,13
DA:40,13
DA:41,13
LF:11
LH:11
BRDA:34,0,0,3
BRDA:34,0,1,10
BRF:2
BRH:2
end_of_record
TN:
SF:src/step/getUserConfig/index.ts
FN:16,(anonymous_0)
FN:43,(anonymous_1)
FN:44,(anonymous_2)
FNF:3
FNH:3
FNDA:9,(anonymous_0)
FNDA:4,(anonymous_1)
FNDA:5,(anonymous_2)
DA:1,10
DA:2,10
DA:4,10
DA:7,10
DA:8,10
DA:10,10
DA:16,10
DA:17,9
DA:18,9
DA:19,9
DA:20,4
DA:21,4
DA:22,2
DA:28,2
DA:29,1
DA:32,2
DA:34,4
DA:36,5
DA:38,5
DA:40,5
DA:41,5
DA:42,5
DA:43,2
DA:44,5
DA:46,2
DA:47,1
DA:49,2
DA:51,3
LF:28
LH:28
BRDA:19,0,0,4
BRDA:19,0,1,5
BRDA:21,1,0,2
BRDA:21,1,1,2
BRDA:28,2,0,1
BRDA:28,2,1,1
BRDA:40,3,0,5
BRDA:40,3,1,0
BRDA:42,4,0,2
BRDA:42,4,1,3
BRDA:46,5,0,1
BRDA:46,5,1,1
BRF:12
BRH:11
end_of_record
TN:
SF:src/tool/assembleDoc.ts
FN:6,(anonymous_0)
FN:36,(anonymous_1)
FNF:2
FNH:2
FNDA:250,(anonymous_0)
FNDA:348,(anonymous_1)
DA:1,10
DA:6,10
DA:7,250
DA:8,250
DA:9,204
DA:11,250
DA:12,39
DA:14,250
DA:15,40
DA:17,250
DA:18,39
DA:20,250
DA:21,1
DA:23,250
DA:24,39
DA:26,250
DA:27,8
DA:29,250
DA:30,35
DA:32,215
DA:36,348
LF:21
LH:21
BRDA:8,0,0,204
BRDA:8,0,1,46
BRDA:11,1,0,39
BRDA:11,1,1,211
BRDA:14,2,0,40
BRDA:14,2,1,210
BRDA:17,3,0,39
BRDA:17,3,1,211
BRDA:17,4,0,250
BRDA:17,4,1,39
BRDA:20,5,0,1
BRDA:20,5,1,249
BRDA:23,6,0,39
BRDA:23,6,1,211
BRDA:26,7,0,8
BRDA:26,7,1,242
BRDA:29,8,0,35
BRDA:29,8,1,215
BRF:18
BRH:18
end_of_record
TN:
SF:src/tool/camelCase.ts
FN:8,(anonymous_0)
FN:13,(anonymous_1)
FNF:2
FNH:2
FNDA:108,(anonymous_0)
FNDA:427,(anonymous_1)
DA:1,10
DA:8,10
DA:9,108
DA:10,108
DA:11,106
DA:13,427
DA:16,2
LF:7
LH:7
BRDA:10,0,0,106
BRDA:10,0,1,2
BRF:2
BRH:2
end_of_record
TN:
SF:src/tool/cleanName.ts
FN:11,(anonymous_0)
FN:12,(anonymous_1)
FNF:2
FNH:2
FNDA:152,(anonymous_0)
FNDA:832,(anonymous_1)
DA:11,11
DA:12,152
DA:14,832
DA:15,166
DA:17,666
DA:18,12
DA:20,654
DA:22,455
DA:25,8
DA:28,8
DA:31,638
DA:32,8
DA:34,630
LF:13
LH:13
BRDA:14,0,0,166
BRDA:14,0,1,666
BRDA:14,1,0,832
BRDA:14,1,1,796
BRDA:14,1,2,647
BRDA:17,2,0,12
BRDA:17,2,1,654
BRDA:20,3,0,455
BRDA:20,3,1,199
BRDA:23,4,0,7
BRDA:23,4,1,8
BRDA:23,4,2,7
BRDA:23,4,3,8
BRDA:31,5,0,8
BRDA:31,5,1,630
BRF:15
BRH:15
end_of_record
TN:
SF:src/tool/clearObject.ts
FN:1,(anonymous_0)
FN:2,(anonymous_1)
FNF:2
FNH:2
FNDA:18,(anonymous_0)
FNDA:162,(anonymous_1)
DA:1,10
DA:2,18
DA:3,162
LF:3
LH:3
BRF:0
BRH:0
end_of_record
TN:
SF:src/tool/genericType.ts
FN:5,(anonymous_0)
FN:9,(anonymous_1)
FN:12,(anonymous_2)
FN:48,(anonymous_3)
FN:53,(anonymous_4)
FN:60,(anonymous_5)
FN:68,(anonymous_6)
FNF:7
FNH:7
FNDA:39,(anonymous_0)
FNDA:19,(anonymous_1)
FNDA:16,(anonymous_2)
FNDA:42,(anonymous_3)
FNDA:23,(anonymous_4)
FNDA:12,(anonymous_5)
FNDA:6,(anonymous_6)
DA:5,10
DA:6,39
DA:9,19
DA:12,10
DA:13,16
DA:14,16
DA:15,16
DA:16,16
DA:17,16
DA:18,261
DA:19,261
DA:20,28
DA:21,28
DA:22,28
DA:23,28
DA:24,28
DA:25,28
DA:26,28
DA:27,233
DA:28,28
DA:29,28
DA:30,17
DA:31,17
DA:33,28
DA:34,205
DA:35,4
DA:36,4
DA:37,4
DA:39,201
DA:42,16
DA:48,10
DA:49,42
DA:50,42
DA:51,21
DA:53,23
DA:60,10
DA:61,12
DA:62,12
DA:63,5
DA:65,7
DA:66,1
DA:68,6
LF:42
LH:42
BRDA:19,0,0,28
BRDA:19,0,1,233
BRDA:23,1,0,28
BRDA:23,1,1,28
BRDA:27,2,0,28
BRDA:27,2,1,205
BRDA:29,3,0,17
BRDA:29,3,1,11
BRDA:34,4,0,4
BRDA:34,4,1,201
BRDA:50,5,0,21
BRDA:50,5,1,21
BRDA:62,6,0,5
BRDA:62,6,1,7
BRDA:65,7,0,1
BRDA:65,7,1,6
BRF:16
BRH:16
end_of_record
TN:
SF:src/tool/getDefinition.ts
FN:6,(anonymous_0)
FNF:1
FNH:1
FNDA:17,(anonymous_0)
DA:6,10
DA:7,17
LF:2
LH:2
BRF:0
BRH:0
end_of_record
TN:
SF:src/tool/isReference.ts
FN:3,(anonymous_0)
FNF:1
FNH:1
FNDA:51,(anonymous_0)
DA:3,9
DA:4,51
LF:2
LH:2
BRF:0
BRH:0
end_of_record
TN:
SF:src/tool/log.ts
FN:7,info
FN:12,error
FN:17,warn
FNF:3
FNH:3
FNDA:2,info
FNDA:1,error
FNDA:1,warn
DA:2,10
DA:4,10
DA:7,10
DA:8,2
DA:12,10
DA:13,1
DA:17,10
DA:18,1
LF:8
LH:8
BRF:0
BRH:0
end_of_record
TN:
SF:src/tool/patchGlobalDefinitionMap.ts
FN:3,(anonymous_0)
FNF:1
FNH:1
FNDA:47,(anonymous_0)
DA:3,9
DA:4,47
DA:5,16
LF:3
LH:3
BRDA:3,0,0,47
BRDA:4,1,0,16
BRDA:4,1,1,31
BRF:3
BRH:3
end_of_record
TN:
SF:src/tool/prettierWrite.ts
FN:8,(anonymous_0)
FNF:1
FNH:1
FNDA:6,(anonymous_0)
DA:1,9
DA:3,9
DA:8,9
DA:9,6
DA:10,6
LF:5
LH:5
BRF:0
BRH:0
end_of_record
TN:
SF:src/tool/schemaToTypescript.ts
FN:13,(anonymous_0)
FN:16,(anonymous_1)
FN:22,(anonymous_2)
FN:31,(anonymous_3)
FN:48,(anonymous_4)
FN:61,(anonymous_5)
FNF:6
FNH:6
FNDA:270,(anonymous_0)
FNDA:41,(anonymous_1)
FNDA:270,(anonymous_2)
FNDA:2,(anonymous_3)
FNDA:2,(anonymous_4)
FNDA:35,(anonymous_5)
DA:4,10
DA:7,10
DA:9,10
DA:13,270
DA:16,10
DA:17,41
DA:18,41
DA:22,10
DA:23,270
DA:24,35
DA:26,235
DA:27,235
DA:28,5
DA:30,230
DA:31,2
DA:33,229
DA:34,41
DA:36,188
DA:38,39
DA:40,2
DA:42,3
DA:45,31
DA:47,15
DA:48,2
DA:50,14
DA:51,1
DA:53,13
DA:56,36
DA:57,2
DA:59,34
DA:60,34
DA:61,29
DA:62,35
DA:63,35
DA:66,34
DA:67,28
DA:69,6
DA:70,6
DA:73,6
DA:74,1
DA:76,5
DA:79,62
DA:83,10
LF:43
LH:43
BRDA:18,0,0,32
BRDA:18,0,1,9
BRDA:23,1,0,35
BRDA:23,1,1,235
BRDA:27,2,0,5
BRDA:27,2,1,230
BRDA:30,3,0,1
BRDA:30,3,1,229
BRDA:33,4,0,41
BRDA:33,4,1,188
BRDA:37,5,0,39
BRDA:37,5,1,2
BRDA:37,5,2,3
BRDA:37,5,3,31
BRDA:37,5,4,31
BRDA:37,5,5,15
BRDA:37,5,6,36
BRDA:37,5,7,62
BRDA:47,6,0,1
BRDA:47,6,1,14
BRDA:50,7,0,1
BRDA:50,7,1,13
BRDA:56,8,0,2
BRDA:56,8,1,34
BRDA:56,9,0,36
BRDA:56,9,1,7
BRDA:60,10,0,29
BRDA:60,10,1,5
BRDA:62,11,0,24
BRDA:62,11,1,11
BRDA:62,12,0,35
BRDA:62,12,1,34
BRDA:66,13,0,28
BRDA:66,13,1,6
BRDA:71,14,0,1
BRDA:71,14,1,5
BRDA:73,15,0,1
BRDA:73,15,1,5
BRF:38
BRH:38
end_of_record
TN:
SF:src/tool/transformSwaggerPathToRouterPath.ts
FN:2,(anonymous_0)
FN:6,(anonymous_1)
FNF:2
FNH:2
FNDA:42,(anonymous_0)
FNDA:70,(anonymous_1)
DA:2,10
DA:3,42
DA:4,21
DA:7,70
DA:8,70
DA:9,22
DA:11,48
DA:15,21
LF:8
LH:8
BRDA:3,0,0,21
BRDA:3,0,1,21
BRDA:8,1,0,22
BRDA:8,1,1,48
BRF:4
BRH:4
end_of_record
TN:
SF:src/tool/translate.ts
FN:13,translate
FNF:1
FNH:1
FNDA:3,translate
DA:1,10
DA:5,10
DA:13,10
DA:14,3
DA:15,3
DA:20,2
DA:22,1
LF:7
LH:7
BRF:0
BRH:0
end_of_record
TN:
SF:src/tool/traverseSchema.ts
FN:11,(anonymous_0)
FN:12,traverseSchemaNode
FN:28,(anonymous_2)
FN:29,(anonymous_3)
FNF:4
FNH:4
FNDA:96,(anonymous_0)
FNDA:7301,traverseSchemaNode
FNDA:55,(anonymous_2)
FNDA:1110,(anonymous_3)
DA:1,11
DA:11,11
DA:12,96
DA:14,7301
DA:15,362
DA:17,6939
DA:23,6939
DA:28,11
DA:29,55
DA:30,1110
DA:31,41
LF:11
LH:11
BRDA:14,0,0,362
BRDA:14,0,1,6939
BRDA:14,1,0,7301
BRDA:14,1,1,7301
BRDA:14,1,2,7205
BRDA:20,2,0,6939
BRDA:20,2,1,0
BRDA:30,3,0,41
BRDA:30,3,1,1069
BRDA:30,4,0,1110
BRDA:30,4,1,41
BRF:11
BRH:10
end_of_record
